:Monkey: seed=0 count=10000
:AllowPackage: com.addi
:IncludeCategory: android.intent.category.LAUNCHER
:IncludeCategory: android.intent.category.MONKEY
// Event percentages:
//   0: 15.0%
//   1: 10.0%
//   2: 15.0%
//   3: 25.0%
//   4: 15.0%
//   5: 2.0%
//   6: 2.0%
//   7: 1.0%
//   8: 15.0%
:Switch: #Intent;action=android.intent.action.MAIN;category=android.intent.category.LAUNCHER;launchFlags=0x10000000;component=com.addi/.Addi;end
    // Allowing start of Intent { act=android.intent.action.MAIN cat=[android.intent.category.LAUNCHER] cmp=com.addi/.Addi } in package com.addi
:Sending Pointer ACTION_DOWN x=234.0 y=197.0
:Sending Pointer ACTION_UP x=238.0 y=190.0
    // Rejecting start of Intent { act=android.intent.action.CALL_BUTTON cmp=com.android.contacts/.DialtactsActivity } in package com.android.contacts
:Sending Pointer ACTION_DOWN x=56.0 y=280.0
:Sending Pointer ACTION_UP x=69.0 y=271.0
    // Rejecting start of Intent { act=android.intent.action.VIEW dat=http://addi.googlecode.com cmp=com.android.browser/.BrowserActivity } in package com.android.browser
:Sending Pointer ACTION_MOVE x=-1.0 y=1.0
:Sending Pointer ACTION_DOWN x=28.0 y=490.0
:Sending Pointer ACTION_UP x=28.0 y=490.0
:Sending Pointer ACTION_DOWN x=403.0 y=645.0
:Sending Pointer ACTION_UP x=397.0 y=661.0
:Sending Pointer ACTION_MOVE x=-1.0 y=-1.0
:Sending Pointer ACTION_DOWN x=98.0 y=752.0
:Sending Pointer ACTION_UP x=98.0 y=752.0
:Sending Pointer ACTION_MOVE x=0.0 y=-5.0
:Sending Pointer ACTION_DOWN x=264.0 y=458.0
:Sending Pointer ACTION_UP x=264.0 y=458.0
:Sending Pointer ACTION_DOWN x=113.0 y=170.0
:Sending Pointer ACTION_UP x=98.0 y=156.0
    //[calendar_time:2014-08-25 08:44:32.485  system_uptime:130920]
    // Sending event #100
:Sending Pointer ACTION_MOVE x=2.0 y=0.0
:Sending Pointer ACTION_DOWN x=196.0 y=463.0
:Sending Pointer ACTION_UP x=236.0 y=454.0
:Sending Pointer ACTION_DOWN x=107.0 y=579.0
:Sending Pointer ACTION_UP x=107.0 y=579.0
:Sending Pointer ACTION_MOVE x=4.0 y=1.0
:Sending Pointer ACTION_MOVE x=3.0 y=-1.0
:Sending Pointer ACTION_DOWN x=304.0 y=685.0
:Sending Pointer ACTION_UP x=317.0 y=674.0
    // Rejecting start of Intent { act=android.intent.action.VIEW dat=http://code.google.com/p/addi/wiki/Donate cmp=com.android.browser/.BrowserActivity } in package com.android.browser
:Sending Pointer ACTION_MOVE x=-3.0 y=-1.0
:Sending Pointer ACTION_MOVE x=-4.0 y=1.0
:Sending Pointer ACTION_DOWN x=102.0 y=574.0
:Sending Pointer ACTION_UP x=102.0 y=574.0
:Sending Pointer ACTION_DOWN x=106.0 y=130.0
    //[calendar_time:2014-08-25 08:44:36.598  system_uptime:135033]
    // Sending event #200
:Sending Pointer ACTION_UP x=115.0 y=120.0
:Sending Pointer ACTION_MOVE x=2.0 y=2.0
    // Rejecting start of Intent { act=android.intent.action.MAIN cat=[android.intent.category.HOME] cmp=com.android.launcher/com.android.launcher2.Launcher } in package com.android.launcher
:Sending Pointer ACTION_DOWN x=339.0 y=689.0
:Sending Pointer ACTION_UP x=339.0 y=689.0
:Sending Pointer ACTION_DOWN x=311.0 y=44.0
:Sending Pointer ACTION_UP x=311.0 y=44.0
:Sending Pointer ACTION_DOWN x=337.0 y=221.0
:Sending Pointer ACTION_UP x=337.0 y=221.0
:Sending Pointer ACTION_MOVE x=-4.0 y=4.0
    // Rejecting start of Intent { act=android.intent.action.CALL_BUTTON cmp=com.android.contacts/.DialtactsActivity } in package com.android.contacts
:Sending Pointer ACTION_DOWN x=437.0 y=183.0
:Sending Pointer ACTION_UP x=450.0 y=158.0
:Sending Pointer ACTION_DOWN x=5.0 y=58.0
:Sending Pointer ACTION_UP x=-4.0 y=58.0
:Sending Pointer ACTION_MOVE x=2.0 y=-2.0
    // Rejecting start of Intent { act=android.intent.action.MAIN cat=[android.intent.category.HOME] cmp=com.android.launcher/com.android.launcher2.Launcher } in package com.android.launcher
:Switch: #Intent;action=android.intent.action.MAIN;category=android.intent.category.LAUNCHER;launchFlags=0x10000000;component=com.addi/.Addi;end
    // Allowing start of Intent { act=android.intent.action.MAIN cat=[android.intent.category.LAUNCHER] cmp=com.addi/.Addi } in package com.addi
:Sending Pointer ACTION_DOWN x=80.0 y=200.0
:Sending Pointer ACTION_UP x=80.0 y=200.0
    // Rejecting start of Intent { act=android.intent.action.VIEW dat=http://addi.googlecode.com cmp=com.android.browser/.BrowserActivity } in package com.android.browser
    //[calendar_time:2014-08-25 08:44:40.488  system_uptime:138922]
    // Sending event #300
    //[calendar_time:2014-08-25 08:44:40.492  system_uptime:138927]
    // Sending event #300
:Sending Pointer ACTION_MOVE x=2.0 y=-4.0
:Sending Pointer ACTION_DOWN x=278.0 y=104.0
:Sending Pointer ACTION_UP x=278.0 y=104.0
:Sending Pointer ACTION_MOVE x=-3.0 y=4.0
:Sending Pointer ACTION_DOWN x=380.0 y=319.0
:Sending Pointer ACTION_UP x=380.0 y=319.0
:Sending Pointer ACTION_MOVE x=2.0 y=4.0
    // Rejecting start of Intent { act=android.intent.action.VIEW dat=http://code.google.com/p/addi/wiki/Donate cmp=com.android.browser/.BrowserActivity } in package com.android.browser
:Sending Pointer ACTION_MOVE x=4.0 y=-2.0
:Sending Pointer ACTION_DOWN x=318.0 y=142.0
:Sending Pointer ACTION_UP x=318.0 y=142.0
:Sending Pointer ACTION_MOVE x=-5.0 y=0.0
:Sending Pointer ACTION_DOWN x=417.0 y=796.0
:Sending Pointer ACTION_UP x=412.0 y=-14.0
:Sending Pointer ACTION_DOWN x=182.0 y=84.0
:Sending Pointer ACTION_UP x=182.0 y=84.0
:Sending Pointer ACTION_DOWN x=19.0 y=228.0
:Sending Pointer ACTION_UP x=23.0 y=237.0
    // Rejecting start of Intent { act=android.intent.action.CALL_BUTTON cmp=com.android.contacts/.DialtactsActivity } in package com.android.contacts
:Sending Pointer ACTION_DOWN x=11.0 y=702.0
    //[calendar_time:2014-08-25 08:44:45.898  system_uptime:144334]
    // Sending event #400
:Sending Pointer ACTION_UP x=11.0 y=702.0
:Sending Pointer ACTION_DOWN x=424.0 y=48.0
:Sending Pointer ACTION_UP x=415.0 y=28.0
:Sending Pointer ACTION_MOVE x=-1.0 y=0.0
:Sending Pointer ACTION_DOWN x=306.0 y=601.0
:Sending Pointer ACTION_UP x=306.0 y=601.0
:Sending Pointer ACTION_DOWN x=116.0 y=449.0
:Sending Pointer ACTION_UP x=126.0 y=434.0
:Sending Pointer ACTION_DOWN x=336.0 y=525.0
:Sending Pointer ACTION_UP x=336.0 y=525.0
:Sending Pointer ACTION_DOWN x=27.0 y=609.0
:Sending Pointer ACTION_UP x=27.0 y=609.0
:Sending Pointer ACTION_DOWN x=44.0 y=89.0
:Sending Pointer ACTION_UP x=53.0 y=99.0
:Sending Pointer ACTION_DOWN x=126.0 y=450.0
:Sending Pointer ACTION_UP x=126.0 y=450.0
:Switch: #Intent;action=android.intent.action.MAIN;category=android.intent.category.LAUNCHER;launchFlags=0x10000000;component=com.addi/.Addi;end
    // Allowing start of Intent { act=android.intent.action.MAIN cat=[android.intent.category.LAUNCHER] cmp=com.addi/.Addi } in package com.addi
:Sending Pointer ACTION_DOWN x=231.0 y=14.0
:Sending Pointer ACTION_UP x=231.0 y=14.0
:Sending Pointer ACTION_MOVE x=4.0 y=3.0
:Sending Pointer ACTION_DOWN x=278.0 y=582.0
:Sending Pointer ACTION_UP x=278.0 y=582.0
:Sending Pointer ACTION_DOWN x=451.0 y=437.0
:Sending Pointer ACTION_UP x=451.0 y=437.0
:Sending Pointer ACTION_DOWN x=98.0 y=44.0
:Sending Pointer ACTION_UP x=98.0 y=44.0
    //[calendar_time:2014-08-25 08:44:49.176  system_uptime:147611]
    // Sending event #500
    //[calendar_time:2014-08-25 08:44:49.181  system_uptime:147617]
    // Sending event #500
:Sending Pointer ACTION_DOWN x=472.0 y=768.0
:Sending Pointer ACTION_UP x=472.0 y=768.0
:Sending Pointer ACTION_DOWN x=103.0 y=92.0
:Sending Pointer ACTION_UP x=103.0 y=92.0
:Switch: #Intent;action=android.intent.action.MAIN;category=android.intent.category.LAUNCHER;launchFlags=0x10000000;component=com.addi/.Addi;end
    // Allowing start of Intent { act=android.intent.action.MAIN cat=[android.intent.category.LAUNCHER] cmp=com.addi/.Addi } in package com.addi
:Sending Pointer ACTION_DOWN x=216.0 y=252.0
:Sending Pointer ACTION_UP x=216.0 y=252.0
:Sending Pointer ACTION_MOVE x=4.0 y=-2.0
:Sending Pointer ACTION_DOWN x=428.0 y=212.0
:Sending Pointer ACTION_UP x=428.0 y=212.0
:Sending Pointer ACTION_DOWN x=164.0 y=545.0
:Sending Pointer ACTION_UP x=176.0 y=559.0
:Sending Pointer ACTION_DOWN x=367.0 y=799.0
:Sending Pointer ACTION_UP x=367.0 y=799.0
:Sending Pointer ACTION_DOWN x=57.0 y=269.0
:Sending Pointer ACTION_UP x=57.0 y=269.0
:Sending Pointer ACTION_DOWN x=128.0 y=32.0
:Sending Pointer ACTION_UP x=128.0 y=32.0
:Sending Pointer ACTION_MOVE x=-4.0 y=-4.0
:Sending Pointer ACTION_MOVE x=-2.0 y=-4.0
:Switch: #Intent;action=android.intent.action.MAIN;category=android.intent.category.LAUNCHER;launchFlags=0x10000000;component=com.addi/.Addi;end
    // Allowing start of Intent { act=android.intent.action.MAIN cat=[android.intent.category.LAUNCHER] cmp=com.addi/.Addi } in package com.addi
:Sending Pointer ACTION_DOWN x=429.0 y=152.0
:Sending Pointer ACTION_UP x=429.0 y=152.0
:Sending Pointer ACTION_DOWN x=326.0 y=249.0
:Sending Pointer ACTION_UP x=326.0 y=249.0
:Sending Pointer ACTION_MOVE x=-3.0 y=-3.0
    //[calendar_time:2014-08-25 08:44:55.207  system_uptime:153642]
    // Sending event #600
:Sending Pointer ACTION_DOWN x=67.0 y=402.0
:Sending Pointer ACTION_UP x=67.0 y=402.0
:Sending Pointer ACTION_MOVE x=-2.0 y=0.0
    // Rejecting start of Intent { act=android.intent.action.CALL_BUTTON cmp=com.android.contacts/.DialtactsActivity } in package com.android.contacts
:Sending Pointer ACTION_DOWN x=356.0 y=711.0
:Sending Pointer ACTION_UP x=367.0 y=717.0
:Sending Pointer ACTION_MOVE x=1.0 y=4.0
:Sending Pointer ACTION_DOWN x=54.0 y=198.0
:Sending Pointer ACTION_UP x=54.0 y=198.0
:Sending Pointer ACTION_DOWN x=208.0 y=541.0
:Sending Pointer ACTION_UP x=208.0 y=541.0
:Sending Pointer ACTION_MOVE x=2.0 y=-1.0
:Switch: #Intent;action=android.intent.action.MAIN;category=android.intent.category.LAUNCHER;launchFlags=0x10000000;component=com.addi/.Addi;end
    // Allowing start of Intent { act=android.intent.action.MAIN cat=[android.intent.category.LAUNCHER] cmp=com.addi/.Addi } in package com.addi
:Sending Pointer ACTION_DOWN x=241.0 y=520.0
:Sending Pointer ACTION_UP x=241.0 y=520.0
:Sending Pointer ACTION_DOWN x=430.0 y=83.0
:Sending Pointer ACTION_UP x=447.0 y=83.0
:Sending Pointer ACTION_DOWN x=265.0 y=613.0
:Sending Pointer ACTION_UP x=265.0 y=613.0
    //[calendar_time:2014-08-25 08:45:00.789  system_uptime:159224]
    // Sending event #700
:Switch: #Intent;action=android.intent.action.MAIN;category=android.intent.category.LAUNCHER;launchFlags=0x10000000;component=com.addi/.Addi;end
    // Allowing start of Intent { act=android.intent.action.MAIN cat=[android.intent.category.LAUNCHER] cmp=com.addi/.Addi } in package com.addi
:Switch: #Intent;action=android.intent.action.MAIN;category=android.intent.category.LAUNCHER;launchFlags=0x10000000;component=com.addi/.Addi;end
    // Allowing start of Intent { act=android.intent.action.MAIN cat=[android.intent.category.LAUNCHER] cmp=com.addi/.Addi } in package com.addi
:Sending Pointer ACTION_DOWN x=318.0 y=520.0
:Sending Pointer ACTION_UP x=318.0 y=520.0
:Sending Pointer ACTION_MOVE x=2.0 y=1.0
:Sending Pointer ACTION_DOWN x=388.0 y=614.0
:Sending Pointer ACTION_UP x=386.0 y=595.0
:Sending Pointer ACTION_DOWN x=305.0 y=352.0
:Sending Pointer ACTION_UP x=305.0 y=352.0
:Sending Pointer ACTION_DOWN x=295.0 y=797.0
:Sending Pointer ACTION_UP x=295.0 y=797.0
:Sending Pointer ACTION_DOWN x=447.0 y=8.0
:Sending Pointer ACTION_UP x=447.0 y=8.0
:Sending Pointer ACTION_DOWN x=326.0 y=623.0
:Sending Pointer ACTION_UP x=326.0 y=623.0
:Sending Pointer ACTION_DOWN x=14.0 y=548.0
:Sending Pointer ACTION_UP x=13.0 y=548.0
:Sending Pointer ACTION_DOWN x=168.0 y=506.0
:Sending Pointer ACTION_UP x=168.0 y=506.0
:Sending Pointer ACTION_DOWN x=359.0 y=662.0
:Sending Pointer ACTION_UP x=359.0 y=662.0
:Sending Pointer ACTION_DOWN x=479.0 y=758.0
:Sending Pointer ACTION_UP x=479.0 y=758.0
:Sending Pointer ACTION_MOVE x=-3.0 y=1.0
:Sending Pointer ACTION_MOVE x=4.0 y=1.0
    //[calendar_time:2014-08-25 08:45:07.934  system_uptime:166370]
    // Sending event #800
:Sending Pointer ACTION_DOWN x=18.0 y=246.0
:Sending Pointer ACTION_UP x=18.0 y=246.0
:Sending Pointer ACTION_DOWN x=262.0 y=708.0
:Sending Pointer ACTION_UP x=262.0 y=708.0
:Sending Pointer ACTION_DOWN x=459.0 y=394.0
:Sending Pointer ACTION_UP x=459.0 y=394.0
:Sending Pointer ACTION_MOVE x=0.0 y=3.0
:Sending Pointer ACTION_MOVE x=-2.0 y=-5.0
:Sending Pointer ACTION_MOVE x=-3.0 y=-3.0
:Sending Pointer ACTION_MOVE x=4.0 y=-3.0
:Sending Pointer ACTION_MOVE x=-4.0 y=-1.0
:Switch: #Intent;action=android.intent.action.MAIN;category=android.intent.category.LAUNCHER;launchFlags=0x10000000;component=com.addi/.Addi;end
    // Allowing start of Intent { act=android.intent.action.MAIN cat=[android.intent.category.LAUNCHER] cmp=com.addi/.Addi } in package com.addi
:Sending Pointer ACTION_DOWN x=37.0 y=393.0
:Sending Pointer ACTION_UP x=37.0 y=393.0
:Sending Pointer ACTION_MOVE x=-2.0 y=-1.0
:Sending Pointer ACTION_MOVE x=-5.0 y=-1.0
    //[calendar_time:2014-08-25 08:45:14.624  system_uptime:173059]
    // Sending event #900
:Sending Pointer ACTION_UP x=0.0 y=0.0
:Sending Pointer ACTION_DOWN x=83.0 y=482.0
:Sending Pointer ACTION_UP x=83.0 y=482.0
:Sending Pointer ACTION_DOWN x=429.0 y=577.0
:Sending Pointer ACTION_UP x=429.0 y=577.0
    // Rejecting start of Intent { act=android.intent.action.CALL_BUTTON cmp=com.android.contacts/.DialtactsActivity } in package com.android.contacts
:Sending Pointer ACTION_DOWN x=345.0 y=399.0
:Sending Pointer ACTION_UP x=349.0 y=400.0
:Sending Pointer ACTION_MOVE x=-3.0 y=4.0
:Sending Pointer ACTION_MOVE x=1.0 y=-5.0
:Sending Pointer ACTION_UP x=0.0 y=0.0
:Sending Pointer ACTION_MOVE x=-4.0 y=-5.0
:Sending Pointer ACTION_DOWN x=198.0 y=512.0
:Sending Pointer ACTION_UP x=181.0 y=494.0
:Sending Pointer ACTION_DOWN x=25.0 y=239.0
    //[calendar_time:2014-08-25 08:45:19.639  system_uptime:178074]
    // Sending event #1000
:Sending Pointer ACTION_UP x=5.0 y=245.0
:Sending Pointer ACTION_MOVE x=-1.0 y=2.0
:Sending Pointer ACTION_DOWN x=239.0 y=152.0
:Sending Pointer ACTION_UP x=239.0 y=152.0
:Sending Pointer ACTION_MOVE x=-3.0 y=-4.0
:Sending Pointer ACTION_DOWN x=187.0 y=222.0
:Sending Pointer ACTION_UP x=187.0 y=222.0
:Sending Pointer ACTION_MOVE x=1.0 y=-4.0
:Sending Pointer ACTION_MOVE x=3.0 y=-3.0
:Switch: #Intent;action=android.intent.action.MAIN;category=android.intent.category.LAUNCHER;launchFlags=0x10000000;component=com.addi/.Addi;end
    // Allowing start of Intent { act=android.intent.action.MAIN cat=[android.intent.category.LAUNCHER] cmp=com.addi/.Addi } in package com.addi
:Sending Pointer ACTION_MOVE x=-4.0 y=-5.0
:Sending Pointer ACTION_MOVE x=-2.0 y=4.0
:Sending Pointer ACTION_DOWN x=134.0 y=582.0
:Sending Pointer ACTION_UP x=134.0 y=582.0
:Sending Pointer ACTION_MOVE x=3.0 y=2.0
    //[calendar_time:2014-08-25 08:45:24.998  system_uptime:183434]
    // Sending event #1100
:Sending Pointer ACTION_DOWN x=45.0 y=556.0
:Sending Pointer ACTION_UP x=45.0 y=556.0
:Sending Pointer ACTION_DOWN x=156.0 y=788.0
:Sending Pointer ACTION_UP x=156.0 y=788.0
:Sending Pointer ACTION_DOWN x=468.0 y=4.0
:Sending Pointer ACTION_UP x=465.0 y=7.0
:Sending Pointer ACTION_DOWN x=310.0 y=761.0
:Sending Pointer ACTION_UP x=310.0 y=761.0
:Sending Pointer ACTION_MOVE x=-3.0 y=-1.0
:Sending Pointer ACTION_DOWN x=426.0 y=203.0
:Sending Pointer ACTION_UP x=426.0 y=203.0
:Sending Pointer ACTION_DOWN x=264.0 y=42.0
:Sending Pointer ACTION_UP x=264.0 y=42.0
:Sending Pointer ACTION_DOWN x=448.0 y=691.0
:Sending Pointer ACTION_UP x=434.0 y=688.0
:Sending Pointer ACTION_MOVE x=2.0 y=-4.0
:Sending Pointer ACTION_UP x=0.0 y=0.0
:Sending Pointer ACTION_MOVE x=-2.0 y=0.0
:Sending Pointer ACTION_DOWN x=255.0 y=359.0
:Sending Pointer ACTION_UP x=255.0 y=359.0
:Sending Pointer ACTION_DOWN x=147.0 y=149.0
:Sending Pointer ACTION_UP x=192.0 y=158.0
:Sending Pointer ACTION_DOWN x=257.0 y=636.0
:Sending Pointer ACTION_UP x=257.0 y=636.0
:Sending Pointer ACTION_DOWN x=125.0 y=106.0
    //[calendar_time:2014-08-25 08:45:30.552  system_uptime:188986]
    // Sending event #1200
:Sending Pointer ACTION_UP x=125.0 y=106.0
:Sending Pointer ACTION_MOVE x=-1.0 y=-3.0
:Sending Pointer ACTION_MOVE x=0.0 y=4.0
:Sending Pointer ACTION_DOWN x=371.0 y=237.0
:Sending Pointer ACTION_UP x=371.0 y=237.0
:Sending Pointer ACTION_DOWN x=50.0 y=10.0
:Sending Pointer ACTION_UP x=50.0 y=10.0
:Sending Pointer ACTION_DOWN x=344.0 y=161.0
:Sending Pointer ACTION_UP x=344.0 y=161.0
:Sending Pointer ACTION_DOWN x=203.0 y=119.0
:Sending Pointer ACTION_UP x=203.0 y=119.0
:Sending Pointer ACTION_DOWN x=316.0 y=187.0
:Sending Pointer ACTION_UP x=316.0 y=187.0
:Sending Pointer ACTION_MOVE x=-4.0 y=-3.0
:Sending Pointer ACTION_UP x=0.0 y=0.0
:Sending Pointer ACTION_MOVE x=-2.0 y=3.0
:Sending Pointer ACTION_DOWN x=226.0 y=45.0
:Sending Pointer ACTION_UP x=236.0 y=60.0
:Sending Pointer ACTION_DOWN x=340.0 y=473.0
:Sending Pointer ACTION_UP x=340.0 y=473.0
:Sending Pointer ACTION_DOWN x=433.0 y=337.0
:Sending Pointer ACTION_UP x=433.0 y=337.0
:Sending Pointer ACTION_DOWN x=207.0 y=718.0
:Sending Pointer ACTION_UP x=207.0 y=718.0
:Sending Pointer ACTION_DOWN x=207.0 y=82.0
    //[calendar_time:2014-08-25 08:45:37.517  system_uptime:195951]
    // Sending event #1300
:Sending Pointer ACTION_UP x=234.0 y=77.0
:Sending Pointer ACTION_DOWN x=408.0 y=569.0
:Sending Pointer ACTION_UP x=404.0 y=550.0
:Sending Pointer ACTION_DOWN x=367.0 y=157.0
:Sending Pointer ACTION_UP x=369.0 y=165.0
:Sending Pointer ACTION_DOWN x=354.0 y=571.0
:Sending Pointer ACTION_UP x=354.0 y=571.0
:Sending Pointer ACTION_DOWN x=51.0 y=783.0
:Sending Pointer ACTION_UP x=51.0 y=783.0
:Sending Pointer ACTION_DOWN x=118.0 y=258.0
:Sending Pointer ACTION_UP x=118.0 y=260.0
:Sending Pointer ACTION_DOWN x=409.0 y=282.0
:Sending Pointer ACTION_UP x=409.0 y=282.0
:Sending Pointer ACTION_MOVE x=2.0 y=1.0
:Sending Pointer ACTION_MOVE x=-3.0 y=3.0
:Sending Pointer ACTION_DOWN x=431.0 y=536.0
:Sending Pointer ACTION_UP x=447.0 y=515.0
:Sending Pointer ACTION_MOVE x=-4.0 y=1.0
    //[calendar_time:2014-08-25 08:45:44.289  system_uptime:202724]
    // Sending event #1400
:Sending Pointer ACTION_DOWN x=330.0 y=573.0
:Sending Pointer ACTION_UP x=330.0 y=573.0
:Sending Pointer ACTION_MOVE x=-1.0 y=0.0
:Sending Pointer ACTION_DOWN x=108.0 y=127.0
:Sending Pointer ACTION_UP x=102.0 y=126.0
:Sending Pointer ACTION_MOVE x=3.0 y=-3.0
:Sending Pointer ACTION_DOWN x=232.0 y=304.0
:Sending Pointer ACTION_UP x=232.0 y=304.0
:Sending Pointer ACTION_MOVE x=-1.0 y=1.0
:Sending Pointer ACTION_DOWN x=249.0 y=795.0
:Sending Pointer ACTION_UP x=252.0 y=794.0
    // Rejecting start of Intent { act=android.intent.action.MAIN cat=[android.intent.category.HOME] cmp=com.android.launcher/com.android.launcher2.Launcher } in package com.android.launcher
:Sending Pointer ACTION_MOVE x=-1.0 y=0.0
:Sending Pointer ACTION_MOVE x=-1.0 y=-4.0
:Sending Pointer ACTION_MOVE x=-5.0 y=-2.0
    //[calendar_time:2014-08-25 08:45:50.198  system_uptime:208633]
    // Sending event #1500
:Sending Pointer ACTION_DOWN x=293.0 y=71.0
:Sending Pointer ACTION_UP x=293.0 y=71.0
:Sending Pointer ACTION_MOVE x=-5.0 y=-1.0
:Sending Pointer ACTION_MOVE x=-3.0 y=1.0
:Sending Pointer ACTION_DOWN x=387.0 y=436.0
:Sending Pointer ACTION_UP x=387.0 y=436.0
:Sending Pointer ACTION_DOWN x=126.0 y=474.0
:Sending Pointer ACTION_UP x=126.0 y=474.0
:Sending Pointer ACTION_MOVE x=-1.0 y=3.0
:Sending Pointer ACTION_DOWN x=53.0 y=455.0
:Sending Pointer ACTION_UP x=53.0 y=455.0
:Sending Pointer ACTION_DOWN x=241.0 y=365.0
:Sending Pointer ACTION_UP x=241.0 y=365.0
:Sending Pointer ACTION_DOWN x=431.0 y=417.0
:Sending Pointer ACTION_UP x=431.0 y=417.0
:Sending Pointer ACTION_MOVE x=2.0 y=-3.0
:Sending Pointer ACTION_DOWN x=172.0 y=26.0
:Sending Pointer ACTION_UP x=174.0 y=24.0
:Sending Pointer ACTION_DOWN x=63.0 y=298.0
    //[calendar_time:2014-08-25 08:45:55.858  system_uptime:214293]
    // Sending event #1600
:Sending Pointer ACTION_UP x=63.0 y=298.0
:Sending Pointer ACTION_DOWN x=182.0 y=144.0
:Sending Pointer ACTION_UP x=182.0 y=144.0
:Sending Pointer ACTION_MOVE x=-2.0 y=-3.0
:Sending Pointer ACTION_UP x=0.0 y=0.0
:Sending Pointer ACTION_MOVE x=2.0 y=4.0
:Sending Pointer ACTION_DOWN x=261.0 y=640.0
:Sending Pointer ACTION_UP x=261.0 y=640.0
:Sending Pointer ACTION_MOVE x=3.0 y=0.0
:Sending Pointer ACTION_UP x=0.0 y=0.0
:Sending Pointer ACTION_DOWN x=178.0 y=730.0
:Sending Pointer ACTION_UP x=179.0 y=735.0
:Sending Pointer ACTION_MOVE x=3.0 y=0.0
:Sending Pointer ACTION_DOWN x=187.0 y=134.0
:Sending Pointer ACTION_UP x=180.0 y=131.0
    //[calendar_time:2014-08-25 08:46:01.673  system_uptime:220107]
    // Sending event #1700
    //[calendar_time:2014-08-25 08:46:01.677  system_uptime:220114]
    // Sending event #1700
:Sending Pointer ACTION_DOWN x=378.0 y=152.0
// CRASH: com.addi (pid 1304)
// Short Msg: android.content.ActivityNotFoundException
// Long Msg: android.content.ActivityNotFoundException: No Activity found to handle Intent { act=android.intent.action.VIEW dat=market://details?id=org.openintents.filemanager }
// Build Label: Android/full_x86/generic_x86:2.3.7/GINGERBREAD/eng.juntian.20111231.141301:eng/test-keys
// Build Changelist: eng.juntian.20111231.141301
// Build Time: 1325312041000
// android.content.ActivityNotFoundException: No Activity found to handle Intent { act=android.intent.action.VIEW dat=market://details?id=org.openintents.filemanager }
// 	at android.app.Instrumentation.checkStartActivityResult(Instrumentation.java:1409)
// 	at android.app.Instrumentation.execStartActivity(Instrumentation.java:1379)
// 	at android.app.Activity.startActivityForResult(Activity.java:2827)
// 	at android.app.Activity.startActivity(Activity.java:2933)
// 	at com.addi.Addi$11.onClick(Addi.java:653)
// 	at com.android.internal.app.AlertController$ButtonHandler.handleMessage(AlertController.java:159)
// 	at android.os.Handler.dispatchMessage(Handler.java:99)
// 	at android.os.Looper.loop(Looper.java:130)
// 	at android.app.ActivityThread.main(ActivityThread.java:3683)
// 	at java.lang.reflect.Method.invokeNative(Native Method)
// 	at java.lang.reflect.Method.invoke(Method.java:507)
// 	at com.android.internal.os.ZygoteInit$MethodAndArgsCaller.run(ZygoteInit.java:839)
// 	at com.android.internal.os.ZygoteInit.main(ZygoteInit.java:597)
// 	at dalvik.system.NativeStart.main(Native Method)
// 
** Monkey aborted due to error.
Events injected: 1705
:Dropped: keys=2 pointers=26 trackballs=0 flips=0
## Network stats: elapsed time=100141ms (100141ms mobile, 0ms wifi, 0ms not connected)
** System appears to have crashed at event 1705 of 10000 using seed 0
