Buildfile: /vagrant/subjects/tool_subjects/dynodroid/org.liberty.android.fantastischmemo_135_src/build.xml

emma:

-set-mode-check:

-set-debug-files:

-check-env:
 [checkenv] Android SDK Tools Revision 23.0.2
 [checkenv] Installed at /home/vagrant/android-sdk-linux

-setup:
     [echo] Project Name: MainTabs
  [gettype] Project Type: Self-Tested Application

-set-debug-mode:

-debug-obfuscation-check:

-pre-build:

-build-setup:
[getbuildtools] Using latest Build Tools: 20.0.0
     [echo] Resolving Build Target for MainTabs...
[gettarget] Project Target:   Android 2.3.3
[gettarget] API level:        10
     [echo] ----------
     [echo] Creating output directories if needed...
    [mkdir] Created dir: /vagrant/subjects/tool_subjects/dynodroid/org.liberty.android.fantastischmemo_135_src/bin
    [mkdir] Created dir: /vagrant/subjects/tool_subjects/dynodroid/org.liberty.android.fantastischmemo_135_src/bin/res
    [mkdir] Created dir: /vagrant/subjects/tool_subjects/dynodroid/org.liberty.android.fantastischmemo_135_src/bin/rsObj
    [mkdir] Created dir: /vagrant/subjects/tool_subjects/dynodroid/org.liberty.android.fantastischmemo_135_src/bin/rsLibs
    [mkdir] Created dir: /vagrant/subjects/tool_subjects/dynodroid/org.liberty.android.fantastischmemo_135_src/gen
    [mkdir] Created dir: /vagrant/subjects/tool_subjects/dynodroid/org.liberty.android.fantastischmemo_135_src/bin/classes
    [mkdir] Created dir: /vagrant/subjects/tool_subjects/dynodroid/org.liberty.android.fantastischmemo_135_src/bin/dexedLibs
     [echo] ----------
     [echo] Resolving Dependencies for MainTabs...
[dependency] Library dependencies:
[dependency] No Libraries
[dependency] 
[dependency] ------------------
[dependency] API<=15: Adding annotations.jar to the classpath.
     [echo] ----------
     [echo] Building Libraries with 'instrument'...
   [subant] No sub-builds to iterate on

-code-gen:
[mergemanifest] Merging AndroidManifest files into one.
[mergemanifest] Manifest merger disabled. Using project manifest only.
     [echo] Handling aidl files...
     [aidl] No AIDL files to compile.
     [echo] ----------
     [echo] Handling RenderScript files...
     [echo] ----------
     [echo] Handling Resources...
     [aapt] Generating resource IDs...
     [echo] ----------
     [echo] Handling BuildConfig class...
[buildconfig] Generating BuildConfig class.

-pre-compile:

-compile:
    [javac] Compiling 139 source files to /vagrant/subjects/tool_subjects/dynodroid/org.liberty.android.fantastischmemo_135_src/bin/classes
    [javac] Note: /vagrant/subjects/tool_subjects/dynodroid/org.liberty.android.fantastischmemo_135_src/src/oauth/signpost/AbstractOAuthProvider.java uses or overrides a deprecated API.
    [javac] Note: Recompile with -Xlint:deprecation for details.
    [javac] Note: Some input files use unchecked or unsafe operations.
    [javac] Note: Recompile with -Xlint:unchecked for details.
     [echo] Instrumenting classes from /vagrant/subjects/tool_subjects/dynodroid/org.liberty.android.fantastischmemo_135_src/bin/classes...

-post-compile:

-obfuscate:

-dex:
      [dex] input: /vagrant/subjects/tool_subjects/dynodroid/org.liberty.android.fantastischmemo_135_src/bin/classes
      [dex] input: /home/vagrant/android-sdk-linux/tools/support/annotations.jar
      [dex] input: /vagrant/subjects/tool_subjects/dynodroid/org.liberty.android.fantastischmemo_135_src/libs/httpmime-4.1.2.jar
      [dex] input: /vagrant/subjects/tool_subjects/dynodroid/org.liberty.android.fantastischmemo_135_src/libs/httpcore-4.1.2.jar
      [dex] input: /vagrant/subjects/tool_subjects/dynodroid/org.liberty.android.fantastischmemo_135_src/libs/apache-mime4j-core-0.7.jar
      [dex] input: /vagrant/subjects/tool_subjects/dynodroid/org.liberty.android.fantastischmemo_135_src/libs/httpclient-4.1.2.jar
      [dex] input: /home/vagrant/android-sdk-linux/tools/lib/emma_device.jar
      [dex] Pre-Dexing /home/vagrant/android-sdk-linux/tools/support/annotations.jar -> annotations-5442badee1f6d6457826eac12c92c46e.jar
      [dex] Pre-Dexing /vagrant/subjects/tool_subjects/dynodroid/org.liberty.android.fantastischmemo_135_src/libs/httpmime-4.1.2.jar -> httpmime-4.1.2-3d1845fd05c91ea43b2a1072051b5047.jar
      [dex] Pre-Dexing /vagrant/subjects/tool_subjects/dynodroid/org.liberty.android.fantastischmemo_135_src/libs/httpcore-4.1.2.jar -> httpcore-4.1.2-8faa67a5ddcd1e711602a5c061b3d2e9.jar
      [dex] Pre-Dexing /vagrant/subjects/tool_subjects/dynodroid/org.liberty.android.fantastischmemo_135_src/libs/apache-mime4j-core-0.7.jar -> apache-mime4j-core-0.7-1d14111f656100011244942af10c0aad.jar
      [dex] Pre-Dexing /vagrant/subjects/tool_subjects/dynodroid/org.liberty.android.fantastischmemo_135_src/libs/httpclient-4.1.2.jar -> httpclient-4.1.2-9880f06ff0f960ae4b59afe335ed8993.jar
      [dex] Pre-Dexing /home/vagrant/android-sdk-linux/tools/lib/emma_device.jar -> emma_device-e790229f52a04d2b195df6976ccc31d7.jar
      [dex] Converting compiled files and external libraries into /vagrant/subjects/tool_subjects/dynodroid/org.liberty.android.fantastischmemo_135_src/bin/classes.dex...
       [dx] Merged dex A (326 defs/520.6KiB) with dex B (2 defs/1.1KiB). Result is 328 defs/626.4KiB. Took 1.0s
       [dx] Merged dex A (328 defs/626.4KiB) with dex B (15 defs/17.6KiB). Result is 343 defs/801.3KiB. Took 0.4s
       [dx] Merged dex A (343 defs/801.3KiB) with dex B (163 defs/133.4KiB). Result is 506 defs/1202.4KiB. Took 0.4s
       [dx] Merged dex A (506 defs/1202.4KiB) with dex B (61 defs/79.1KiB). Result is 567 defs/1733.2KiB. Took 0.4s
       [dx] Result compacted from 2807.9KiB to 966.3KiB to save 1841.6KiB
       [dx] Merged dex A (567 defs/1733.2KiB) with dex B (273 defs/254.1KiB). Result is 840 defs/966.3KiB. Took 0.4s
       [dx] Merged dex A (840 defs/966.3KiB) with dex B (297 defs/326.8KiB). Result is 1137 defs/1556.5KiB. Took 0.2s

-crunch:
   [crunch] Crunching PNG Files in source dir: /vagrant/subjects/tool_subjects/dynodroid/org.liberty.android.fantastischmemo_135_src/res
   [crunch] To destination dir: /vagrant/subjects/tool_subjects/dynodroid/org.liberty.android.fantastischmemo_135_src/bin/res
   [crunch] Processing image to cache: /vagrant/subjects/tool_subjects/dynodroid/org.liberty.android.fantastischmemo_135_src/res/drawable/about.png => /vagrant/subjects/tool_subjects/dynodroid/org.liberty.android.fantastischmemo_135_src/bin/res/drawable/about.png
   [crunch]   (processed image to cache entry /vagrant/subjects/tool_subjects/dynodroid/org.liberty.android.fantastischmemo_135_src/bin/res/drawable/about.png: 0% size of source)
   [crunch] Processing image to cache: /vagrant/subjects/tool_subjects/dynodroid/org.liberty.android.fantastischmemo_135_src/res/drawable/alert_dialog_icon.png => /vagrant/subjects/tool_subjects/dynodroid/org.liberty.android.fantastischmemo_135_src/bin/res/drawable/alert_dialog_icon.png
   [crunch]   (processed image to cache entry /vagrant/subjects/tool_subjects/dynodroid/org.liberty.android.fantastischmemo_135_src/bin/res/drawable/alert_dialog_icon.png: 0% size of source)
   [crunch] Processing image to cache: /vagrant/subjects/tool_subjects/dynodroid/org.liberty.android.fantastischmemo_135_src/res/drawable/am_widget_frame.png => /vagrant/subjects/tool_subjects/dynodroid/org.liberty.android.fantastischmemo_135_src/bin/res/drawable/am_widget_frame.png
   [crunch]   (processed image to cache entry /vagrant/subjects/tool_subjects/dynodroid/org.liberty.android.fantastischmemo_135_src/bin/res/drawable/am_widget_frame.png: 59% size of source)
   [crunch] Processing image to cache: /vagrant/subjects/tool_subjects/dynodroid/org.liberty.android.fantastischmemo_135_src/res/drawable/audio.png => /vagrant/subjects/tool_subjects/dynodroid/org.liberty.android.fantastischmemo_135_src/bin/res/drawable/audio.png
   [crunch]   (processed image to cache entry /vagrant/subjects/tool_subjects/dynodroid/org.liberty.android.fantastischmemo_135_src/bin/res/drawable/audio.png: 0% size of source)
   [crunch] Processing image to cache: /vagrant/subjects/tool_subjects/dynodroid/org.liberty.android.fantastischmemo_135_src/res/drawable/back.png => /vagrant/subjects/tool_subjects/dynodroid/org.liberty.android.fantastischmemo_135_src/bin/res/drawable/back.png
   [crunch]   (processed image to cache entry /vagrant/subjects/tool_subjects/dynodroid/org.liberty.android.fantastischmemo_135_src/bin/res/drawable/back.png: 0% size of source)
   [crunch] Processing image to cache: /vagrant/subjects/tool_subjects/dynodroid/org.liberty.android.fantastischmemo_135_src/res/drawable/back_icon.png => /vagrant/subjects/tool_subjects/dynodroid/org.liberty.android.fantastischmemo_135_src/bin/res/drawable/back_icon.png
   [crunch]   (processed image to cache entry /vagrant/subjects/tool_subjects/dynodroid/org.liberty.android.fantastischmemo_135_src/bin/res/drawable/back_icon.png: 0% size of source)
   [crunch] Processing image to cache: /vagrant/subjects/tool_subjects/dynodroid/org.liberty.android.fantastischmemo_135_src/res/drawable/close.png => /vagrant/subjects/tool_subjects/dynodroid/org.liberty.android.fantastischmemo_135_src/bin/res/drawable/close.png
   [crunch]   (processed image to cache entry /vagrant/subjects/tool_subjects/dynodroid/org.liberty.android.fantastischmemo_135_src/bin/res/drawable/close.png: 0% size of source)
   [crunch] Processing image to cache: /vagrant/subjects/tool_subjects/dynodroid/org.liberty.android.fantastischmemo_135_src/res/drawable/color_picker_frame.9.png => /vagrant/subjects/tool_subjects/dynodroid/org.liberty.android.fantastischmemo_135_src/bin/res/drawable/color_picker_frame.9.png
   [crunch]   (processed image to cache entry /vagrant/subjects/tool_subjects/dynodroid/org.liberty.android.fantastischmemo_135_src/bin/res/drawable/color_picker_frame.9.png: 0% size of source)
   [crunch] Processing image to cache: /vagrant/subjects/tool_subjects/dynodroid/org.liberty.android.fantastischmemo_135_src/res/drawable/database.png => /vagrant/subjects/tool_subjects/dynodroid/org.liberty.android.fantastischmemo_135_src/bin/res/drawable/database.png
   [crunch]   (processed image to cache entry /vagrant/subjects/tool_subjects/dynodroid/org.liberty.android.fantastischmemo_135_src/bin/res/drawable/database.png: 0% size of source)
   [crunch] Processing image to cache: /vagrant/subjects/tool_subjects/dynodroid/org.liberty.android.fantastischmemo_135_src/res/drawable/dir.png => /vagrant/subjects/tool_subjects/dynodroid/org.liberty.android.fantastischmemo_135_src/bin/res/drawable/dir.png
   [crunch]   (processed image to cache entry /vagrant/subjects/tool_subjects/dynodroid/org.liberty.android.fantastischmemo_135_src/bin/res/drawable/dir.png: 0% size of source)
   [crunch] Processing image to cache: /vagrant/subjects/tool_subjects/dynodroid/org.liberty.android.fantastischmemo_135_src/res/drawable/donate.png => /vagrant/subjects/tool_subjects/dynodroid/org.liberty.android.fantastischmemo_135_src/bin/res/drawable/donate.png
   [crunch]   (processed image to cache entry /vagrant/subjects/tool_subjects/dynodroid/org.liberty.android.fantastischmemo_135_src/bin/res/drawable/donate.png: 0% size of source)
   [crunch] Processing image to cache: /vagrant/subjects/tool_subjects/dynodroid/org.liberty.android.fantastischmemo_135_src/res/drawable/download.png => /vagrant/subjects/tool_subjects/dynodroid/org.liberty.android.fantastischmemo_135_src/bin/res/drawable/download.png
   [crunch]   (processed image to cache entry /vagrant/subjects/tool_subjects/dynodroid/org.liberty.android.fantastischmemo_135_src/bin/res/drawable/download.png: 0% size of source)
   [crunch] Processing image to cache: /vagrant/subjects/tool_subjects/dynodroid/org.liberty.android.fantastischmemo_135_src/res/drawable/edit.png => /vagrant/subjects/tool_subjects/dynodroid/org.liberty.android.fantastischmemo_135_src/bin/res/drawable/edit.png
   [crunch]   (processed image to cache entry /vagrant/subjects/tool_subjects/dynodroid/org.liberty.android.fantastischmemo_135_src/bin/res/drawable/edit.png: 0% size of source)
   [crunch] Processing image to cache: /vagrant/subjects/tool_subjects/dynodroid/org.liberty.android.fantastischmemo_135_src/res/drawable/exit.png => /vagrant/subjects/tool_subjects/dynodroid/org.liberty.android.fantastischmemo_135_src/bin/res/drawable/exit.png
   [crunch]   (processed image to cache entry /vagrant/subjects/tool_subjects/dynodroid/org.liberty.android.fantastischmemo_135_src/bin/res/drawable/exit.png: 0% size of source)
   [crunch] Processing image to cache: /vagrant/subjects/tool_subjects/dynodroid/org.liberty.android.fantastischmemo_135_src/res/drawable/export_icon.png => /vagrant/subjects/tool_subjects/dynodroid/org.liberty.android.fantastischmemo_135_src/bin/res/drawable/export_icon.png
   [crunch]   (processed image to cache entry /vagrant/subjects/tool_subjects/dynodroid/org.liberty.android.fantastischmemo_135_src/bin/res/drawable/export_icon.png: 0% size of source)
   [crunch] Processing image to cache: /vagrant/subjects/tool_subjects/dynodroid/org.liberty.android.fantastischmemo_135_src/res/drawable/file_manager.png => /vagrant/subjects/tool_subjects/dynodroid/org.liberty.android.fantastischmemo_135_src/bin/res/drawable/file_manager.png
   [crunch]   (processed image to cache entry /vagrant/subjects/tool_subjects/dynodroid/org.liberty.android.fantastischmemo_135_src/bin/res/drawable/file_manager.png: 94% size of source)
   [crunch] Processing image to cache: /vagrant/subjects/tool_subjects/dynodroid/org.liberty.android.fantastischmemo_135_src/res/drawable/help.png => /vagrant/subjects/tool_subjects/dynodroid/org.liberty.android.fantastischmemo_135_src/bin/res/drawable/help.png
   [crunch]   (processed image to cache entry /vagrant/subjects/tool_subjects/dynodroid/org.liberty.android.fantastischmemo_135_src/bin/res/drawable/help.png: 92% size of source)
   [crunch] Processing image to cache: /vagrant/subjects/tool_subjects/dynodroid/org.liberty.android.fantastischmemo_135_src/res/drawable/icon.png => /vagrant/subjects/tool_subjects/dynodroid/org.liberty.android.fantastischmemo_135_src/bin/res/drawable/icon.png
   [crunch]   (processed image to cache entry /vagrant/subjects/tool_subjects/dynodroid/org.liberty.android.fantastischmemo_135_src/bin/res/drawable/icon.png: 0% size of source)
   [crunch] Processing image to cache: /vagrant/subjects/tool_subjects/dynodroid/org.liberty.android.fantastischmemo_135_src/res/drawable/icon_notification.png => /vagrant/subjects/tool_subjects/dynodroid/org.liberty.android.fantastischmemo_135_src/bin/res/drawable/icon_notification.png
   [crunch]   (processed image to cache entry /vagrant/subjects/tool_subjects/dynodroid/org.liberty.android.fantastischmemo_135_src/bin/res/drawable/icon_notification.png: 0% size of source)
   [crunch] Processing image to cache: /vagrant/subjects/tool_subjects/dynodroid/org.liberty.android.fantastischmemo_135_src/res/drawable/import_icon.png => /vagrant/subjects/tool_subjects/dynodroid/org.liberty.android.fantastischmemo_135_src/bin/res/drawable/import_icon.png
   [crunch]   (processed image to cache entry /vagrant/subjects/tool_subjects/dynodroid/org.liberty.android.fantastischmemo_135_src/bin/res/drawable/import_icon.png: 0% size of source)
   [crunch] Processing image to cache: /vagrant/subjects/tool_subjects/dynodroid/org.liberty.android.fantastischmemo_135_src/res/drawable/merge.png => /vagrant/subjects/tool_subjects/dynodroid/org.liberty.android.fantastischmemo_135_src/bin/res/drawable/merge.png
   [crunch]   (processed image to cache entry /vagrant/subjects/tool_subjects/dynodroid/org.liberty.android.fantastischmemo_135_src/bin/res/drawable/merge.png: 0% size of source)
   [crunch] Processing image to cache: /vagrant/subjects/tool_subjects/dynodroid/org.liberty.android.fantastischmemo_135_src/res/drawable/misc.png => /vagrant/subjects/tool_subjects/dynodroid/org.liberty.android.fantastischmemo_135_src/bin/res/drawable/misc.png
   [crunch]   (processed image to cache entry /vagrant/subjects/tool_subjects/dynodroid/org.liberty.android.fantastischmemo_135_src/bin/res/drawable/misc.png: 0% size of source)
   [crunch] Processing image to cache: /vagrant/subjects/tool_subjects/dynodroid/org.liberty.android.fantastischmemo_135_src/res/drawable/next.png => /vagrant/subjects/tool_subjects/dynodroid/org.liberty.android.fantastischmemo_135_src/bin/res/drawable/next.png
   [crunch]   (processed image to cache entry /vagrant/subjects/tool_subjects/dynodroid/org.liberty.android.fantastischmemo_135_src/bin/res/drawable/next.png: 0% size of source)
   [crunch] Processing image to cache: /vagrant/subjects/tool_subjects/dynodroid/org.liberty.android.fantastischmemo_135_src/res/drawable/open.png => /vagrant/subjects/tool_subjects/dynodroid/org.liberty.android.fantastischmemo_135_src/bin/res/drawable/open.png
   [crunch]   (processed image to cache entry /vagrant/subjects/tool_subjects/dynodroid/org.liberty.android.fantastischmemo_135_src/bin/res/drawable/open.png: 0% size of source)
   [crunch] Processing image to cache: /vagrant/subjects/tool_subjects/dynodroid/org.liberty.android.fantastischmemo_135_src/res/drawable/options.png => /vagrant/subjects/tool_subjects/dynodroid/org.liberty.android.fantastischmemo_135_src/bin/res/drawable/options.png
   [crunch]   (processed image to cache entry /vagrant/subjects/tool_subjects/dynodroid/org.liberty.android.fantastischmemo_135_src/bin/res/drawable/options.png: 0% size of source)
   [crunch] Processing image to cache: /vagrant/subjects/tool_subjects/dynodroid/org.liberty.android.fantastischmemo_135_src/res/drawable/picture.png => /vagrant/subjects/tool_subjects/dynodroid/org.liberty.android.fantastischmemo_135_src/bin/res/drawable/picture.png
   [crunch]   (processed image to cache entry /vagrant/subjects/tool_subjects/dynodroid/org.liberty.android.fantastischmemo_135_src/bin/res/drawable/picture.png: 0% size of source)
   [crunch] Processing image to cache: /vagrant/subjects/tool_subjects/dynodroid/org.liberty.android.fantastischmemo_135_src/res/drawable/previous.png => /vagrant/subjects/tool_subjects/dynodroid/org.liberty.android.fantastischmemo_135_src/bin/res/drawable/previous.png
   [crunch]   (processed image to cache entry /vagrant/subjects/tool_subjects/dynodroid/org.liberty.android.fantastischmemo_135_src/bin/res/drawable/previous.png: 0% size of source)
   [crunch] Processing image to cache: /vagrant/subjects/tool_subjects/dynodroid/org.liberty.android.fantastischmemo_135_src/res/drawable/recent.png => /vagrant/subjects/tool_subjects/dynodroid/org.liberty.android.fantastischmemo_135_src/bin/res/drawable/recent.png
   [crunch]   (processed image to cache entry /vagrant/subjects/tool_subjects/dynodroid/org.liberty.android.fantastischmemo_135_src/bin/res/drawable/recent.png: 0% size of source)
   [crunch] Processing image to cache: /vagrant/subjects/tool_subjects/dynodroid/org.liberty.android.fantastischmemo_135_src/res/drawable/server.png => /vagrant/subjects/tool_subjects/dynodroid/org.liberty.android.fantastischmemo_135_src/bin/res/drawable/server.png
   [crunch]   (processed image to cache entry /vagrant/subjects/tool_subjects/dynodroid/org.liberty.android.fantastischmemo_135_src/bin/res/drawable/server.png: 0% size of source)
   [crunch] Processing image to cache: /vagrant/subjects/tool_subjects/dynodroid/org.liberty.android.fantastischmemo_135_src/res/drawable/speak_a_48.png => /vagrant/subjects/tool_subjects/dynodroid/org.liberty.android.fantastischmemo_135_src/bin/res/drawable/speak_a_48.png
   [crunch]   (processed image to cache entry /vagrant/subjects/tool_subjects/dynodroid/org.liberty.android.fantastischmemo_135_src/bin/res/drawable/speak_a_48.png: 0% size of source)
   [crunch] Processing image to cache: /vagrant/subjects/tool_subjects/dynodroid/org.liberty.android.fantastischmemo_135_src/res/drawable/speak_q_48.png => /vagrant/subjects/tool_subjects/dynodroid/org.liberty.android.fantastischmemo_135_src/bin/res/drawable/speak_q_48.png
   [crunch]   (processed image to cache entry /vagrant/subjects/tool_subjects/dynodroid/org.liberty.android.fantastischmemo_135_src/bin/res/drawable/speak_q_48.png: 0% size of source)
   [crunch] Processing image to cache: /vagrant/subjects/tool_subjects/dynodroid/org.liberty.android.fantastischmemo_135_src/res/drawable/text.png => /vagrant/subjects/tool_subjects/dynodroid/org.liberty.android.fantastischmemo_135_src/bin/res/drawable/text.png
   [crunch]   (processed image to cache entry /vagrant/subjects/tool_subjects/dynodroid/org.liberty.android.fantastischmemo_135_src/bin/res/drawable/text.png: 0% size of source)
   [crunch] Processing image to cache: /vagrant/subjects/tool_subjects/dynodroid/org.liberty.android.fantastischmemo_135_src/res/drawable/trash.png => /vagrant/subjects/tool_subjects/dynodroid/org.liberty.android.fantastischmemo_135_src/bin/res/drawable/trash.png
   [crunch]   (processed image to cache entry /vagrant/subjects/tool_subjects/dynodroid/org.liberty.android.fantastischmemo_135_src/bin/res/drawable/trash.png: 0% size of source)
   [crunch] Processing image to cache: /vagrant/subjects/tool_subjects/dynodroid/org.liberty.android.fantastischmemo_135_src/res/drawable/undo_icon.png => /vagrant/subjects/tool_subjects/dynodroid/org.liberty.android.fantastischmemo_135_src/bin/res/drawable/undo_icon.png
   [crunch]   (processed image to cache entry /vagrant/subjects/tool_subjects/dynodroid/org.liberty.android.fantastischmemo_135_src/bin/res/drawable/undo_icon.png: 0% size of source)
   [crunch] Crunched 34 PNG files to update cache

-package-resources:
     [aapt] Creating full resource package...

-package:
[apkbuilder] Current build type is different than previous build: forced apkbuilder run.
[apkbuilder] Creating MainTabs-debug-unaligned.apk and signing it with a debug key...

-post-package:

-do-debug:
 [zipalign] Running zip align on final apk...
     [echo] Debug Package: /vagrant/subjects/tool_subjects/dynodroid/org.liberty.android.fantastischmemo_135_src/bin/MainTabs-debug.apk
[propertyfile] Creating new property file: /vagrant/subjects/tool_subjects/dynodroid/org.liberty.android.fantastischmemo_135_src/bin/build.prop
[propertyfile] Updating property file: /vagrant/subjects/tool_subjects/dynodroid/org.liberty.android.fantastischmemo_135_src/bin/build.prop
[propertyfile] Updating property file: /vagrant/subjects/tool_subjects/dynodroid/org.liberty.android.fantastischmemo_135_src/bin/build.prop
[propertyfile] Updating property file: /vagrant/subjects/tool_subjects/dynodroid/org.liberty.android.fantastischmemo_135_src/bin/build.prop

-post-build:

debug:

BUILD SUCCESSFUL
Total time: 1 minute 28 seconds
