Buildfile: /vagrant/subjects/tool_subjects/dynodroid/a2dp.Vol_93_src/build.xml

emma:

-set-mode-check:

-set-debug-files:

-check-env:
 [checkenv] Android SDK Tools Revision 23.0.2
 [checkenv] Installed at /home/vagrant/android-sdk-linux

-setup:
     [echo] Project Name: main
  [gettype] Project Type: Self-Tested Application

-set-debug-mode:

-debug-obfuscation-check:

-pre-build:

-build-setup:
[getbuildtools] Using latest Build Tools: 20.0.0
     [echo] Resolving Build Target for main...
[gettarget] Project Target:   Android 2.3.3
[gettarget] API level:        10
     [echo] ----------
     [echo] Creating output directories if needed...
    [mkdir] Created dir: /vagrant/subjects/tool_subjects/dynodroid/a2dp.Vol_93_src/bin
    [mkdir] Created dir: /vagrant/subjects/tool_subjects/dynodroid/a2dp.Vol_93_src/bin/res
    [mkdir] Created dir: /vagrant/subjects/tool_subjects/dynodroid/a2dp.Vol_93_src/bin/rsObj
    [mkdir] Created dir: /vagrant/subjects/tool_subjects/dynodroid/a2dp.Vol_93_src/bin/rsLibs
    [mkdir] Created dir: /vagrant/subjects/tool_subjects/dynodroid/a2dp.Vol_93_src/gen
    [mkdir] Created dir: /vagrant/subjects/tool_subjects/dynodroid/a2dp.Vol_93_src/bin/classes
    [mkdir] Created dir: /vagrant/subjects/tool_subjects/dynodroid/a2dp.Vol_93_src/bin/dexedLibs
     [echo] ----------
     [echo] Resolving Dependencies for main...
[dependency] Library dependencies:
[dependency] No Libraries
[dependency] 
[dependency] ------------------
[dependency] API<=15: Adding annotations.jar to the classpath.
     [echo] ----------
     [echo] Building Libraries with 'instrument'...
   [subant] No sub-builds to iterate on

-code-gen:
[mergemanifest] Merging AndroidManifest files into one.
[mergemanifest] Manifest merger disabled. Using project manifest only.
     [echo] Handling aidl files...
     [aidl] Found 2 AIDL files.
     [aidl] Compiling 2 AIDL files.
     [echo] ----------
     [echo] Handling RenderScript files...
     [echo] ----------
     [echo] Handling Resources...
     [aapt] Generating resource IDs...
     [echo] ----------
     [echo] Handling BuildConfig class...
[buildconfig] Generating BuildConfig class.

-pre-compile:

-compile:
    [javac] Compiling 25 source files to /vagrant/subjects/tool_subjects/dynodroid/a2dp.Vol_93_src/bin/classes
     [echo] Instrumenting classes from /vagrant/subjects/tool_subjects/dynodroid/a2dp.Vol_93_src/bin/classes...

-post-compile:

-obfuscate:

-dex:
      [dex] input: /vagrant/subjects/tool_subjects/dynodroid/a2dp.Vol_93_src/bin/classes
      [dex] input: /home/vagrant/android-sdk-linux/tools/support/annotations.jar
      [dex] input: /home/vagrant/android-sdk-linux/tools/lib/emma_device.jar
      [dex] Pre-Dexing /home/vagrant/android-sdk-linux/tools/support/annotations.jar -> annotations-5442badee1f6d6457826eac12c92c46e.jar
      [dex] Pre-Dexing /home/vagrant/android-sdk-linux/tools/lib/emma_device.jar -> emma_device-e790229f52a04d2b195df6976ccc31d7.jar
      [dex] Converting compiled files and external libraries into /vagrant/subjects/tool_subjects/dynodroid/a2dp.Vol_93_src/bin/classes.dex...
       [dx] Merged dex A (109 defs/191.0KiB) with dex B (2 defs/1.1KiB). Result is 111 defs/230.9KiB. Took 0.7s
       [dx] Merged dex A (111 defs/230.9KiB) with dex B (297 defs/326.8KiB). Result is 408 defs/681.9KiB. Took 0.5s

-crunch:
   [crunch] Crunching PNG Files in source dir: /vagrant/subjects/tool_subjects/dynodroid/a2dp.Vol_93_src/res
   [crunch] To destination dir: /vagrant/subjects/tool_subjects/dynodroid/a2dp.Vol_93_src/bin/res
   [crunch] Processing image to cache: /vagrant/subjects/tool_subjects/dynodroid/a2dp.Vol_93_src/res/drawable-hdpi/car2.png => /vagrant/subjects/tool_subjects/dynodroid/a2dp.Vol_93_src/bin/res/drawable-hdpi/car2.png
   [crunch]   (processed image to cache entry /vagrant/subjects/tool_subjects/dynodroid/a2dp.Vol_93_src/bin/res/drawable-hdpi/car2.png: 83% size of source)
   [crunch] Processing image to cache: /vagrant/subjects/tool_subjects/dynodroid/a2dp.Vol_93_src/res/drawable-hdpi/headset.png => /vagrant/subjects/tool_subjects/dynodroid/a2dp.Vol_93_src/bin/res/drawable-hdpi/headset.png
   [crunch]   (processed image to cache entry /vagrant/subjects/tool_subjects/dynodroid/a2dp.Vol_93_src/bin/res/drawable-hdpi/headset.png: 72% size of source)
   [crunch] Processing image to cache: /vagrant/subjects/tool_subjects/dynodroid/a2dp.Vol_93_src/res/drawable-hdpi/icon5.png => /vagrant/subjects/tool_subjects/dynodroid/a2dp.Vol_93_src/bin/res/drawable-hdpi/icon5.png
   [crunch]   (processed image to cache entry /vagrant/subjects/tool_subjects/dynodroid/a2dp.Vol_93_src/bin/res/drawable-hdpi/icon5.png: 48% size of source)
   [crunch] Processing image to cache: /vagrant/subjects/tool_subjects/dynodroid/a2dp.Vol_93_src/res/drawable-hdpi/jack.png => /vagrant/subjects/tool_subjects/dynodroid/a2dp.Vol_93_src/bin/res/drawable-hdpi/jack.png
   [crunch]   (processed image to cache entry /vagrant/subjects/tool_subjects/dynodroid/a2dp.Vol_93_src/bin/res/drawable-hdpi/jack.png: 0% size of source)
   [crunch] Processing image to cache: /vagrant/subjects/tool_subjects/dynodroid/a2dp.Vol_93_src/res/drawable-hdpi/usb.png => /vagrant/subjects/tool_subjects/dynodroid/a2dp.Vol_93_src/bin/res/drawable-hdpi/usb.png
   [crunch]   (processed image to cache entry /vagrant/subjects/tool_subjects/dynodroid/a2dp.Vol_93_src/bin/res/drawable-hdpi/usb.png: 93% size of source)
   [crunch] Processing image to cache: /vagrant/subjects/tool_subjects/dynodroid/a2dp.Vol_93_src/res/drawable-ldpi/car2.png => /vagrant/subjects/tool_subjects/dynodroid/a2dp.Vol_93_src/bin/res/drawable-ldpi/car2.png
   [crunch]   (processed image to cache entry /vagrant/subjects/tool_subjects/dynodroid/a2dp.Vol_93_src/bin/res/drawable-ldpi/car2.png: 0% size of source)
   [crunch] Processing image to cache: /vagrant/subjects/tool_subjects/dynodroid/a2dp.Vol_93_src/res/drawable-ldpi/headset.png => /vagrant/subjects/tool_subjects/dynodroid/a2dp.Vol_93_src/bin/res/drawable-ldpi/headset.png
   [crunch]   (processed image to cache entry /vagrant/subjects/tool_subjects/dynodroid/a2dp.Vol_93_src/bin/res/drawable-ldpi/headset.png: 0% size of source)
   [crunch] Processing image to cache: /vagrant/subjects/tool_subjects/dynodroid/a2dp.Vol_93_src/res/drawable-ldpi/icon5.png => /vagrant/subjects/tool_subjects/dynodroid/a2dp.Vol_93_src/bin/res/drawable-ldpi/icon5.png
   [crunch]   (processed image to cache entry /vagrant/subjects/tool_subjects/dynodroid/a2dp.Vol_93_src/bin/res/drawable-ldpi/icon5.png: 0% size of source)
   [crunch] Processing image to cache: /vagrant/subjects/tool_subjects/dynodroid/a2dp.Vol_93_src/res/drawable-ldpi/jack.png => /vagrant/subjects/tool_subjects/dynodroid/a2dp.Vol_93_src/bin/res/drawable-ldpi/jack.png
   [crunch]   (processed image to cache entry /vagrant/subjects/tool_subjects/dynodroid/a2dp.Vol_93_src/bin/res/drawable-ldpi/jack.png: 0% size of source)
   [crunch] Processing image to cache: /vagrant/subjects/tool_subjects/dynodroid/a2dp.Vol_93_src/res/drawable-ldpi/usb.png => /vagrant/subjects/tool_subjects/dynodroid/a2dp.Vol_93_src/bin/res/drawable-ldpi/usb.png
   [crunch]   (processed image to cache entry /vagrant/subjects/tool_subjects/dynodroid/a2dp.Vol_93_src/bin/res/drawable-ldpi/usb.png: 0% size of source)
   [crunch] Processing image to cache: /vagrant/subjects/tool_subjects/dynodroid/a2dp.Vol_93_src/res/drawable-mdpi/car2.png => /vagrant/subjects/tool_subjects/dynodroid/a2dp.Vol_93_src/bin/res/drawable-mdpi/car2.png
   [crunch]   (processed image to cache entry /vagrant/subjects/tool_subjects/dynodroid/a2dp.Vol_93_src/bin/res/drawable-mdpi/car2.png: 0% size of source)
   [crunch] Processing image to cache: /vagrant/subjects/tool_subjects/dynodroid/a2dp.Vol_93_src/res/drawable-mdpi/headset.png => /vagrant/subjects/tool_subjects/dynodroid/a2dp.Vol_93_src/bin/res/drawable-mdpi/headset.png
   [crunch]   (processed image to cache entry /vagrant/subjects/tool_subjects/dynodroid/a2dp.Vol_93_src/bin/res/drawable-mdpi/headset.png: 107% size of source)
   [crunch] Processing image to cache: /vagrant/subjects/tool_subjects/dynodroid/a2dp.Vol_93_src/res/drawable-mdpi/icon5.png => /vagrant/subjects/tool_subjects/dynodroid/a2dp.Vol_93_src/bin/res/drawable-mdpi/icon5.png
   [crunch]   (processed image to cache entry /vagrant/subjects/tool_subjects/dynodroid/a2dp.Vol_93_src/bin/res/drawable-mdpi/icon5.png: 0% size of source)
   [crunch] Processing image to cache: /vagrant/subjects/tool_subjects/dynodroid/a2dp.Vol_93_src/res/drawable-mdpi/jack.png => /vagrant/subjects/tool_subjects/dynodroid/a2dp.Vol_93_src/bin/res/drawable-mdpi/jack.png
   [crunch]   (processed image to cache entry /vagrant/subjects/tool_subjects/dynodroid/a2dp.Vol_93_src/bin/res/drawable-mdpi/jack.png: 0% size of source)
   [crunch] Processing image to cache: /vagrant/subjects/tool_subjects/dynodroid/a2dp.Vol_93_src/res/drawable-mdpi/usb.png => /vagrant/subjects/tool_subjects/dynodroid/a2dp.Vol_93_src/bin/res/drawable-mdpi/usb.png
   [crunch]   (processed image to cache entry /vagrant/subjects/tool_subjects/dynodroid/a2dp.Vol_93_src/bin/res/drawable-mdpi/usb.png: 0% size of source)
   [crunch] Processing image to cache: /vagrant/subjects/tool_subjects/dynodroid/a2dp.Vol_93_src/res/drawable-xhdpi/car2.png => /vagrant/subjects/tool_subjects/dynodroid/a2dp.Vol_93_src/bin/res/drawable-xhdpi/car2.png
   [crunch]   (processed image to cache entry /vagrant/subjects/tool_subjects/dynodroid/a2dp.Vol_93_src/bin/res/drawable-xhdpi/car2.png: 83% size of source)
   [crunch] Processing image to cache: /vagrant/subjects/tool_subjects/dynodroid/a2dp.Vol_93_src/res/drawable-xhdpi/headset.png => /vagrant/subjects/tool_subjects/dynodroid/a2dp.Vol_93_src/bin/res/drawable-xhdpi/headset.png
   [crunch]   (processed image to cache entry /vagrant/subjects/tool_subjects/dynodroid/a2dp.Vol_93_src/bin/res/drawable-xhdpi/headset.png: 72% size of source)
   [crunch] Processing image to cache: /vagrant/subjects/tool_subjects/dynodroid/a2dp.Vol_93_src/res/drawable-xhdpi/icon5.png => /vagrant/subjects/tool_subjects/dynodroid/a2dp.Vol_93_src/bin/res/drawable-xhdpi/icon5.png
   [crunch]   (processed image to cache entry /vagrant/subjects/tool_subjects/dynodroid/a2dp.Vol_93_src/bin/res/drawable-xhdpi/icon5.png: 48% size of source)
   [crunch] Processing image to cache: /vagrant/subjects/tool_subjects/dynodroid/a2dp.Vol_93_src/res/drawable-xhdpi/jack.png => /vagrant/subjects/tool_subjects/dynodroid/a2dp.Vol_93_src/bin/res/drawable-xhdpi/jack.png
   [crunch]   (processed image to cache entry /vagrant/subjects/tool_subjects/dynodroid/a2dp.Vol_93_src/bin/res/drawable-xhdpi/jack.png: 0% size of source)
   [crunch] Processing image to cache: /vagrant/subjects/tool_subjects/dynodroid/a2dp.Vol_93_src/res/drawable-xhdpi/usb.png => /vagrant/subjects/tool_subjects/dynodroid/a2dp.Vol_93_src/bin/res/drawable-xhdpi/usb.png
   [crunch]   (processed image to cache entry /vagrant/subjects/tool_subjects/dynodroid/a2dp.Vol_93_src/bin/res/drawable-xhdpi/usb.png: 65% size of source)
   [crunch] Crunched 20 PNG files to update cache

-package-resources:
     [aapt] Creating full resource package...

-package:
[apkbuilder] Current build type is different than previous build: forced apkbuilder run.
[apkbuilder] Creating main-debug-unaligned.apk and signing it with a debug key...

-post-package:

-do-debug:
 [zipalign] Running zip align on final apk...
     [echo] Debug Package: /vagrant/subjects/tool_subjects/dynodroid/a2dp.Vol_93_src/bin/main-debug.apk
[propertyfile] Creating new property file: /vagrant/subjects/tool_subjects/dynodroid/a2dp.Vol_93_src/bin/build.prop
[propertyfile] Updating property file: /vagrant/subjects/tool_subjects/dynodroid/a2dp.Vol_93_src/bin/build.prop
[propertyfile] Updating property file: /vagrant/subjects/tool_subjects/dynodroid/a2dp.Vol_93_src/bin/build.prop
[propertyfile] Updating property file: /vagrant/subjects/tool_subjects/dynodroid/a2dp.Vol_93_src/bin/build.prop

-post-build:

debug:

BUILD SUCCESSFUL
Total time: 39 seconds
