Buildfile: /vagrant/subjects/tool_subjects/dynodroid/com.angrydoughnuts.android.alarmclock_8_src/build.xml

emma:

-set-mode-check:

-set-debug-files:

-check-env:
 [checkenv] Android SDK Tools Revision 23.0.2
 [checkenv] Installed at /home/vagrant/android-sdk-linux

-setup:
     [echo] Project Name: ActivityAlarmClock
  [gettype] Project Type: Self-Tested Application

-set-debug-mode:

-debug-obfuscation-check:

-pre-build:

-build-setup:
[getbuildtools] Using latest Build Tools: 20.0.0
     [echo] Resolving Build Target for ActivityAlarmClock...
[gettarget] Project Target:   Android 2.3.3
[gettarget] API level:        10
     [echo] ----------
     [echo] Creating output directories if needed...
    [mkdir] Created dir: /vagrant/subjects/tool_subjects/dynodroid/com.angrydoughnuts.android.alarmclock_8_src/bin
    [mkdir] Created dir: /vagrant/subjects/tool_subjects/dynodroid/com.angrydoughnuts.android.alarmclock_8_src/bin/res
    [mkdir] Created dir: /vagrant/subjects/tool_subjects/dynodroid/com.angrydoughnuts.android.alarmclock_8_src/bin/rsObj
    [mkdir] Created dir: /vagrant/subjects/tool_subjects/dynodroid/com.angrydoughnuts.android.alarmclock_8_src/bin/rsLibs
    [mkdir] Created dir: /vagrant/subjects/tool_subjects/dynodroid/com.angrydoughnuts.android.alarmclock_8_src/gen
    [mkdir] Created dir: /vagrant/subjects/tool_subjects/dynodroid/com.angrydoughnuts.android.alarmclock_8_src/bin/classes
    [mkdir] Created dir: /vagrant/subjects/tool_subjects/dynodroid/com.angrydoughnuts.android.alarmclock_8_src/bin/dexedLibs
     [echo] ----------
     [echo] Resolving Dependencies for ActivityAlarmClock...
[dependency] Library dependencies:
[dependency] No Libraries
[dependency] 
[dependency] ------------------
[dependency] API<=15: Adding annotations.jar to the classpath.
     [echo] ----------
     [echo] Building Libraries with 'instrument'...
   [subant] No sub-builds to iterate on

-code-gen:
[mergemanifest] Merging AndroidManifest files into one.
[mergemanifest] Manifest merger disabled. Using project manifest only.
     [echo] Handling aidl files...
     [aidl] Found 3 AIDL files.
     [aidl] Compiling 3 AIDL files.
     [echo] ----------
     [echo] Handling RenderScript files...
     [echo] ----------
     [echo] Handling Resources...
     [aapt] Generating resource IDs...
     [echo] ----------
     [echo] Handling BuildConfig class...
[buildconfig] Generating BuildConfig class.

-pre-compile:

-compile:
    [javac] Compiling 42 source files to /vagrant/subjects/tool_subjects/dynodroid/com.angrydoughnuts.android.alarmclock_8_src/bin/classes
     [echo] Instrumenting classes from /vagrant/subjects/tool_subjects/dynodroid/com.angrydoughnuts.android.alarmclock_8_src/bin/classes...

-post-compile:

-obfuscate:

-dex:
      [dex] input: /vagrant/subjects/tool_subjects/dynodroid/com.angrydoughnuts.android.alarmclock_8_src/bin/classes
      [dex] input: /home/vagrant/android-sdk-linux/tools/support/annotations.jar
      [dex] input: /home/vagrant/android-sdk-linux/tools/lib/emma_device.jar
      [dex] Pre-Dexing /home/vagrant/android-sdk-linux/tools/support/annotations.jar -> annotations-5442badee1f6d6457826eac12c92c46e.jar
      [dex] Pre-Dexing /home/vagrant/android-sdk-linux/tools/lib/emma_device.jar -> emma_device-e790229f52a04d2b195df6976ccc31d7.jar
      [dex] Converting compiled files and external libraries into /vagrant/subjects/tool_subjects/dynodroid/com.angrydoughnuts.android.alarmclock_8_src/bin/classes.dex...
       [dx] Merged dex A (165 defs/199.6KiB) with dex B (2 defs/1.1KiB). Result is 167 defs/238.1KiB. Took 0.7s
       [dx] Merged dex A (167 defs/238.1KiB) with dex B (297 defs/326.8KiB). Result is 464 defs/687.5KiB. Took 0.6s

-crunch:
   [crunch] Crunching PNG Files in source dir: /vagrant/subjects/tool_subjects/dynodroid/com.angrydoughnuts.android.alarmclock_8_src/res
   [crunch] To destination dir: /vagrant/subjects/tool_subjects/dynodroid/com.angrydoughnuts.android.alarmclock_8_src/bin/res
   [crunch] Processing image to cache: /vagrant/subjects/tool_subjects/dynodroid/com.angrydoughnuts.android.alarmclock_8_src/res/drawable-hdpi/alarmclock.png => /vagrant/subjects/tool_subjects/dynodroid/com.angrydoughnuts.android.alarmclock_8_src/bin/res/drawable-hdpi/alarmclock.png
   [crunch]   (processed image to cache entry /vagrant/subjects/tool_subjects/dynodroid/com.angrydoughnuts.android.alarmclock_8_src/bin/res/drawable-hdpi/alarmclock.png: 85% size of source)
   [crunch] Processing image to cache: /vagrant/subjects/tool_subjects/dynodroid/com.angrydoughnuts.android.alarmclock_8_src/res/drawable-hdpi/alarmclock_notification.png => /vagrant/subjects/tool_subjects/dynodroid/com.angrydoughnuts.android.alarmclock_8_src/bin/res/drawable-hdpi/alarmclock_notification.png
   [crunch]   (processed image to cache entry /vagrant/subjects/tool_subjects/dynodroid/com.angrydoughnuts.android.alarmclock_8_src/bin/res/drawable-hdpi/alarmclock_notification.png: 76% size of source)
   [crunch] Processing image to cache: /vagrant/subjects/tool_subjects/dynodroid/com.angrydoughnuts.android.alarmclock_8_src/res/drawable-hdpi/alarmclock_notification2.png => /vagrant/subjects/tool_subjects/dynodroid/com.angrydoughnuts.android.alarmclock_8_src/bin/res/drawable-hdpi/alarmclock_notification2.png
   [crunch]   (processed image to cache entry /vagrant/subjects/tool_subjects/dynodroid/com.angrydoughnuts.android.alarmclock_8_src/bin/res/drawable-hdpi/alarmclock_notification2.png: 0% size of source)
   [crunch] Processing image to cache: /vagrant/subjects/tool_subjects/dynodroid/com.angrydoughnuts.android.alarmclock_8_src/res/drawable-hdpi/ic_dialog_time.png => /vagrant/subjects/tool_subjects/dynodroid/com.angrydoughnuts.android.alarmclock_8_src/bin/res/drawable-hdpi/ic_dialog_time.png
   [crunch]   (processed image to cache entry /vagrant/subjects/tool_subjects/dynodroid/com.angrydoughnuts.android.alarmclock_8_src/bin/res/drawable-hdpi/ic_dialog_time.png: 0% size of source)
   [crunch] Processing image to cache: /vagrant/subjects/tool_subjects/dynodroid/com.angrydoughnuts.android.alarmclock_8_src/res/drawable-hdpi/slider_background.9.png => /vagrant/subjects/tool_subjects/dynodroid/com.angrydoughnuts.android.alarmclock_8_src/bin/res/drawable-hdpi/slider_background.9.png
   [crunch]   (processed image to cache entry /vagrant/subjects/tool_subjects/dynodroid/com.angrydoughnuts.android.alarmclock_8_src/bin/res/drawable-hdpi/slider_background.9.png: 0% size of source)
   [crunch] Processing image to cache: /vagrant/subjects/tool_subjects/dynodroid/com.angrydoughnuts.android.alarmclock_8_src/res/drawable-hdpi/slider_btn.9.png => /vagrant/subjects/tool_subjects/dynodroid/com.angrydoughnuts.android.alarmclock_8_src/bin/res/drawable-hdpi/slider_btn.9.png
   [crunch]   (processed image to cache entry /vagrant/subjects/tool_subjects/dynodroid/com.angrydoughnuts.android.alarmclock_8_src/bin/res/drawable-hdpi/slider_btn.9.png: 0% size of source)
   [crunch] Processing image to cache: /vagrant/subjects/tool_subjects/dynodroid/com.angrydoughnuts.android.alarmclock_8_src/res/drawable-hdpi/slider_icon.png => /vagrant/subjects/tool_subjects/dynodroid/com.angrydoughnuts.android.alarmclock_8_src/bin/res/drawable-hdpi/slider_icon.png
   [crunch]   (processed image to cache entry /vagrant/subjects/tool_subjects/dynodroid/com.angrydoughnuts.android.alarmclock_8_src/bin/res/drawable-hdpi/slider_icon.png: 0% size of source)
   [crunch] Processing image to cache: /vagrant/subjects/tool_subjects/dynodroid/com.angrydoughnuts.android.alarmclock_8_src/res/drawable-ldpi/alarmclock.png => /vagrant/subjects/tool_subjects/dynodroid/com.angrydoughnuts.android.alarmclock_8_src/bin/res/drawable-ldpi/alarmclock.png
   [crunch]   (processed image to cache entry /vagrant/subjects/tool_subjects/dynodroid/com.angrydoughnuts.android.alarmclock_8_src/bin/res/drawable-ldpi/alarmclock.png: 0% size of source)
   [crunch] Processing image to cache: /vagrant/subjects/tool_subjects/dynodroid/com.angrydoughnuts.android.alarmclock_8_src/res/drawable-mdpi/alarmclock.png => /vagrant/subjects/tool_subjects/dynodroid/com.angrydoughnuts.android.alarmclock_8_src/bin/res/drawable-mdpi/alarmclock.png
   [crunch]   (processed image to cache entry /vagrant/subjects/tool_subjects/dynodroid/com.angrydoughnuts.android.alarmclock_8_src/bin/res/drawable-mdpi/alarmclock.png: 85% size of source)
   [crunch] Crunched 9 PNG files to update cache

-package-resources:
     [aapt] Creating full resource package...

-package:
[apkbuilder] Current build type is different than previous build: forced apkbuilder run.
[apkbuilder] Creating ActivityAlarmClock-debug-unaligned.apk and signing it with a debug key...

-post-package:

-do-debug:
 [zipalign] Running zip align on final apk...
     [echo] Debug Package: /vagrant/subjects/tool_subjects/dynodroid/com.angrydoughnuts.android.alarmclock_8_src/bin/ActivityAlarmClock-debug.apk
[propertyfile] Creating new property file: /vagrant/subjects/tool_subjects/dynodroid/com.angrydoughnuts.android.alarmclock_8_src/bin/build.prop
[propertyfile] Updating property file: /vagrant/subjects/tool_subjects/dynodroid/com.angrydoughnuts.android.alarmclock_8_src/bin/build.prop
[propertyfile] Updating property file: /vagrant/subjects/tool_subjects/dynodroid/com.angrydoughnuts.android.alarmclock_8_src/bin/build.prop
[propertyfile] Updating property file: /vagrant/subjects/tool_subjects/dynodroid/com.angrydoughnuts.android.alarmclock_8_src/bin/build.prop

-post-build:

debug:

BUILD SUCCESSFUL
Total time: 43 seconds
