Buildfile: /vagrant/subjects/tool_subjects/dynodroid/RandomMusicPlayer/build.xml

emma:

-set-mode-check:

-set-debug-files:

-check-env:
 [checkenv] Android SDK Tools Revision 23.0.2
 [checkenv] Installed at /home/vagrant/android-sdk-linux

-setup:
     [echo] Project Name: RandomMusicPlayer
  [gettype] Project Type: Self-Tested Application

-set-debug-mode:

-debug-obfuscation-check:

-pre-build:

-build-setup:
[getbuildtools] Using latest Build Tools: 20.0.0
     [echo] Resolving Build Target for RandomMusicPlayer...
[gettarget] Project Target:   Android 2.3.3
[gettarget] API level:        10
     [echo] ----------
     [echo] Creating output directories if needed...
    [mkdir] Created dir: /vagrant/subjects/tool_subjects/dynodroid/RandomMusicPlayer/bin
    [mkdir] Created dir: /vagrant/subjects/tool_subjects/dynodroid/RandomMusicPlayer/bin/res
    [mkdir] Created dir: /vagrant/subjects/tool_subjects/dynodroid/RandomMusicPlayer/bin/rsObj
    [mkdir] Created dir: /vagrant/subjects/tool_subjects/dynodroid/RandomMusicPlayer/bin/rsLibs
    [mkdir] Created dir: /vagrant/subjects/tool_subjects/dynodroid/RandomMusicPlayer/gen
    [mkdir] Created dir: /vagrant/subjects/tool_subjects/dynodroid/RandomMusicPlayer/bin/classes
    [mkdir] Created dir: /vagrant/subjects/tool_subjects/dynodroid/RandomMusicPlayer/bin/dexedLibs
     [echo] ----------
     [echo] Resolving Dependencies for RandomMusicPlayer...
[dependency] Library dependencies:
[dependency] No Libraries
[dependency] 
[dependency] ------------------
[dependency] API<=15: Adding annotations.jar to the classpath.
     [echo] ----------
     [echo] Building Libraries with 'instrument'...
   [subant] No sub-builds to iterate on

-code-gen:
[mergemanifest] Merging AndroidManifest files into one.
[mergemanifest] Manifest merger disabled. Using project manifest only.
     [echo] Handling aidl files...
     [aidl] No AIDL files to compile.
     [echo] ----------
     [echo] Handling RenderScript files...
     [echo] ----------
     [echo] Handling Resources...
     [aapt] Generating resource IDs...
     [echo] ----------
     [echo] Handling BuildConfig class...
[buildconfig] Generating BuildConfig class.

-pre-compile:

-compile:
    [javac] Compiling 13 source files to /vagrant/subjects/tool_subjects/dynodroid/RandomMusicPlayer/bin/classes
     [echo] Instrumenting classes from /vagrant/subjects/tool_subjects/dynodroid/RandomMusicPlayer/bin/classes...

-post-compile:

-obfuscate:

-dex:
      [dex] input: /vagrant/subjects/tool_subjects/dynodroid/RandomMusicPlayer/bin/classes
      [dex] input: /home/vagrant/android-sdk-linux/tools/support/annotations.jar
      [dex] input: /home/vagrant/android-sdk-linux/tools/lib/emma_device.jar
      [dex] Pre-Dexing /home/vagrant/android-sdk-linux/tools/support/annotations.jar -> annotations-5442badee1f6d6457826eac12c92c46e.jar
      [dex] Pre-Dexing /home/vagrant/android-sdk-linux/tools/lib/emma_device.jar -> emma_device-e790229f52a04d2b195df6976ccc31d7.jar
      [dex] Converting compiled files and external libraries into /vagrant/subjects/tool_subjects/dynodroid/RandomMusicPlayer/bin/classes.dex...
       [dx] Merged dex A (25 defs/33.9KiB) with dex B (2 defs/1.1KiB). Result is 27 defs/39.9KiB. Took 0.4s
       [dx] Merged dex A (27 defs/39.9KiB) with dex B (297 defs/326.8KiB). Result is 324 defs/441.4KiB. Took 0.7s

-crunch:
   [crunch] Crunching PNG Files in source dir: /vagrant/subjects/tool_subjects/dynodroid/RandomMusicPlayer/res
   [crunch] To destination dir: /vagrant/subjects/tool_subjects/dynodroid/RandomMusicPlayer/bin/res
   [crunch] Processing image to cache: /vagrant/subjects/tool_subjects/dynodroid/RandomMusicPlayer/res/drawable-hdpi-v9/ic_stat_playing.png => /vagrant/subjects/tool_subjects/dynodroid/RandomMusicPlayer/bin/res/drawable-hdpi-v9/ic_stat_playing.png
   [crunch]   (processed image to cache entry /vagrant/subjects/tool_subjects/dynodroid/RandomMusicPlayer/bin/res/drawable-hdpi-v9/ic_stat_playing.png: 0% size of source)
   [crunch] Processing image to cache: /vagrant/subjects/tool_subjects/dynodroid/RandomMusicPlayer/res/drawable-hdpi/eject.png => /vagrant/subjects/tool_subjects/dynodroid/RandomMusicPlayer/bin/res/drawable-hdpi/eject.png
   [crunch]   (processed image to cache entry /vagrant/subjects/tool_subjects/dynodroid/RandomMusicPlayer/bin/res/drawable-hdpi/eject.png: 0% size of source)
   [crunch] Processing image to cache: /vagrant/subjects/tool_subjects/dynodroid/RandomMusicPlayer/res/drawable-hdpi/eject_pressed.png => /vagrant/subjects/tool_subjects/dynodroid/RandomMusicPlayer/bin/res/drawable-hdpi/eject_pressed.png
   [crunch]   (processed image to cache entry /vagrant/subjects/tool_subjects/dynodroid/RandomMusicPlayer/bin/res/drawable-hdpi/eject_pressed.png: 0% size of source)
   [crunch] Processing image to cache: /vagrant/subjects/tool_subjects/dynodroid/RandomMusicPlayer/res/drawable-hdpi/ff.png => /vagrant/subjects/tool_subjects/dynodroid/RandomMusicPlayer/bin/res/drawable-hdpi/ff.png
   [crunch]   (processed image to cache entry /vagrant/subjects/tool_subjects/dynodroid/RandomMusicPlayer/bin/res/drawable-hdpi/ff.png: 0% size of source)
   [crunch] Processing image to cache: /vagrant/subjects/tool_subjects/dynodroid/RandomMusicPlayer/res/drawable-hdpi/ff_pressed.png => /vagrant/subjects/tool_subjects/dynodroid/RandomMusicPlayer/bin/res/drawable-hdpi/ff_pressed.png
   [crunch]   (processed image to cache entry /vagrant/subjects/tool_subjects/dynodroid/RandomMusicPlayer/bin/res/drawable-hdpi/ff_pressed.png: 0% size of source)
   [crunch] Processing image to cache: /vagrant/subjects/tool_subjects/dynodroid/RandomMusicPlayer/res/drawable-hdpi/ic_launcher.png => /vagrant/subjects/tool_subjects/dynodroid/RandomMusicPlayer/bin/res/drawable-hdpi/ic_launcher.png
   [crunch]   (processed image to cache entry /vagrant/subjects/tool_subjects/dynodroid/RandomMusicPlayer/bin/res/drawable-hdpi/ic_launcher.png: 0% size of source)
   [crunch] Processing image to cache: /vagrant/subjects/tool_subjects/dynodroid/RandomMusicPlayer/res/drawable-hdpi/ic_stat_playing.png => /vagrant/subjects/tool_subjects/dynodroid/RandomMusicPlayer/bin/res/drawable-hdpi/ic_stat_playing.png
   [crunch]   (processed image to cache entry /vagrant/subjects/tool_subjects/dynodroid/RandomMusicPlayer/bin/res/drawable-hdpi/ic_stat_playing.png: 0% size of source)
   [crunch] Processing image to cache: /vagrant/subjects/tool_subjects/dynodroid/RandomMusicPlayer/res/drawable-hdpi/pause.png => /vagrant/subjects/tool_subjects/dynodroid/RandomMusicPlayer/bin/res/drawable-hdpi/pause.png
   [crunch]   (processed image to cache entry /vagrant/subjects/tool_subjects/dynodroid/RandomMusicPlayer/bin/res/drawable-hdpi/pause.png: 0% size of source)
   [crunch] Processing image to cache: /vagrant/subjects/tool_subjects/dynodroid/RandomMusicPlayer/res/drawable-hdpi/pause_pressed.png => /vagrant/subjects/tool_subjects/dynodroid/RandomMusicPlayer/bin/res/drawable-hdpi/pause_pressed.png
   [crunch]   (processed image to cache entry /vagrant/subjects/tool_subjects/dynodroid/RandomMusicPlayer/bin/res/drawable-hdpi/pause_pressed.png: 0% size of source)
   [crunch] Processing image to cache: /vagrant/subjects/tool_subjects/dynodroid/RandomMusicPlayer/res/drawable-hdpi/play.png => /vagrant/subjects/tool_subjects/dynodroid/RandomMusicPlayer/bin/res/drawable-hdpi/play.png
   [crunch]   (processed image to cache entry /vagrant/subjects/tool_subjects/dynodroid/RandomMusicPlayer/bin/res/drawable-hdpi/play.png: 0% size of source)
   [crunch] Processing image to cache: /vagrant/subjects/tool_subjects/dynodroid/RandomMusicPlayer/res/drawable-hdpi/play_pressed.png => /vagrant/subjects/tool_subjects/dynodroid/RandomMusicPlayer/bin/res/drawable-hdpi/play_pressed.png
   [crunch]   (processed image to cache entry /vagrant/subjects/tool_subjects/dynodroid/RandomMusicPlayer/bin/res/drawable-hdpi/play_pressed.png: 0% size of source)
   [crunch] Processing image to cache: /vagrant/subjects/tool_subjects/dynodroid/RandomMusicPlayer/res/drawable-hdpi/rew.png => /vagrant/subjects/tool_subjects/dynodroid/RandomMusicPlayer/bin/res/drawable-hdpi/rew.png
   [crunch]   (processed image to cache entry /vagrant/subjects/tool_subjects/dynodroid/RandomMusicPlayer/bin/res/drawable-hdpi/rew.png: 0% size of source)
   [crunch] Processing image to cache: /vagrant/subjects/tool_subjects/dynodroid/RandomMusicPlayer/res/drawable-hdpi/rew_pressed.png => /vagrant/subjects/tool_subjects/dynodroid/RandomMusicPlayer/bin/res/drawable-hdpi/rew_pressed.png
   [crunch]   (processed image to cache entry /vagrant/subjects/tool_subjects/dynodroid/RandomMusicPlayer/bin/res/drawable-hdpi/rew_pressed.png: 0% size of source)
   [crunch] Processing image to cache: /vagrant/subjects/tool_subjects/dynodroid/RandomMusicPlayer/res/drawable-hdpi/stop.png => /vagrant/subjects/tool_subjects/dynodroid/RandomMusicPlayer/bin/res/drawable-hdpi/stop.png
   [crunch]   (processed image to cache entry /vagrant/subjects/tool_subjects/dynodroid/RandomMusicPlayer/bin/res/drawable-hdpi/stop.png: 0% size of source)
   [crunch] Processing image to cache: /vagrant/subjects/tool_subjects/dynodroid/RandomMusicPlayer/res/drawable-hdpi/stop_pressed.png => /vagrant/subjects/tool_subjects/dynodroid/RandomMusicPlayer/bin/res/drawable-hdpi/stop_pressed.png
   [crunch]   (processed image to cache entry /vagrant/subjects/tool_subjects/dynodroid/RandomMusicPlayer/bin/res/drawable-hdpi/stop_pressed.png: 0% size of source)
   [crunch] Processing image to cache: /vagrant/subjects/tool_subjects/dynodroid/RandomMusicPlayer/res/drawable-ldpi-v9/ic_stat_playing.png => /vagrant/subjects/tool_subjects/dynodroid/RandomMusicPlayer/bin/res/drawable-ldpi-v9/ic_stat_playing.png
   [crunch]   (processed image to cache entry /vagrant/subjects/tool_subjects/dynodroid/RandomMusicPlayer/bin/res/drawable-ldpi-v9/ic_stat_playing.png: 0% size of source)
   [crunch] Processing image to cache: /vagrant/subjects/tool_subjects/dynodroid/RandomMusicPlayer/res/drawable-ldpi/ic_launcher.png => /vagrant/subjects/tool_subjects/dynodroid/RandomMusicPlayer/bin/res/drawable-ldpi/ic_launcher.png
   [crunch]   (processed image to cache entry /vagrant/subjects/tool_subjects/dynodroid/RandomMusicPlayer/bin/res/drawable-ldpi/ic_launcher.png: 0% size of source)
   [crunch] Processing image to cache: /vagrant/subjects/tool_subjects/dynodroid/RandomMusicPlayer/res/drawable-ldpi/ic_stat_playing.png => /vagrant/subjects/tool_subjects/dynodroid/RandomMusicPlayer/bin/res/drawable-ldpi/ic_stat_playing.png
   [crunch]   (processed image to cache entry /vagrant/subjects/tool_subjects/dynodroid/RandomMusicPlayer/bin/res/drawable-ldpi/ic_stat_playing.png: 0% size of source)
   [crunch] Processing image to cache: /vagrant/subjects/tool_subjects/dynodroid/RandomMusicPlayer/res/drawable-mdpi-v9/ic_stat_playing.png => /vagrant/subjects/tool_subjects/dynodroid/RandomMusicPlayer/bin/res/drawable-mdpi-v9/ic_stat_playing.png
   [crunch]   (processed image to cache entry /vagrant/subjects/tool_subjects/dynodroid/RandomMusicPlayer/bin/res/drawable-mdpi-v9/ic_stat_playing.png: 0% size of source)
   [crunch] Processing image to cache: /vagrant/subjects/tool_subjects/dynodroid/RandomMusicPlayer/res/drawable-mdpi/eject.png => /vagrant/subjects/tool_subjects/dynodroid/RandomMusicPlayer/bin/res/drawable-mdpi/eject.png
   [crunch]   (processed image to cache entry /vagrant/subjects/tool_subjects/dynodroid/RandomMusicPlayer/bin/res/drawable-mdpi/eject.png: 0% size of source)
   [crunch] Processing image to cache: /vagrant/subjects/tool_subjects/dynodroid/RandomMusicPlayer/res/drawable-mdpi/eject_pressed.png => /vagrant/subjects/tool_subjects/dynodroid/RandomMusicPlayer/bin/res/drawable-mdpi/eject_pressed.png
   [crunch]   (processed image to cache entry /vagrant/subjects/tool_subjects/dynodroid/RandomMusicPlayer/bin/res/drawable-mdpi/eject_pressed.png: 0% size of source)
   [crunch] Processing image to cache: /vagrant/subjects/tool_subjects/dynodroid/RandomMusicPlayer/res/drawable-mdpi/ff.png => /vagrant/subjects/tool_subjects/dynodroid/RandomMusicPlayer/bin/res/drawable-mdpi/ff.png
   [crunch]   (processed image to cache entry /vagrant/subjects/tool_subjects/dynodroid/RandomMusicPlayer/bin/res/drawable-mdpi/ff.png: 0% size of source)
   [crunch] Processing image to cache: /vagrant/subjects/tool_subjects/dynodroid/RandomMusicPlayer/res/drawable-mdpi/ff_pressed.png => /vagrant/subjects/tool_subjects/dynodroid/RandomMusicPlayer/bin/res/drawable-mdpi/ff_pressed.png
   [crunch]   (processed image to cache entry /vagrant/subjects/tool_subjects/dynodroid/RandomMusicPlayer/bin/res/drawable-mdpi/ff_pressed.png: 0% size of source)
   [crunch] Processing image to cache: /vagrant/subjects/tool_subjects/dynodroid/RandomMusicPlayer/res/drawable-mdpi/ic_launcher.png => /vagrant/subjects/tool_subjects/dynodroid/RandomMusicPlayer/bin/res/drawable-mdpi/ic_launcher.png
   [crunch]   (processed image to cache entry /vagrant/subjects/tool_subjects/dynodroid/RandomMusicPlayer/bin/res/drawable-mdpi/ic_launcher.png: 0% size of source)
   [crunch] Processing image to cache: /vagrant/subjects/tool_subjects/dynodroid/RandomMusicPlayer/res/drawable-mdpi/ic_stat_playing.png => /vagrant/subjects/tool_subjects/dynodroid/RandomMusicPlayer/bin/res/drawable-mdpi/ic_stat_playing.png
   [crunch]   (processed image to cache entry /vagrant/subjects/tool_subjects/dynodroid/RandomMusicPlayer/bin/res/drawable-mdpi/ic_stat_playing.png: 0% size of source)
   [crunch] Processing image to cache: /vagrant/subjects/tool_subjects/dynodroid/RandomMusicPlayer/res/drawable-mdpi/pause.png => /vagrant/subjects/tool_subjects/dynodroid/RandomMusicPlayer/bin/res/drawable-mdpi/pause.png
   [crunch]   (processed image to cache entry /vagrant/subjects/tool_subjects/dynodroid/RandomMusicPlayer/bin/res/drawable-mdpi/pause.png: 0% size of source)
   [crunch] Processing image to cache: /vagrant/subjects/tool_subjects/dynodroid/RandomMusicPlayer/res/drawable-mdpi/pause_pressed.png => /vagrant/subjects/tool_subjects/dynodroid/RandomMusicPlayer/bin/res/drawable-mdpi/pause_pressed.png
   [crunch]   (processed image to cache entry /vagrant/subjects/tool_subjects/dynodroid/RandomMusicPlayer/bin/res/drawable-mdpi/pause_pressed.png: 0% size of source)
   [crunch] Processing image to cache: /vagrant/subjects/tool_subjects/dynodroid/RandomMusicPlayer/res/drawable-mdpi/play.png => /vagrant/subjects/tool_subjects/dynodroid/RandomMusicPlayer/bin/res/drawable-mdpi/play.png
   [crunch]   (processed image to cache entry /vagrant/subjects/tool_subjects/dynodroid/RandomMusicPlayer/bin/res/drawable-mdpi/play.png: 0% size of source)
   [crunch] Processing image to cache: /vagrant/subjects/tool_subjects/dynodroid/RandomMusicPlayer/res/drawable-mdpi/play_pressed.png => /vagrant/subjects/tool_subjects/dynodroid/RandomMusicPlayer/bin/res/drawable-mdpi/play_pressed.png
   [crunch]   (processed image to cache entry /vagrant/subjects/tool_subjects/dynodroid/RandomMusicPlayer/bin/res/drawable-mdpi/play_pressed.png: 0% size of source)
   [crunch] Processing image to cache: /vagrant/subjects/tool_subjects/dynodroid/RandomMusicPlayer/res/drawable-mdpi/rew.png => /vagrant/subjects/tool_subjects/dynodroid/RandomMusicPlayer/bin/res/drawable-mdpi/rew.png
   [crunch]   (processed image to cache entry /vagrant/subjects/tool_subjects/dynodroid/RandomMusicPlayer/bin/res/drawable-mdpi/rew.png: 0% size of source)
   [crunch] Processing image to cache: /vagrant/subjects/tool_subjects/dynodroid/RandomMusicPlayer/res/drawable-mdpi/rew_pressed.png => /vagrant/subjects/tool_subjects/dynodroid/RandomMusicPlayer/bin/res/drawable-mdpi/rew_pressed.png
   [crunch]   (processed image to cache entry /vagrant/subjects/tool_subjects/dynodroid/RandomMusicPlayer/bin/res/drawable-mdpi/rew_pressed.png: 0% size of source)
   [crunch] Processing image to cache: /vagrant/subjects/tool_subjects/dynodroid/RandomMusicPlayer/res/drawable-mdpi/stop.png => /vagrant/subjects/tool_subjects/dynodroid/RandomMusicPlayer/bin/res/drawable-mdpi/stop.png
   [crunch]   (processed image to cache entry /vagrant/subjects/tool_subjects/dynodroid/RandomMusicPlayer/bin/res/drawable-mdpi/stop.png: 0% size of source)
   [crunch] Processing image to cache: /vagrant/subjects/tool_subjects/dynodroid/RandomMusicPlayer/res/drawable-mdpi/stop_pressed.png => /vagrant/subjects/tool_subjects/dynodroid/RandomMusicPlayer/bin/res/drawable-mdpi/stop_pressed.png
   [crunch]   (processed image to cache entry /vagrant/subjects/tool_subjects/dynodroid/RandomMusicPlayer/bin/res/drawable-mdpi/stop_pressed.png: 0% size of source)
   [crunch] Crunched 33 PNG files to update cache

-package-resources:
     [aapt] Creating full resource package...

-package:
[apkbuilder] Current build type is different than previous build: forced apkbuilder run.
[apkbuilder] Creating RandomMusicPlayer-debug-unaligned.apk and signing it with a debug key...

-post-package:

-do-debug:
 [zipalign] Running zip align on final apk...
     [echo] Debug Package: /vagrant/subjects/tool_subjects/dynodroid/RandomMusicPlayer/bin/RandomMusicPlayer-debug.apk
[propertyfile] Creating new property file: /vagrant/subjects/tool_subjects/dynodroid/RandomMusicPlayer/bin/build.prop
[propertyfile] Updating property file: /vagrant/subjects/tool_subjects/dynodroid/RandomMusicPlayer/bin/build.prop
[propertyfile] Updating property file: /vagrant/subjects/tool_subjects/dynodroid/RandomMusicPlayer/bin/build.prop
[propertyfile] Updating property file: /vagrant/subjects/tool_subjects/dynodroid/RandomMusicPlayer/bin/build.prop

-post-build:

debug:

BUILD SUCCESSFUL
Total time: 26 seconds
