Buildfile: /vagrant/subjects/tool_subjects/dynodroid/com.everysoft.autoanswer_6_src/build.xml

emma:

-set-mode-check:

-set-debug-files:

-check-env:
 [checkenv] Android SDK Tools Revision 23.0.2
 [checkenv] Installed at /home/vagrant/android-sdk-linux

-setup:
     [echo] Project Name: AutoAnswerPreferenceActivity
  [gettype] Project Type: Self-Tested Application

-set-debug-mode:

-debug-obfuscation-check:

-pre-build:

-build-setup:
[getbuildtools] Using latest Build Tools: 20.0.0
     [echo] Resolving Build Target for AutoAnswerPreferenceActivity...
[gettarget] Project Target:   Android 2.3.3
[gettarget] API level:        10
     [echo] ----------
     [echo] Creating output directories if needed...
    [mkdir] Created dir: /vagrant/subjects/tool_subjects/dynodroid/com.everysoft.autoanswer_6_src/bin
    [mkdir] Created dir: /vagrant/subjects/tool_subjects/dynodroid/com.everysoft.autoanswer_6_src/bin/res
    [mkdir] Created dir: /vagrant/subjects/tool_subjects/dynodroid/com.everysoft.autoanswer_6_src/bin/rsObj
    [mkdir] Created dir: /vagrant/subjects/tool_subjects/dynodroid/com.everysoft.autoanswer_6_src/bin/rsLibs
    [mkdir] Created dir: /vagrant/subjects/tool_subjects/dynodroid/com.everysoft.autoanswer_6_src/gen
    [mkdir] Created dir: /vagrant/subjects/tool_subjects/dynodroid/com.everysoft.autoanswer_6_src/bin/classes
    [mkdir] Created dir: /vagrant/subjects/tool_subjects/dynodroid/com.everysoft.autoanswer_6_src/bin/dexedLibs
     [echo] ----------
     [echo] Resolving Dependencies for AutoAnswerPreferenceActivity...
[dependency] Library dependencies:
[dependency] No Libraries
[dependency] 
[dependency] ------------------
[dependency] API<=15: Adding annotations.jar to the classpath.
     [echo] ----------
     [echo] Building Libraries with 'instrument'...
   [subant] No sub-builds to iterate on

-code-gen:
[mergemanifest] Merging AndroidManifest files into one.
[mergemanifest] Manifest merger disabled. Using project manifest only.
     [echo] Handling aidl files...
     [aidl] Found 2 AIDL files.
     [aidl] Compiling 2 AIDL files.
     [echo] ----------
     [echo] Handling RenderScript files...
     [echo] ----------
     [echo] Handling Resources...
     [aapt] Generating resource IDs...
     [echo] ----------
     [echo] Handling BuildConfig class...
[buildconfig] Generating BuildConfig class.

-pre-compile:

-compile:
    [javac] Compiling 15 source files to /vagrant/subjects/tool_subjects/dynodroid/com.everysoft.autoanswer_6_src/bin/classes
     [echo] Instrumenting classes from /vagrant/subjects/tool_subjects/dynodroid/com.everysoft.autoanswer_6_src/bin/classes...

-post-compile:

-obfuscate:

-dex:
      [dex] input: /vagrant/subjects/tool_subjects/dynodroid/com.everysoft.autoanswer_6_src/bin/classes
      [dex] input: /home/vagrant/android-sdk-linux/tools/support/annotations.jar
      [dex] input: /home/vagrant/android-sdk-linux/tools/lib/emma_device.jar
      [dex] Pre-Dexing /home/vagrant/android-sdk-linux/tools/support/annotations.jar -> annotations-5442badee1f6d6457826eac12c92c46e.jar
      [dex] Pre-Dexing /home/vagrant/android-sdk-linux/tools/lib/emma_device.jar -> emma_device-e790229f52a04d2b195df6976ccc31d7.jar
      [dex] Converting compiled files and external libraries into /vagrant/subjects/tool_subjects/dynodroid/com.everysoft.autoanswer_6_src/bin/classes.dex...
       [dx] Merged dex A (27 defs/31.3KiB) with dex B (2 defs/1.1KiB). Result is 29 defs/37.1KiB. Took 0.2s
       [dx] Merged dex A (29 defs/37.1KiB) with dex B (297 defs/326.8KiB). Result is 326 defs/438.2KiB. Took 0.7s

-crunch:
   [crunch] Crunching PNG Files in source dir: /vagrant/subjects/tool_subjects/dynodroid/com.everysoft.autoanswer_6_src/res
   [crunch] To destination dir: /vagrant/subjects/tool_subjects/dynodroid/com.everysoft.autoanswer_6_src/bin/res
   [crunch] Processing image to cache: /vagrant/subjects/tool_subjects/dynodroid/com.everysoft.autoanswer_6_src/res/drawable-hdpi/icon.png => /vagrant/subjects/tool_subjects/dynodroid/com.everysoft.autoanswer_6_src/bin/res/drawable-hdpi/icon.png
   [crunch]   (processed image to cache entry /vagrant/subjects/tool_subjects/dynodroid/com.everysoft.autoanswer_6_src/bin/res/drawable-hdpi/icon.png: 88% size of source)
   [crunch] Processing image to cache: /vagrant/subjects/tool_subjects/dynodroid/com.everysoft.autoanswer_6_src/res/drawable-hdpi/stat_sys_autoanswer.png => /vagrant/subjects/tool_subjects/dynodroid/com.everysoft.autoanswer_6_src/bin/res/drawable-hdpi/stat_sys_autoanswer.png
   [crunch]   (processed image to cache entry /vagrant/subjects/tool_subjects/dynodroid/com.everysoft.autoanswer_6_src/bin/res/drawable-hdpi/stat_sys_autoanswer.png: 0% size of source)
   [crunch] Processing image to cache: /vagrant/subjects/tool_subjects/dynodroid/com.everysoft.autoanswer_6_src/res/drawable-ldpi/icon.png => /vagrant/subjects/tool_subjects/dynodroid/com.everysoft.autoanswer_6_src/bin/res/drawable-ldpi/icon.png
   [crunch]   (processed image to cache entry /vagrant/subjects/tool_subjects/dynodroid/com.everysoft.autoanswer_6_src/bin/res/drawable-ldpi/icon.png: 0% size of source)
   [crunch] Processing image to cache: /vagrant/subjects/tool_subjects/dynodroid/com.everysoft.autoanswer_6_src/res/drawable-mdpi/icon.png => /vagrant/subjects/tool_subjects/dynodroid/com.everysoft.autoanswer_6_src/bin/res/drawable-mdpi/icon.png
   [crunch]   (processed image to cache entry /vagrant/subjects/tool_subjects/dynodroid/com.everysoft.autoanswer_6_src/bin/res/drawable-mdpi/icon.png: 0% size of source)
   [crunch] Processing image to cache: /vagrant/subjects/tool_subjects/dynodroid/com.everysoft.autoanswer_6_src/res/drawable-mdpi/stat_sys_autoanswer.png => /vagrant/subjects/tool_subjects/dynodroid/com.everysoft.autoanswer_6_src/bin/res/drawable-mdpi/stat_sys_autoanswer.png
   [crunch]   (processed image to cache entry /vagrant/subjects/tool_subjects/dynodroid/com.everysoft.autoanswer_6_src/bin/res/drawable-mdpi/stat_sys_autoanswer.png: 0% size of source)
   [crunch] Crunched 5 PNG files to update cache

-package-resources:
     [aapt] Creating full resource package...

-package:
[apkbuilder] Current build type is different than previous build: forced apkbuilder run.
[apkbuilder] Creating AutoAnswerPreferenceActivity-debug-unaligned.apk and signing it with a debug key...

-post-package:

-do-debug:
 [zipalign] Running zip align on final apk...
     [echo] Debug Package: /vagrant/subjects/tool_subjects/dynodroid/com.everysoft.autoanswer_6_src/bin/AutoAnswerPreferenceActivity-debug.apk
[propertyfile] Creating new property file: /vagrant/subjects/tool_subjects/dynodroid/com.everysoft.autoanswer_6_src/bin/build.prop
[propertyfile] Updating property file: /vagrant/subjects/tool_subjects/dynodroid/com.everysoft.autoanswer_6_src/bin/build.prop
[propertyfile] Updating property file: /vagrant/subjects/tool_subjects/dynodroid/com.everysoft.autoanswer_6_src/bin/build.prop
[propertyfile] Updating property file: /vagrant/subjects/tool_subjects/dynodroid/com.everysoft.autoanswer_6_src/bin/build.prop

-post-build:

debug:

BUILD SUCCESSFUL
Total time: 24 seconds
