Buildfile: /vagrant/subjects/tool_subjects/dynodroid/RandomMusicPlayer/build_acteve.xml

emma:

-set-mode-check:

-set-debug-files:

-check-env:
 [checkenv] Android SDK Tools Revision 23.0.2
 [checkenv] Installed at /home/vagrant/android-sdk-linux

-setup:
     [echo] Project Name: RandomMusicPlayer
  [gettype] Project Type: Self-Tested Application

-set-debug-mode:

-debug-obfuscation-check:

-pre-build:

-build-setup:
[getbuildtools] Using latest Build Tools: 20.0.0
     [echo] Resolving Build Target for RandomMusicPlayer...
[gettarget] Project Target:   Android 2.3.3
[gettarget] API level:        10
     [echo] ----------
     [echo] Creating output directories if needed...
    [mkdir] Created dir: /vagrant/subjects/tool_subjects/dynodroid/RandomMusicPlayer/bin/rsObj
    [mkdir] Created dir: /vagrant/subjects/tool_subjects/dynodroid/RandomMusicPlayer/bin/rsLibs
     [echo] ----------
     [echo] Resolving Dependencies for RandomMusicPlayer...
[dependency] Library dependencies:
[dependency] No Libraries
[dependency] 
[dependency] ------------------
[dependency] API<=15: Adding annotations.jar to the classpath.
     [echo] ----------
     [echo] Building Libraries with 'instrument'...
   [subant] No sub-builds to iterate on

-code-gen:
[mergemanifest] No changes in the AndroidManifest files.
     [echo] Handling aidl files...
     [aidl] No AIDL files to compile.
     [echo] ----------
     [echo] Handling RenderScript files...
     [echo] ----------
     [echo] Handling Resources...
     [aapt] Found new input file
     [aapt] Generating resource IDs...
     [echo] ----------
     [echo] Handling BuildConfig class...
[buildconfig] No need to generate new BuildConfig.

-pre-compile:

-compile:
    [javac] Compiling 1 source file to /vagrant/subjects/tool_subjects/dynodroid/RandomMusicPlayer/bin/classes
     [echo] Instrumenting classes from /vagrant/subjects/tool_subjects/dynodroid/RandomMusicPlayer/bin/classes...

-post-compile:

-obfuscate:

-dex:
      [dex] input: /vagrant/subjects/tool_subjects/dynodroid/RandomMusicPlayer/bin/classes
      [dex] input: /home/vagrant/android-sdk-linux/tools/support/annotations.jar
      [dex] input: /home/vagrant/android-sdk-linux/tools/lib/emma_device.jar
      [dex] Using Pre-Dexed annotations-5442badee1f6d6457826eac12c92c46e.jar <- /home/vagrant/android-sdk-linux/tools/support/annotations.jar
      [dex] Using Pre-Dexed emma_device-e790229f52a04d2b195df6976ccc31d7.jar <- /home/vagrant/android-sdk-linux/tools/lib/emma_device.jar
      [dex] Found modified input file
      [dex] Converting compiled files and external libraries into /vagrant/subjects/tool_subjects/dynodroid/RandomMusicPlayer/bin/classes.dex...
       [dx] Merged dex A (25 defs/33.9KiB) with dex B (2 defs/1.1KiB). Result is 27 defs/39.9KiB. Took 0.3s
       [dx] Merged dex A (27 defs/39.9KiB) with dex B (297 defs/326.8KiB). Result is 324 defs/441.4KiB. Took 0.6s

-crunch:
   [crunch] Crunching PNG Files in source dir: /vagrant/subjects/tool_subjects/dynodroid/RandomMusicPlayer/res
   [crunch] To destination dir: /vagrant/subjects/tool_subjects/dynodroid/RandomMusicPlayer/bin/res
   [crunch] Crunched 0 PNG files to update cache

-package-resources:
     [aapt] No changed resources or assets. RandomMusicPlayer.ap_ remains untouched

-package:
[apkbuilder] Found modified input file
[apkbuilder] Creating RandomMusicPlayer-debug-unaligned.apk and signing it with a debug key...

-post-package:

-do-debug:
 [zipalign] Running zip align on final apk...
     [echo] Debug Package: /vagrant/subjects/tool_subjects/dynodroid/RandomMusicPlayer/bin/RandomMusicPlayer-debug.apk
[propertyfile] Updating property file: /vagrant/subjects/tool_subjects/dynodroid/RandomMusicPlayer/bin/build.prop
[propertyfile] Updating property file: /vagrant/subjects/tool_subjects/dynodroid/RandomMusicPlayer/bin/build.prop
[propertyfile] Updating property file: /vagrant/subjects/tool_subjects/dynodroid/RandomMusicPlayer/bin/build.prop
[propertyfile] Updating property file: /vagrant/subjects/tool_subjects/dynodroid/RandomMusicPlayer/bin/build.prop

-post-build:

debug:

BUILD SUCCESSFUL
Total time: 11 seconds
