Buildfile: /vagrant/subjects/tool_subjects/dynodroid/k9mail/build_acteve.xml

emma:

-set-mode-check:

-set-debug-files:

-check-env:
 [checkenv] Android SDK Tools Revision 23.0.2
 [checkenv] Installed at /home/vagrant/android-sdk-linux

-setup:
     [echo] Project Name: k9mail
  [gettype] Project Type: Self-Tested Application

-set-debug-mode:

-debug-obfuscation-check:

-pre-build:

-build-setup:
[getbuildtools] Using latest Build Tools: 20.0.0
     [echo] Resolving Build Target for k9mail...
[gettarget] Project Target:   Android 2.3.3
[gettarget] API level:        10
     [echo] ----------
     [echo] Creating output directories if needed...
    [mkdir] Created dir: /vagrant/subjects/tool_subjects/dynodroid/k9mail/bin/rsObj
    [mkdir] Created dir: /vagrant/subjects/tool_subjects/dynodroid/k9mail/bin/rsLibs
     [echo] ----------
     [echo] Resolving Dependencies for k9mail...
[dependency] Library dependencies:
[dependency] No Libraries
[dependency] 
[dependency] ------------------
[dependency] API<=15: Adding annotations.jar to the classpath.
     [echo] ----------
     [echo] Building Libraries with 'instrument'...
   [subant] No sub-builds to iterate on

-code-gen:
[mergemanifest] No changes in the AndroidManifest files.
     [echo] Handling aidl files...
     [aidl] No AIDL files to compile.
     [echo] ----------
     [echo] Handling RenderScript files...
     [echo] ----------
     [echo] Handling Resources...
     [aapt] Found new input file
     [aapt] Generating resource IDs...
     [aapt] aapt: warning: string 'message_compose_fwd_header_fmt' has no default translation in /vagrant/subjects/tool_subjects/dynodroid/k9mail/res; found: pt_BR
     [aapt] aapt: warning: string 'status_polling_off' has no default translation in /vagrant/subjects/tool_subjects/dynodroid/k9mail/res; found: gl
     [echo] ----------
     [echo] Handling BuildConfig class...
[buildconfig] No need to generate new BuildConfig.

-pre-compile:

-compile:
    [javac] Compiling 2 source files to /vagrant/subjects/tool_subjects/dynodroid/k9mail/bin/classes
     [echo] Instrumenting classes from /vagrant/subjects/tool_subjects/dynodroid/k9mail/bin/classes...

-post-compile:

-obfuscate:

-dex:
      [dex] input: /vagrant/subjects/tool_subjects/dynodroid/k9mail/bin/classes
      [dex] input: /vagrant/subjects/tool_subjects/dynodroid/k9mail/libs/junit-4.8.2.jar
      [dex] input: /home/vagrant/android-sdk-linux/tools/support/annotations.jar
      [dex] input: /vagrant/subjects/tool_subjects/dynodroid/k9mail/libs/commons-codec-1.3.jar
      [dex] input: /vagrant/subjects/tool_subjects/dynodroid/k9mail/libs/jzlib-1.0.7.jar
      [dex] input: /vagrant/subjects/tool_subjects/dynodroid/k9mail/libs/jutf7-1.0.1-SNAPSHOT.jar
      [dex] input: /vagrant/subjects/tool_subjects/dynodroid/k9mail/libs/apache-mime4j-core-0.7-SNAPSHOT.jar
      [dex] input: /vagrant/subjects/tool_subjects/dynodroid/k9mail/libs/apache-mime4j-dom-0.7-SNAPSHOT.jar
      [dex] input: /vagrant/subjects/tool_subjects/dynodroid/k9mail/libs/commons-logging-1.1.1.jar
      [dex] input: /vagrant/subjects/tool_subjects/dynodroid/k9mail/libs/commons-io-2.0.1.jar
      [dex] input: /vagrant/subjects/tool_subjects/dynodroid/k9mail/libs/bcprov-jdk15-143.jar
      [dex] input: /home/vagrant/android-sdk-linux/tools/lib/emma_device.jar
      [dex] Using Pre-Dexed junit-4.8.2-b85ff34e0ccfaedae105f57cc0e5e08e.jar <- /vagrant/subjects/tool_subjects/dynodroid/k9mail/libs/junit-4.8.2.jar
      [dex] Using Pre-Dexed annotations-5442badee1f6d6457826eac12c92c46e.jar <- /home/vagrant/android-sdk-linux/tools/support/annotations.jar
      [dex] Using Pre-Dexed commons-codec-1.3-a9efce7af066e9cca4fb6d5c24779720.jar <- /vagrant/subjects/tool_subjects/dynodroid/k9mail/libs/commons-codec-1.3.jar
      [dex] Using Pre-Dexed jzlib-1.0.7-7e8ab50ade81e3b763ee127c45b50623.jar <- /vagrant/subjects/tool_subjects/dynodroid/k9mail/libs/jzlib-1.0.7.jar
      [dex] Using Pre-Dexed jutf7-1.0.1-SNAPSHOT-b51f022a433d0e789ed726569e363e04.jar <- /vagrant/subjects/tool_subjects/dynodroid/k9mail/libs/jutf7-1.0.1-SNAPSHOT.jar
      [dex] Using Pre-Dexed apache-mime4j-core-0.7-SNAPSHOT-611737207fdbbdc001d913fad96fdfd6.jar <- /vagrant/subjects/tool_subjects/dynodroid/k9mail/libs/apache-mime4j-core-0.7-SNAPSHOT.jar
      [dex] Using Pre-Dexed apache-mime4j-dom-0.7-SNAPSHOT-2dcb1f5374f7efe59eab186a4129de29.jar <- /vagrant/subjects/tool_subjects/dynodroid/k9mail/libs/apache-mime4j-dom-0.7-SNAPSHOT.jar
      [dex] Using Pre-Dexed commons-logging-1.1.1-8aeb68decf719a77835e54eb7a39ddea.jar <- /vagrant/subjects/tool_subjects/dynodroid/k9mail/libs/commons-logging-1.1.1.jar
      [dex] Using Pre-Dexed commons-io-2.0.1-f58ac585602e9be0902fb4bd0ca6d067.jar <- /vagrant/subjects/tool_subjects/dynodroid/k9mail/libs/commons-io-2.0.1.jar
      [dex] Using Pre-Dexed bcprov-jdk15-143-3deebd1cac748532b1c97df05738504f.jar <- /vagrant/subjects/tool_subjects/dynodroid/k9mail/libs/bcprov-jdk15-143.jar
      [dex] Using Pre-Dexed emma_device-e790229f52a04d2b195df6976ccc31d7.jar <- /home/vagrant/android-sdk-linux/tools/lib/emma_device.jar
      [dex] Found modified input file
      [dex] Converting compiled files and external libraries into /vagrant/subjects/tool_subjects/dynodroid/k9mail/bin/classes.dex...
       [dx] Merged dex A (591 defs/1294.3KiB) with dex B (230 defs/160.6KiB). Result is 821 defs/1760.2KiB. Took 1.5s
       [dx] Merged dex A (821 defs/1760.2KiB) with dex B (2 defs/1.1KiB). Result is 823 defs/2209.9KiB. Took 0.4s
       [dx] Result compacted from 2963.6KiB to 1483.2KiB to save 1480.4KiB
       [dx] Merged dex A (823 defs/2209.9KiB) with dex B (25 defs/38.9KiB). Result is 848 defs/1483.2KiB. Took 0.5s
       [dx] Merged dex A (848 defs/1483.2KiB) with dex B (14 defs/51.6KiB). Result is 862 defs/1859.7KiB. Took 0.2s
       [dx] Merged dex A (862 defs/1859.7KiB) with dex B (7 defs/10.1KiB). Result is 869 defs/2350.7KiB. Took 0.1s
       [dx] Result compacted from 3203.6KiB to 1619.1KiB to save 1584.5KiB
       [dx] Merged dex A (869 defs/2350.7KiB) with dex B (55 defs/87.5KiB). Result is 924 defs/1619.1KiB. Took 0.2s
       [dx] Merged dex A (924 defs/1619.1KiB) with dex B (163 defs/241.3KiB). Result is 1087 defs/2261.4KiB. Took 0.1s
       [dx] Merged dex A (1087 defs/2261.4KiB) with dex B (28 defs/60.8KiB). Result is 1115 defs/2924.5KiB. Took 0.1s
       [dx] Result compacted from 4049.7KiB to 2036.1KiB to save 2013.7KiB
       [dx] Merged dex A (1115 defs/2924.5KiB) with dex B (104 defs/144.8KiB). Result is 1219 defs/2036.1KiB. Took 0.3s
       [dx] Merged dex A (1219 defs/2036.1KiB) with dex B (1352 defs/1360.5KiB). Result is 2571 defs/4061.9KiB. Took 0.2s
       [dx] Result compacted from 5395.5KiB to 3704.8KiB to save 1690.8KiB
       [dx] Merged dex A (2571 defs/4061.9KiB) with dex B (297 defs/326.8KiB). Result is 2868 defs/3704.8KiB. Took 0.4s

-crunch:
   [crunch] Crunching PNG Files in source dir: /vagrant/subjects/tool_subjects/dynodroid/k9mail/res
   [crunch] To destination dir: /vagrant/subjects/tool_subjects/dynodroid/k9mail/bin/res
   [crunch] Crunched 0 PNG files to update cache

-package-resources:
     [aapt] No changed resources or assets. k9mail.ap_ remains untouched

-package:
[apkbuilder] Found modified input file
[apkbuilder] Creating k9mail-debug-unaligned.apk and signing it with a debug key...

-post-package:

-do-debug:
 [zipalign] Running zip align on final apk...
     [echo] Debug Package: /vagrant/subjects/tool_subjects/dynodroid/k9mail/bin/k9mail-debug.apk
[propertyfile] Updating property file: /vagrant/subjects/tool_subjects/dynodroid/k9mail/bin/build.prop
[propertyfile] Updating property file: /vagrant/subjects/tool_subjects/dynodroid/k9mail/bin/build.prop
[propertyfile] Updating property file: /vagrant/subjects/tool_subjects/dynodroid/k9mail/bin/build.prop
[propertyfile] Updating property file: /vagrant/subjects/tool_subjects/dynodroid/k9mail/bin/build.prop

-post-build:

debug:

BUILD SUCCESSFUL
Total time: 48 seconds
