Buildfile: /vagrant/subjects/tool_subjects/dynodroid/org.jfedor.frozenbubble_13_src/build.xml

emma:

-set-mode-check:

-set-debug-files:

-check-env:
 [checkenv] Android SDK Tools Revision 23.0.2
 [checkenv] Installed at /home/vagrant/android-sdk-linux

-setup:
     [echo] Project Name: FrozenBubble
  [gettype] Project Type: Self-Tested Application

-set-debug-mode:

-debug-obfuscation-check:

-pre-build:

-build-setup:
[getbuildtools] Using latest Build Tools: 20.0.0
     [echo] Resolving Build Target for FrozenBubble...
[gettarget] Project Target:   Android 2.3.3
[gettarget] API level:        10
     [echo] ----------
     [echo] Creating output directories if needed...
    [mkdir] Created dir: /vagrant/subjects/tool_subjects/dynodroid/org.jfedor.frozenbubble_13_src/bin
    [mkdir] Created dir: /vagrant/subjects/tool_subjects/dynodroid/org.jfedor.frozenbubble_13_src/bin/res
    [mkdir] Created dir: /vagrant/subjects/tool_subjects/dynodroid/org.jfedor.frozenbubble_13_src/bin/rsObj
    [mkdir] Created dir: /vagrant/subjects/tool_subjects/dynodroid/org.jfedor.frozenbubble_13_src/bin/rsLibs
    [mkdir] Created dir: /vagrant/subjects/tool_subjects/dynodroid/org.jfedor.frozenbubble_13_src/gen
    [mkdir] Created dir: /vagrant/subjects/tool_subjects/dynodroid/org.jfedor.frozenbubble_13_src/bin/classes
    [mkdir] Created dir: /vagrant/subjects/tool_subjects/dynodroid/org.jfedor.frozenbubble_13_src/bin/dexedLibs
     [echo] ----------
     [echo] Resolving Dependencies for FrozenBubble...
[dependency] Library dependencies:
[dependency] No Libraries
[dependency] 
[dependency] ------------------
[dependency] API<=15: Adding annotations.jar to the classpath.
     [echo] ----------
     [echo] Building Libraries with 'instrument'...
   [subant] No sub-builds to iterate on

-code-gen:
[mergemanifest] Merging AndroidManifest files into one.
[mergemanifest] Manifest merger disabled. Using project manifest only.
     [echo] Handling aidl files...
     [aidl] No AIDL files to compile.
     [echo] ----------
     [echo] Handling RenderScript files...
     [echo] ----------
     [echo] Handling Resources...
     [aapt] Generating resource IDs...
     [echo] ----------
     [echo] Handling BuildConfig class...
[buildconfig] Generating BuildConfig class.

-pre-compile:

-compile:
    [javac] Compiling 21 source files to /vagrant/subjects/tool_subjects/dynodroid/org.jfedor.frozenbubble_13_src/bin/classes
    [javac] Note: Some input files use unchecked or unsafe operations.
    [javac] Note: Recompile with -Xlint:unchecked for details.
     [echo] Instrumenting classes from /vagrant/subjects/tool_subjects/dynodroid/org.jfedor.frozenbubble_13_src/bin/classes...

-post-compile:

-obfuscate:

-dex:
      [dex] input: /vagrant/subjects/tool_subjects/dynodroid/org.jfedor.frozenbubble_13_src/bin/classes
      [dex] input: /home/vagrant/android-sdk-linux/tools/support/annotations.jar
      [dex] input: /home/vagrant/android-sdk-linux/tools/lib/emma_device.jar
      [dex] Pre-Dexing /home/vagrant/android-sdk-linux/tools/support/annotations.jar -> annotations-5442badee1f6d6457826eac12c92c46e.jar
      [dex] Pre-Dexing /home/vagrant/android-sdk-linux/tools/lib/emma_device.jar -> emma_device-e790229f52a04d2b195df6976ccc31d7.jar
      [dex] Converting compiled files and external libraries into /vagrant/subjects/tool_subjects/dynodroid/org.jfedor.frozenbubble_13_src/bin/classes.dex...
       [dx] Merged dex A (29 defs/77.3KiB) with dex B (2 defs/1.1KiB). Result is 31 defs/93.9KiB. Took 0.4s
       [dx] Merged dex A (31 defs/93.9KiB) with dex B (297 defs/326.8KiB). Result is 328 defs/510.8KiB. Took 0.6s

-crunch:
   [crunch] Crunching PNG Files in source dir: /vagrant/subjects/tool_subjects/dynodroid/org.jfedor.frozenbubble_13_src/res
   [crunch] To destination dir: /vagrant/subjects/tool_subjects/dynodroid/org.jfedor.frozenbubble_13_src/bin/res
   [crunch] Processing image to cache: /vagrant/subjects/tool_subjects/dynodroid/org.jfedor.frozenbubble_13_src/res/drawable/app_frozen_bubble.png => /vagrant/subjects/tool_subjects/dynodroid/org.jfedor.frozenbubble_13_src/bin/res/drawable/app_frozen_bubble.png
   [crunch]   (processed image to cache entry /vagrant/subjects/tool_subjects/dynodroid/org.jfedor.frozenbubble_13_src/bin/res/drawable/app_frozen_bubble.png: 95% size of source)
   [crunch] Processing image to cache: /vagrant/subjects/tool_subjects/dynodroid/org.jfedor.frozenbubble_13_src/res/drawable/compressor_body.png => /vagrant/subjects/tool_subjects/dynodroid/org.jfedor.frozenbubble_13_src/bin/res/drawable/compressor_body.png
   [crunch]   (processed image to cache entry /vagrant/subjects/tool_subjects/dynodroid/org.jfedor.frozenbubble_13_src/bin/res/drawable/compressor_body.png: 0% size of source)
   [crunch] Processing image to cache: /vagrant/subjects/tool_subjects/dynodroid/org.jfedor.frozenbubble_13_src/res/drawable/launcher.png => /vagrant/subjects/tool_subjects/dynodroid/org.jfedor.frozenbubble_13_src/bin/res/drawable/launcher.png
   [crunch]   (processed image to cache entry /vagrant/subjects/tool_subjects/dynodroid/org.jfedor.frozenbubble_13_src/bin/res/drawable/launcher.png: 0% size of source)
   [crunch] Crunched 3 PNG files to update cache

-package-resources:
     [aapt] Creating full resource package...

-package:
[apkbuilder] Current build type is different than previous build: forced apkbuilder run.
[apkbuilder] Creating FrozenBubble-debug-unaligned.apk and signing it with a debug key...

-post-package:

-do-debug:
 [zipalign] Running zip align on final apk...
     [echo] Debug Package: /vagrant/subjects/tool_subjects/dynodroid/org.jfedor.frozenbubble_13_src/bin/FrozenBubble-debug.apk
[propertyfile] Creating new property file: /vagrant/subjects/tool_subjects/dynodroid/org.jfedor.frozenbubble_13_src/bin/build.prop
[propertyfile] Updating property file: /vagrant/subjects/tool_subjects/dynodroid/org.jfedor.frozenbubble_13_src/bin/build.prop
[propertyfile] Updating property file: /vagrant/subjects/tool_subjects/dynodroid/org.jfedor.frozenbubble_13_src/bin/build.prop
[propertyfile] Updating property file: /vagrant/subjects/tool_subjects/dynodroid/org.jfedor.frozenbubble_13_src/bin/build.prop

-post-build:

debug:

BUILD SUCCESSFUL
Total time: 31 seconds
