Buildfile: /vagrant/subjects/tool_subjects/new/Ringdroid/build.xml

emma:

-set-mode-check:

-set-debug-files:

-check-env:
 [checkenv] Android SDK Tools Revision 23.0.2
 [checkenv] Installed at /home/vagrant/android-sdk-linux

-setup:
     [echo] Project Name: RingdroidSelectActivity
  [gettype] Project Type: Self-Tested Application

-set-debug-mode:

-debug-obfuscation-check:

-pre-build:

-build-setup:
[getbuildtools] Using latest Build Tools: 20.0.0
     [echo] Resolving Build Target for RingdroidSelectActivity...
[gettarget] Project Target:   Android 4.1.2
[gettarget] API level:        16
     [echo] ----------
     [echo] Creating output directories if needed...
    [mkdir] Created dir: /vagrant/subjects/tool_subjects/new/Ringdroid/bin
    [mkdir] Created dir: /vagrant/subjects/tool_subjects/new/Ringdroid/bin/res
    [mkdir] Created dir: /vagrant/subjects/tool_subjects/new/Ringdroid/bin/rsObj
    [mkdir] Created dir: /vagrant/subjects/tool_subjects/new/Ringdroid/bin/rsLibs
    [mkdir] Created dir: /vagrant/subjects/tool_subjects/new/Ringdroid/gen
    [mkdir] Created dir: /vagrant/subjects/tool_subjects/new/Ringdroid/bin/classes
    [mkdir] Created dir: /vagrant/subjects/tool_subjects/new/Ringdroid/bin/dexedLibs
     [echo] ----------
     [echo] Resolving Dependencies for RingdroidSelectActivity...
[dependency] Library dependencies:
[dependency] No Libraries
[dependency] 
[dependency] ------------------
     [echo] ----------
     [echo] Building Libraries with 'instrument'...
   [subant] No sub-builds to iterate on

-code-gen:
[mergemanifest] Merging AndroidManifest files into one.
[mergemanifest] Manifest merger disabled. Using project manifest only.
     [echo] Handling aidl files...
     [aidl] No AIDL files to compile.
     [echo] ----------
     [echo] Handling RenderScript files...
     [echo] ----------
     [echo] Handling Resources...
     [aapt] Generating resource IDs...
     [echo] ----------
     [echo] Handling BuildConfig class...
[buildconfig] Generating BuildConfig class.

-pre-compile:

-compile:
    [javac] Compiling 20 source files to /vagrant/subjects/tool_subjects/new/Ringdroid/bin/classes
    [javac] Note: Some input files use or override a deprecated API.
    [javac] Note: Recompile with -Xlint:deprecation for details.
     [echo] Instrumenting classes from /vagrant/subjects/tool_subjects/new/Ringdroid/bin/classes...

-post-compile:

-obfuscate:

-dex:
      [dex] input: /vagrant/subjects/tool_subjects/new/Ringdroid/bin/classes
      [dex] input: /home/vagrant/android-sdk-linux/tools/lib/emma_device.jar
      [dex] Pre-Dexing /home/vagrant/android-sdk-linux/tools/lib/emma_device.jar -> emma_device-e790229f52a04d2b195df6976ccc31d7.jar
      [dex] Converting compiled files and external libraries into /vagrant/subjects/tool_subjects/new/Ringdroid/bin/classes.dex...
       [dx] Merged dex A (94 defs/165.1KiB) with dex B (297 defs/326.8KiB). Result is 391 defs/592.8KiB. Took 1.5s

-crunch:
   [crunch] Crunching PNG Files in source dir: /vagrant/subjects/tool_subjects/new/Ringdroid/res
   [crunch] To destination dir: /vagrant/subjects/tool_subjects/new/Ringdroid/bin/res
   [crunch] Processing image to cache: /vagrant/subjects/tool_subjects/new/Ringdroid/res/drawable-hdpi/content_save.png => /vagrant/subjects/tool_subjects/new/Ringdroid/bin/res/drawable-hdpi/content_save.png
   [crunch]   (processed image to cache entry /vagrant/subjects/tool_subjects/new/Ringdroid/bin/res/drawable-hdpi/content_save.png: 0% size of source)
   [crunch] Processing image to cache: /vagrant/subjects/tool_subjects/new/Ringdroid/res/drawable-hdpi/ic_action_microphone.png => /vagrant/subjects/tool_subjects/new/Ringdroid/bin/res/drawable-hdpi/ic_action_microphone.png
   [crunch]   (processed image to cache entry /vagrant/subjects/tool_subjects/new/Ringdroid/bin/res/drawable-hdpi/ic_action_microphone.png: 0% size of source)
   [crunch] Processing image to cache: /vagrant/subjects/tool_subjects/new/Ringdroid/res/drawable-hdpi/ic_action_search.png => /vagrant/subjects/tool_subjects/new/Ringdroid/bin/res/drawable-hdpi/ic_action_search.png
   [crunch]   (processed image to cache entry /vagrant/subjects/tool_subjects/new/Ringdroid/bin/res/drawable-hdpi/ic_action_search.png: 0% size of source)
   [crunch] Processing image to cache: /vagrant/subjects/tool_subjects/new/Ringdroid/res/drawable-hdpi/navigation_expand.png => /vagrant/subjects/tool_subjects/new/Ringdroid/bin/res/drawable-hdpi/navigation_expand.png
   [crunch]   (processed image to cache entry /vagrant/subjects/tool_subjects/new/Ringdroid/bin/res/drawable-hdpi/navigation_expand.png: 0% size of source)
   [crunch] Processing image to cache: /vagrant/subjects/tool_subjects/new/Ringdroid/res/drawable/bkgnd.png => /vagrant/subjects/tool_subjects/new/Ringdroid/bin/res/drawable/bkgnd.png
   [crunch]   (processed image to cache entry /vagrant/subjects/tool_subjects/new/Ringdroid/bin/res/drawable/bkgnd.png: 77% size of source)
   [crunch] Processing image to cache: /vagrant/subjects/tool_subjects/new/Ringdroid/res/drawable/button_options.png => /vagrant/subjects/tool_subjects/new/Ringdroid/bin/res/drawable/button_options.png
   [crunch]   (processed image to cache entry /vagrant/subjects/tool_subjects/new/Ringdroid/bin/res/drawable/button_options.png: 0% size of source)
   [crunch] Processing image to cache: /vagrant/subjects/tool_subjects/new/Ringdroid/res/drawable/button_zoom_in.png => /vagrant/subjects/tool_subjects/new/Ringdroid/bin/res/drawable/button_zoom_in.png
   [crunch]   (processed image to cache entry /vagrant/subjects/tool_subjects/new/Ringdroid/bin/res/drawable/button_zoom_in.png: 0% size of source)
   [crunch] Processing image to cache: /vagrant/subjects/tool_subjects/new/Ringdroid/res/drawable/button_zoom_out.png => /vagrant/subjects/tool_subjects/new/Ringdroid/bin/res/drawable/button_zoom_out.png
   [crunch]   (processed image to cache entry /vagrant/subjects/tool_subjects/new/Ringdroid/bin/res/drawable/button_zoom_out.png: 0% size of source)
   [crunch] Processing image to cache: /vagrant/subjects/tool_subjects/new/Ringdroid/res/drawable/marker_left_focused.png => /vagrant/subjects/tool_subjects/new/Ringdroid/bin/res/drawable/marker_left_focused.png
   [crunch]   (processed image to cache entry /vagrant/subjects/tool_subjects/new/Ringdroid/bin/res/drawable/marker_left_focused.png: 0% size of source)
   [crunch] Processing image to cache: /vagrant/subjects/tool_subjects/new/Ringdroid/res/drawable/marker_left_normal.png => /vagrant/subjects/tool_subjects/new/Ringdroid/bin/res/drawable/marker_left_normal.png
   [crunch]   (processed image to cache entry /vagrant/subjects/tool_subjects/new/Ringdroid/bin/res/drawable/marker_left_normal.png: 0% size of source)
   [crunch] Processing image to cache: /vagrant/subjects/tool_subjects/new/Ringdroid/res/drawable/marker_left_pressed.png => /vagrant/subjects/tool_subjects/new/Ringdroid/bin/res/drawable/marker_left_pressed.png
   [crunch]   (processed image to cache entry /vagrant/subjects/tool_subjects/new/Ringdroid/bin/res/drawable/marker_left_pressed.png: 0% size of source)
   [crunch] Processing image to cache: /vagrant/subjects/tool_subjects/new/Ringdroid/res/drawable/marker_right_focused.png => /vagrant/subjects/tool_subjects/new/Ringdroid/bin/res/drawable/marker_right_focused.png
   [crunch]   (processed image to cache entry /vagrant/subjects/tool_subjects/new/Ringdroid/bin/res/drawable/marker_right_focused.png: 0% size of source)
   [crunch] Processing image to cache: /vagrant/subjects/tool_subjects/new/Ringdroid/res/drawable/marker_right_normal.png => /vagrant/subjects/tool_subjects/new/Ringdroid/bin/res/drawable/marker_right_normal.png
   [crunch]   (processed image to cache entry /vagrant/subjects/tool_subjects/new/Ringdroid/bin/res/drawable/marker_right_normal.png: 0% size of source)
   [crunch] Processing image to cache: /vagrant/subjects/tool_subjects/new/Ringdroid/res/drawable/marker_right_pressed.png => /vagrant/subjects/tool_subjects/new/Ringdroid/bin/res/drawable/marker_right_pressed.png
   [crunch]   (processed image to cache entry /vagrant/subjects/tool_subjects/new/Ringdroid/bin/res/drawable/marker_right_pressed.png: 0% size of source)
   [crunch] Processing image to cache: /vagrant/subjects/tool_subjects/new/Ringdroid/res/drawable/menu_about.png => /vagrant/subjects/tool_subjects/new/Ringdroid/bin/res/drawable/menu_about.png
   [crunch]   (processed image to cache entry /vagrant/subjects/tool_subjects/new/Ringdroid/bin/res/drawable/menu_about.png: 0% size of source)
   [crunch] Processing image to cache: /vagrant/subjects/tool_subjects/new/Ringdroid/res/drawable/menu_reset.png => /vagrant/subjects/tool_subjects/new/Ringdroid/bin/res/drawable/menu_reset.png
   [crunch]   (processed image to cache entry /vagrant/subjects/tool_subjects/new/Ringdroid/bin/res/drawable/menu_reset.png: 0% size of source)
   [crunch] Processing image to cache: /vagrant/subjects/tool_subjects/new/Ringdroid/res/drawable/menu_save.png => /vagrant/subjects/tool_subjects/new/Ringdroid/bin/res/drawable/menu_save.png
   [crunch]   (processed image to cache entry /vagrant/subjects/tool_subjects/new/Ringdroid/bin/res/drawable/menu_save.png: 0% size of source)
   [crunch] Processing image to cache: /vagrant/subjects/tool_subjects/new/Ringdroid/res/drawable/menu_show_all_audio.png => /vagrant/subjects/tool_subjects/new/Ringdroid/bin/res/drawable/menu_show_all_audio.png
   [crunch]   (processed image to cache entry /vagrant/subjects/tool_subjects/new/Ringdroid/bin/res/drawable/menu_show_all_audio.png: 0% size of source)
   [crunch] Processing image to cache: /vagrant/subjects/tool_subjects/new/Ringdroid/res/drawable/ringdroidlogo.png => /vagrant/subjects/tool_subjects/new/Ringdroid/bin/res/drawable/ringdroidlogo.png
   [crunch]   (processed image to cache entry /vagrant/subjects/tool_subjects/new/Ringdroid/bin/res/drawable/ringdroidlogo.png: 83% size of source)
   [crunch] Processing image to cache: /vagrant/subjects/tool_subjects/new/Ringdroid/res/drawable/search.png => /vagrant/subjects/tool_subjects/new/Ringdroid/bin/res/drawable/search.png
   [crunch]   (processed image to cache entry /vagrant/subjects/tool_subjects/new/Ringdroid/bin/res/drawable/search.png: 0% size of source)
   [crunch] Processing image to cache: /vagrant/subjects/tool_subjects/new/Ringdroid/res/drawable/star.png => /vagrant/subjects/tool_subjects/new/Ringdroid/bin/res/drawable/star.png
   [crunch]   (processed image to cache entry /vagrant/subjects/tool_subjects/new/Ringdroid/bin/res/drawable/star.png: 0% size of source)
   [crunch] Processing image to cache: /vagrant/subjects/tool_subjects/new/Ringdroid/res/drawable/type_alarm.png => /vagrant/subjects/tool_subjects/new/Ringdroid/bin/res/drawable/type_alarm.png
   [crunch]   (processed image to cache entry /vagrant/subjects/tool_subjects/new/Ringdroid/bin/res/drawable/type_alarm.png: 0% size of source)
   [crunch] Processing image to cache: /vagrant/subjects/tool_subjects/new/Ringdroid/res/drawable/type_music.png => /vagrant/subjects/tool_subjects/new/Ringdroid/bin/res/drawable/type_music.png
   [crunch]   (processed image to cache entry /vagrant/subjects/tool_subjects/new/Ringdroid/bin/res/drawable/type_music.png: 0% size of source)
   [crunch] Processing image to cache: /vagrant/subjects/tool_subjects/new/Ringdroid/res/drawable/type_notification.png => /vagrant/subjects/tool_subjects/new/Ringdroid/bin/res/drawable/type_notification.png
   [crunch]   (processed image to cache entry /vagrant/subjects/tool_subjects/new/Ringdroid/bin/res/drawable/type_notification.png: 0% size of source)
   [crunch] Processing image to cache: /vagrant/subjects/tool_subjects/new/Ringdroid/res/drawable/type_ringtone.png => /vagrant/subjects/tool_subjects/new/Ringdroid/bin/res/drawable/type_ringtone.png
   [crunch]   (processed image to cache entry /vagrant/subjects/tool_subjects/new/Ringdroid/bin/res/drawable/type_ringtone.png: 0% size of source)
   [crunch] Crunched 25 PNG files to update cache

-package-resources:
     [aapt] Creating full resource package...

-package:
[apkbuilder] Current build type is different than previous build: forced apkbuilder run.
[apkbuilder] Creating RingdroidSelectActivity-debug-unaligned.apk and signing it with a debug key...

-post-package:

-do-debug:
 [zipalign] Running zip align on final apk...
     [echo] Debug Package: /vagrant/subjects/tool_subjects/new/Ringdroid/bin/RingdroidSelectActivity-debug.apk
[propertyfile] Creating new property file: /vagrant/subjects/tool_subjects/new/Ringdroid/bin/build.prop
[propertyfile] Updating property file: /vagrant/subjects/tool_subjects/new/Ringdroid/bin/build.prop
[propertyfile] Updating property file: /vagrant/subjects/tool_subjects/new/Ringdroid/bin/build.prop
[propertyfile] Updating property file: /vagrant/subjects/tool_subjects/new/Ringdroid/bin/build.prop

-post-build:

debug:

BUILD SUCCESSFUL
Total time: 47 seconds
