Buildfile: /vagrant/subjects/tool_subjects/dynodroid/netcounter/build.xml

emma:

-set-mode-check:

-set-debug-files:

-check-env:
 [checkenv] Android SDK Tools Revision 23.0.2
 [checkenv] Installed at /home/vagrant/android-sdk-linux

-setup:
     [echo] Project Name: netcounter
  [gettype] Project Type: Self-Tested Application

-set-debug-mode:

-debug-obfuscation-check:

-pre-build:

-build-setup:
[getbuildtools] Using latest Build Tools: 20.0.0
     [echo] Resolving Build Target for netcounter...
[gettarget] Project Target:   Android 2.3.3
[gettarget] API level:        10
     [echo] ----------
     [echo] Creating output directories if needed...
    [mkdir] Created dir: /vagrant/subjects/tool_subjects/dynodroid/netcounter/bin
    [mkdir] Created dir: /vagrant/subjects/tool_subjects/dynodroid/netcounter/bin/res
    [mkdir] Created dir: /vagrant/subjects/tool_subjects/dynodroid/netcounter/bin/rsObj
    [mkdir] Created dir: /vagrant/subjects/tool_subjects/dynodroid/netcounter/bin/rsLibs
    [mkdir] Created dir: /vagrant/subjects/tool_subjects/dynodroid/netcounter/gen
    [mkdir] Created dir: /vagrant/subjects/tool_subjects/dynodroid/netcounter/bin/classes
    [mkdir] Created dir: /vagrant/subjects/tool_subjects/dynodroid/netcounter/bin/dexedLibs
     [echo] ----------
     [echo] Resolving Dependencies for netcounter...
[dependency] Library dependencies:
[dependency] No Libraries
[dependency] 
[dependency] ------------------
[dependency] API<=15: Adding annotations.jar to the classpath.
     [echo] ----------
     [echo] Building Libraries with 'instrument'...
   [subant] No sub-builds to iterate on

-code-gen:
[mergemanifest] Merging AndroidManifest files into one.
[mergemanifest] Manifest merger disabled. Using project manifest only.
     [echo] Handling aidl files...
     [aidl] No AIDL files to compile.
     [echo] ----------
     [echo] Handling RenderScript files...
     [echo] ----------
     [echo] Handling Resources...
     [aapt] Generating resource IDs...
     [echo] ----------
     [echo] Handling BuildConfig class...
[buildconfig] Generating BuildConfig class.

-pre-compile:

-compile:
    [javac] Compiling 49 source files to /vagrant/subjects/tool_subjects/dynodroid/netcounter/bin/classes
     [echo] Instrumenting classes from /vagrant/subjects/tool_subjects/dynodroid/netcounter/bin/classes...

-post-compile:

-obfuscate:

-dex:
      [dex] input: /vagrant/subjects/tool_subjects/dynodroid/netcounter/bin/classes
      [dex] input: /home/vagrant/android-sdk-linux/tools/support/annotations.jar
      [dex] input: /home/vagrant/android-sdk-linux/tools/lib/emma_device.jar
      [dex] Pre-Dexing /home/vagrant/android-sdk-linux/tools/support/annotations.jar -> annotations-5442badee1f6d6457826eac12c92c46e.jar
      [dex] Pre-Dexing /home/vagrant/android-sdk-linux/tools/lib/emma_device.jar -> emma_device-e790229f52a04d2b195df6976ccc31d7.jar
      [dex] Converting compiled files and external libraries into /vagrant/subjects/tool_subjects/dynodroid/netcounter/bin/classes.dex...
       [dx] Merged dex A (105 defs/155.4KiB) with dex B (2 defs/1.1KiB). Result is 107 defs/186.3KiB. Took 0.6s
       [dx] Merged dex A (107 defs/186.3KiB) with dex B (297 defs/326.8KiB). Result is 404 defs/624.4KiB. Took 0.6s

-crunch:
   [crunch] Crunching PNG Files in source dir: /vagrant/subjects/tool_subjects/dynodroid/netcounter/res
   [crunch] To destination dir: /vagrant/subjects/tool_subjects/dynodroid/netcounter/bin/res
   [crunch] Processing image to cache: /vagrant/subjects/tool_subjects/dynodroid/netcounter/res/drawable/bluetooth.png => /vagrant/subjects/tool_subjects/dynodroid/netcounter/bin/res/drawable/bluetooth.png
   [crunch]   (processed image to cache entry /vagrant/subjects/tool_subjects/dynodroid/netcounter/bin/res/drawable/bluetooth.png: 0% size of source)
   [crunch] Processing image to cache: /vagrant/subjects/tool_subjects/dynodroid/netcounter/res/drawable/cell.png => /vagrant/subjects/tool_subjects/dynodroid/netcounter/bin/res/drawable/cell.png
   [crunch]   (processed image to cache entry /vagrant/subjects/tool_subjects/dynodroid/netcounter/bin/res/drawable/cell.png: 0% size of source)
   [crunch] Processing image to cache: /vagrant/subjects/tool_subjects/dynodroid/netcounter/res/drawable/icon.png => /vagrant/subjects/tool_subjects/dynodroid/netcounter/bin/res/drawable/icon.png
   [crunch]   (processed image to cache entry /vagrant/subjects/tool_subjects/dynodroid/netcounter/bin/res/drawable/icon.png: 0% size of source)
   [crunch] Processing image to cache: /vagrant/subjects/tool_subjects/dynodroid/netcounter/res/drawable/wifi.png => /vagrant/subjects/tool_subjects/dynodroid/netcounter/bin/res/drawable/wifi.png
   [crunch]   (processed image to cache entry /vagrant/subjects/tool_subjects/dynodroid/netcounter/bin/res/drawable/wifi.png: 0% size of source)
   [crunch] Crunched 4 PNG files to update cache

-package-resources:
     [aapt] Creating full resource package...
     [aapt] Warning: AndroidManifest.xml already defines debuggable (in http://schemas.android.com/apk/res/android); using existing value in manifest.

-package:
[apkbuilder] Current build type is different than previous build: forced apkbuilder run.
[apkbuilder] Creating netcounter-debug-unaligned.apk and signing it with a debug key...

-post-package:

-do-debug:
 [zipalign] Running zip align on final apk...
     [echo] Debug Package: /vagrant/subjects/tool_subjects/dynodroid/netcounter/bin/netcounter-debug.apk
[propertyfile] Creating new property file: /vagrant/subjects/tool_subjects/dynodroid/netcounter/bin/build.prop
[propertyfile] Updating property file: /vagrant/subjects/tool_subjects/dynodroid/netcounter/bin/build.prop
[propertyfile] Updating property file: /vagrant/subjects/tool_subjects/dynodroid/netcounter/bin/build.prop
[propertyfile] Updating property file: /vagrant/subjects/tool_subjects/dynodroid/netcounter/bin/build.prop

-post-build:

debug:

BUILD SUCCESSFUL
Total time: 40 seconds
