Buildfile: /vagrant/subjects/tool_subjects/new/tomdroid-src-0.5.0/build.xml

emma:

-set-mode-check:

-set-debug-files:

-check-env:
 [checkenv] Android SDK Tools Revision 23.0.2
 [checkenv] Installed at /home/vagrant/android-sdk-linux

-setup:
     [echo] Project Name: Tomdroid
  [gettype] Project Type: Self-Tested Application

-set-debug-mode:

-debug-obfuscation-check:

-pre-build:

-build-setup:
[getbuildtools] Using latest Build Tools: 20.0.0
     [echo] Resolving Build Target for Tomdroid...
[gettarget] Project Target:   Android 2.3.3
[gettarget] API level:        10
     [echo] ----------
     [echo] Creating output directories if needed...
    [mkdir] Created dir: /vagrant/subjects/tool_subjects/new/tomdroid-src-0.5.0/bin
    [mkdir] Created dir: /vagrant/subjects/tool_subjects/new/tomdroid-src-0.5.0/bin/res
    [mkdir] Created dir: /vagrant/subjects/tool_subjects/new/tomdroid-src-0.5.0/bin/rsObj
    [mkdir] Created dir: /vagrant/subjects/tool_subjects/new/tomdroid-src-0.5.0/bin/rsLibs
    [mkdir] Created dir: /vagrant/subjects/tool_subjects/new/tomdroid-src-0.5.0/gen
    [mkdir] Created dir: /vagrant/subjects/tool_subjects/new/tomdroid-src-0.5.0/bin/classes
    [mkdir] Created dir: /vagrant/subjects/tool_subjects/new/tomdroid-src-0.5.0/bin/dexedLibs
     [echo] ----------
     [echo] Resolving Dependencies for Tomdroid...
[dependency] Library dependencies:
[dependency] No Libraries
[dependency] 
[dependency] ------------------
[dependency] API<=15: Adding annotations.jar to the classpath.
     [echo] ----------
     [echo] Building Libraries with 'instrument'...
   [subant] No sub-builds to iterate on

-code-gen:
[mergemanifest] Merging AndroidManifest files into one.
[mergemanifest] Manifest merger disabled. Using project manifest only.
     [echo] Handling aidl files...
     [aidl] No AIDL files to compile.
     [echo] ----------
     [echo] Handling RenderScript files...
     [echo] ----------
     [echo] Handling Resources...
     [aapt] Generating resource IDs...
     [echo] ----------
     [echo] Handling BuildConfig class...
[buildconfig] Generating BuildConfig class.

-pre-compile:

-compile:
    [javac] Compiling 34 source files to /vagrant/subjects/tool_subjects/new/tomdroid-src-0.5.0/bin/classes
     [echo] Instrumenting classes from /vagrant/subjects/tool_subjects/new/tomdroid-src-0.5.0/bin/classes...

-post-compile:

-obfuscate:

-dex:
      [dex] input: /vagrant/subjects/tool_subjects/new/tomdroid-src-0.5.0/bin/classes
      [dex] input: /vagrant/subjects/tool_subjects/new/tomdroid-src-0.5.0/libs/signpost-core-1.2.1.1.jar
      [dex] input: /home/vagrant/android-sdk-linux/tools/support/annotations.jar
      [dex] input: /vagrant/subjects/tool_subjects/new/tomdroid-src-0.5.0/libs/signpost-commonshttp4-1.2.1.1.jar
      [dex] input: /home/vagrant/android-sdk-linux/tools/lib/emma_device.jar
      [dex] Pre-Dexing /vagrant/subjects/tool_subjects/new/tomdroid-src-0.5.0/libs/signpost-core-1.2.1.1.jar -> signpost-core-1.2.1.1-0208e36cb02c72f34977ea83a606e0f7.jar
      [dex] Pre-Dexing /home/vagrant/android-sdk-linux/tools/support/annotations.jar -> annotations-5442badee1f6d6457826eac12c92c46e.jar
      [dex] Pre-Dexing /vagrant/subjects/tool_subjects/new/tomdroid-src-0.5.0/libs/signpost-commonshttp4-1.2.1.1.jar -> signpost-commonshttp4-1.2.1.1-3bf4e07eb482466cfe912b91234f30cf.jar
      [dex] Pre-Dexing /home/vagrant/android-sdk-linux/tools/lib/emma_device.jar -> emma_device-e790229f52a04d2b195df6976ccc31d7.jar
      [dex] Converting compiled files and external libraries into /vagrant/subjects/tool_subjects/new/tomdroid-src-0.5.0/bin/classes.dex...
       [dx] Merged dex A (76 defs/108.4KiB) with dex B (32 defs/37.8KiB). Result is 108 defs/171.8KiB. Took 0.9s
       [dx] Merged dex A (108 defs/171.8KiB) with dex B (2 defs/1.1KiB). Result is 110 defs/210.1KiB. Took 0.3s
       [dx] Merged dex A (110 defs/210.1KiB) with dex B (4 defs/5.2KiB). Result is 114 defs/277.2KiB. Took 0.2s
       [dx] Merged dex A (114 defs/277.2KiB) with dex B (297 defs/326.8KiB). Result is 411 defs/774.4KiB. Took 0.5s

-crunch:
   [crunch] Crunching PNG Files in source dir: /vagrant/subjects/tool_subjects/new/tomdroid-src-0.5.0/res
   [crunch] To destination dir: /vagrant/subjects/tool_subjects/new/tomdroid-src-0.5.0/bin/res
   [crunch] Processing image to cache: /vagrant/subjects/tool_subjects/new/tomdroid-src-0.5.0/res/drawable-hdpi/ic_launcher.png => /vagrant/subjects/tool_subjects/new/tomdroid-src-0.5.0/bin/res/drawable-hdpi/ic_launcher.png
   [crunch]   (processed image to cache entry /vagrant/subjects/tool_subjects/new/tomdroid-src-0.5.0/bin/res/drawable-hdpi/ic_launcher.png: 75% size of source)
   [crunch] Processing image to cache: /vagrant/subjects/tool_subjects/new/tomdroid-src-0.5.0/res/drawable-hdpi/icon_actionbar_dot.png => /vagrant/subjects/tool_subjects/new/tomdroid-src-0.5.0/bin/res/drawable-hdpi/icon_actionbar_dot.png
   [crunch]   (processed image to cache entry /vagrant/subjects/tool_subjects/new/tomdroid-src-0.5.0/bin/res/drawable-hdpi/icon_actionbar_dot.png: 0% size of source)
   [crunch] Processing image to cache: /vagrant/subjects/tool_subjects/new/tomdroid-src-0.5.0/res/drawable-hdpi/icon_actionbar_sync.png => /vagrant/subjects/tool_subjects/new/tomdroid-src-0.5.0/bin/res/drawable-hdpi/icon_actionbar_sync.png
   [crunch]   (processed image to cache entry /vagrant/subjects/tool_subjects/new/tomdroid-src-0.5.0/bin/res/drawable-hdpi/icon_actionbar_sync.png: 0% size of source)
   [crunch] Processing image to cache: /vagrant/subjects/tool_subjects/new/tomdroid-src-0.5.0/res/drawable-hdpi/icon_actionbar_sync_background.png => /vagrant/subjects/tool_subjects/new/tomdroid-src-0.5.0/bin/res/drawable-hdpi/icon_actionbar_sync_background.png
   [crunch]   (processed image to cache entry /vagrant/subjects/tool_subjects/new/tomdroid-src-0.5.0/bin/res/drawable-hdpi/icon_actionbar_sync_background.png: 0% size of source)
   [crunch] Processing image to cache: /vagrant/subjects/tool_subjects/new/tomdroid-src-0.5.0/res/drawable-ldpi/ic_launcher.png => /vagrant/subjects/tool_subjects/new/tomdroid-src-0.5.0/bin/res/drawable-ldpi/ic_launcher.png
   [crunch]   (processed image to cache entry /vagrant/subjects/tool_subjects/new/tomdroid-src-0.5.0/bin/res/drawable-ldpi/ic_launcher.png: 0% size of source)
   [crunch] Processing image to cache: /vagrant/subjects/tool_subjects/new/tomdroid-src-0.5.0/res/drawable-ldpi/icon_actionbar_dot.png => /vagrant/subjects/tool_subjects/new/tomdroid-src-0.5.0/bin/res/drawable-ldpi/icon_actionbar_dot.png
   [crunch]   (processed image to cache entry /vagrant/subjects/tool_subjects/new/tomdroid-src-0.5.0/bin/res/drawable-ldpi/icon_actionbar_dot.png: 0% size of source)
   [crunch] Processing image to cache: /vagrant/subjects/tool_subjects/new/tomdroid-src-0.5.0/res/drawable-ldpi/icon_actionbar_sync.png => /vagrant/subjects/tool_subjects/new/tomdroid-src-0.5.0/bin/res/drawable-ldpi/icon_actionbar_sync.png
   [crunch]   (processed image to cache entry /vagrant/subjects/tool_subjects/new/tomdroid-src-0.5.0/bin/res/drawable-ldpi/icon_actionbar_sync.png: 0% size of source)
   [crunch] Processing image to cache: /vagrant/subjects/tool_subjects/new/tomdroid-src-0.5.0/res/drawable-ldpi/icon_actionbar_sync_background.png => /vagrant/subjects/tool_subjects/new/tomdroid-src-0.5.0/bin/res/drawable-ldpi/icon_actionbar_sync_background.png
   [crunch]   (processed image to cache entry /vagrant/subjects/tool_subjects/new/tomdroid-src-0.5.0/bin/res/drawable-ldpi/icon_actionbar_sync_background.png: 0% size of source)
   [crunch] Processing image to cache: /vagrant/subjects/tool_subjects/new/tomdroid-src-0.5.0/res/drawable-mdpi/ic_launcher.png => /vagrant/subjects/tool_subjects/new/tomdroid-src-0.5.0/bin/res/drawable-mdpi/ic_launcher.png
   [crunch]   (processed image to cache entry /vagrant/subjects/tool_subjects/new/tomdroid-src-0.5.0/bin/res/drawable-mdpi/ic_launcher.png: 0% size of source)
   [crunch] Processing image to cache: /vagrant/subjects/tool_subjects/new/tomdroid-src-0.5.0/res/drawable-mdpi/icon_actionbar_dot.png => /vagrant/subjects/tool_subjects/new/tomdroid-src-0.5.0/bin/res/drawable-mdpi/icon_actionbar_dot.png
   [crunch]   (processed image to cache entry /vagrant/subjects/tool_subjects/new/tomdroid-src-0.5.0/bin/res/drawable-mdpi/icon_actionbar_dot.png: 0% size of source)
   [crunch] Processing image to cache: /vagrant/subjects/tool_subjects/new/tomdroid-src-0.5.0/res/drawable-mdpi/icon_actionbar_sync.png => /vagrant/subjects/tool_subjects/new/tomdroid-src-0.5.0/bin/res/drawable-mdpi/icon_actionbar_sync.png
   [crunch]   (processed image to cache entry /vagrant/subjects/tool_subjects/new/tomdroid-src-0.5.0/bin/res/drawable-mdpi/icon_actionbar_sync.png: 0% size of source)
   [crunch] Processing image to cache: /vagrant/subjects/tool_subjects/new/tomdroid-src-0.5.0/res/drawable-mdpi/icon_actionbar_sync_background.png => /vagrant/subjects/tool_subjects/new/tomdroid-src-0.5.0/bin/res/drawable-mdpi/icon_actionbar_sync_background.png
   [crunch]   (processed image to cache entry /vagrant/subjects/tool_subjects/new/tomdroid-src-0.5.0/bin/res/drawable-mdpi/icon_actionbar_sync_background.png: 0% size of source)
   [crunch] Processing image to cache: /vagrant/subjects/tool_subjects/new/tomdroid-src-0.5.0/res/drawable/actionbar_background.png => /vagrant/subjects/tool_subjects/new/tomdroid-src-0.5.0/bin/res/drawable/actionbar_background.png
   [crunch]   (processed image to cache entry /vagrant/subjects/tool_subjects/new/tomdroid-src-0.5.0/bin/res/drawable/actionbar_background.png: 0% size of source)
   [crunch] Processing image to cache: /vagrant/subjects/tool_subjects/new/tomdroid-src-0.5.0/res/drawable/icon.png => /vagrant/subjects/tool_subjects/new/tomdroid-src-0.5.0/bin/res/drawable/icon.png
   [crunch]   (processed image to cache entry /vagrant/subjects/tool_subjects/new/tomdroid-src-0.5.0/bin/res/drawable/icon.png: 94% size of source)
   [crunch] Processing image to cache: /vagrant/subjects/tool_subjects/new/tomdroid-src-0.5.0/res/drawable/icon_focused.png => /vagrant/subjects/tool_subjects/new/tomdroid-src-0.5.0/bin/res/drawable/icon_focused.png
   [crunch]   (processed image to cache entry /vagrant/subjects/tool_subjects/new/tomdroid-src-0.5.0/bin/res/drawable/icon_focused.png: 68% size of source)
   [crunch] Crunched 15 PNG files to update cache

-package-resources:
     [aapt] Creating full resource package...
     [aapt] Warning: AndroidManifest.xml already defines debuggable (in http://schemas.android.com/apk/res/android); using existing value in manifest.

-package:
[apkbuilder] Current build type is different than previous build: forced apkbuilder run.
[apkbuilder] Creating Tomdroid-debug-unaligned.apk and signing it with a debug key...

-post-package:

-do-debug:
 [zipalign] Running zip align on final apk...
     [echo] Debug Package: /vagrant/subjects/tool_subjects/new/tomdroid-src-0.5.0/bin/Tomdroid-debug.apk
[propertyfile] Creating new property file: /vagrant/subjects/tool_subjects/new/tomdroid-src-0.5.0/bin/build.prop
[propertyfile] Updating property file: /vagrant/subjects/tool_subjects/new/tomdroid-src-0.5.0/bin/build.prop
[propertyfile] Updating property file: /vagrant/subjects/tool_subjects/new/tomdroid-src-0.5.0/bin/build.prop
[propertyfile] Updating property file: /vagrant/subjects/tool_subjects/new/tomdroid-src-0.5.0/bin/build.prop

-post-build:

debug:

BUILD SUCCESSFUL
Total time: 48 seconds
