Buildfile: /vagrant/subjects/tool_subjects/dynodroid/com.kvance.Nectroid_11_src/build.xml

emma:

-set-mode-check:

-set-debug-files:

-check-env:
 [checkenv] Android SDK Tools Revision 23.0.2
 [checkenv] Installed at /home/vagrant/android-sdk-linux

-setup:
     [echo] Project Name: Nectroid
  [gettype] Project Type: Self-Tested Application

-set-debug-mode:

-debug-obfuscation-check:

-pre-build:

-build-setup:
[getbuildtools] Using latest Build Tools: 20.0.0
     [echo] Resolving Build Target for Nectroid...
[gettarget] Project Target:   Android 2.3.3
[gettarget] API level:        10
     [echo] ----------
     [echo] Creating output directories if needed...
    [mkdir] Created dir: /vagrant/subjects/tool_subjects/dynodroid/com.kvance.Nectroid_11_src/bin
    [mkdir] Created dir: /vagrant/subjects/tool_subjects/dynodroid/com.kvance.Nectroid_11_src/bin/res
    [mkdir] Created dir: /vagrant/subjects/tool_subjects/dynodroid/com.kvance.Nectroid_11_src/bin/rsObj
    [mkdir] Created dir: /vagrant/subjects/tool_subjects/dynodroid/com.kvance.Nectroid_11_src/bin/rsLibs
    [mkdir] Created dir: /vagrant/subjects/tool_subjects/dynodroid/com.kvance.Nectroid_11_src/gen
    [mkdir] Created dir: /vagrant/subjects/tool_subjects/dynodroid/com.kvance.Nectroid_11_src/bin/classes
    [mkdir] Created dir: /vagrant/subjects/tool_subjects/dynodroid/com.kvance.Nectroid_11_src/bin/dexedLibs
     [echo] ----------
     [echo] Resolving Dependencies for Nectroid...
[dependency] Library dependencies:
[dependency] No Libraries
[dependency] 
[dependency] ------------------
[dependency] API<=15: Adding annotations.jar to the classpath.
     [echo] ----------
     [echo] Building Libraries with 'instrument'...
   [subant] No sub-builds to iterate on

-code-gen:
[mergemanifest] Merging AndroidManifest files into one.
[mergemanifest] Manifest merger disabled. Using project manifest only.
     [echo] Handling aidl files...
     [aidl] No AIDL files to compile.
     [echo] ----------
     [echo] Handling RenderScript files...
     [echo] ----------
     [echo] Handling Resources...
     [aapt] Generating resource IDs...
     [echo] ----------
     [echo] Handling BuildConfig class...
[buildconfig] Generating BuildConfig class.

-pre-compile:

-compile:
    [javac] Compiling 44 source files to /vagrant/subjects/tool_subjects/dynodroid/com.kvance.Nectroid_11_src/bin/classes
     [echo] Instrumenting classes from /vagrant/subjects/tool_subjects/dynodroid/com.kvance.Nectroid_11_src/bin/classes...

-post-compile:

-obfuscate:

-dex:
      [dex] input: /vagrant/subjects/tool_subjects/dynodroid/com.kvance.Nectroid_11_src/bin/classes
      [dex] input: /home/vagrant/android-sdk-linux/tools/support/annotations.jar
      [dex] input: /home/vagrant/android-sdk-linux/tools/lib/emma_device.jar
      [dex] Pre-Dexing /home/vagrant/android-sdk-linux/tools/support/annotations.jar -> annotations-5442badee1f6d6457826eac12c92c46e.jar
      [dex] Pre-Dexing /home/vagrant/android-sdk-linux/tools/lib/emma_device.jar -> emma_device-e790229f52a04d2b195df6976ccc31d7.jar
      [dex] Converting compiled files and external libraries into /vagrant/subjects/tool_subjects/dynodroid/com.kvance.Nectroid_11_src/bin/classes.dex...
       [dx] Merged dex A (127 defs/175.8KiB) with dex B (2 defs/1.1KiB). Result is 129 defs/210.7KiB. Took 0.7s
       [dx] Merged dex A (129 defs/210.7KiB) with dex B (297 defs/326.8KiB). Result is 426 defs/655.0KiB. Took 0.6s

-crunch:
   [crunch] Crunching PNG Files in source dir: /vagrant/subjects/tool_subjects/dynodroid/com.kvance.Nectroid_11_src/res
   [crunch] To destination dir: /vagrant/subjects/tool_subjects/dynodroid/com.kvance.Nectroid_11_src/bin/res
   [crunch] Processing image to cache: /vagrant/subjects/tool_subjects/dynodroid/com.kvance.Nectroid_11_src/res/drawable-hdpi/ic_launcher_nectroid.png => /vagrant/subjects/tool_subjects/dynodroid/com.kvance.Nectroid_11_src/bin/res/drawable-hdpi/ic_launcher_nectroid.png
   [crunch]   (processed image to cache entry /vagrant/subjects/tool_subjects/dynodroid/com.kvance.Nectroid_11_src/bin/res/drawable-hdpi/ic_launcher_nectroid.png: 65% size of source)
   [crunch] Processing image to cache: /vagrant/subjects/tool_subjects/dynodroid/com.kvance.Nectroid_11_src/res/drawable-hdpi/ic_menu_refresh.png => /vagrant/subjects/tool_subjects/dynodroid/com.kvance.Nectroid_11_src/bin/res/drawable-hdpi/ic_menu_refresh.png
   [crunch]   (processed image to cache entry /vagrant/subjects/tool_subjects/dynodroid/com.kvance.Nectroid_11_src/bin/res/drawable-hdpi/ic_menu_refresh.png: 0% size of source)
   [crunch] Processing image to cache: /vagrant/subjects/tool_subjects/dynodroid/com.kvance.Nectroid_11_src/res/drawable-hdpi/orange_waffle.png => /vagrant/subjects/tool_subjects/dynodroid/com.kvance.Nectroid_11_src/bin/res/drawable-hdpi/orange_waffle.png
   [crunch]   (processed image to cache entry /vagrant/subjects/tool_subjects/dynodroid/com.kvance.Nectroid_11_src/bin/res/drawable-hdpi/orange_waffle.png: 0% size of source)
   [crunch] Processing image to cache: /vagrant/subjects/tool_subjects/dynodroid/com.kvance.Nectroid_11_src/res/drawable-hdpi/play.png => /vagrant/subjects/tool_subjects/dynodroid/com.kvance.Nectroid_11_src/bin/res/drawable-hdpi/play.png
   [crunch]   (processed image to cache entry /vagrant/subjects/tool_subjects/dynodroid/com.kvance.Nectroid_11_src/bin/res/drawable-hdpi/play.png: 0% size of source)
   [crunch] Processing image to cache: /vagrant/subjects/tool_subjects/dynodroid/com.kvance.Nectroid_11_src/res/drawable-hdpi/play_status.png => /vagrant/subjects/tool_subjects/dynodroid/com.kvance.Nectroid_11_src/bin/res/drawable-hdpi/play_status.png
   [crunch]   (processed image to cache entry /vagrant/subjects/tool_subjects/dynodroid/com.kvance.Nectroid_11_src/bin/res/drawable-hdpi/play_status.png: 0% size of source)
   [crunch] Processing image to cache: /vagrant/subjects/tool_subjects/dynodroid/com.kvance.Nectroid_11_src/res/drawable-hdpi/stop.png => /vagrant/subjects/tool_subjects/dynodroid/com.kvance.Nectroid_11_src/bin/res/drawable-hdpi/stop.png
   [crunch]   (processed image to cache entry /vagrant/subjects/tool_subjects/dynodroid/com.kvance.Nectroid_11_src/bin/res/drawable-hdpi/stop.png: 0% size of source)
   [crunch] Processing image to cache: /vagrant/subjects/tool_subjects/dynodroid/com.kvance.Nectroid_11_src/res/drawable-ldpi/ic_launcher_nectroid.png => /vagrant/subjects/tool_subjects/dynodroid/com.kvance.Nectroid_11_src/bin/res/drawable-ldpi/ic_launcher_nectroid.png
   [crunch]   (processed image to cache entry /vagrant/subjects/tool_subjects/dynodroid/com.kvance.Nectroid_11_src/bin/res/drawable-ldpi/ic_launcher_nectroid.png: 0% size of source)
   [crunch] Processing image to cache: /vagrant/subjects/tool_subjects/dynodroid/com.kvance.Nectroid_11_src/res/drawable-ldpi/ic_menu_refresh.png => /vagrant/subjects/tool_subjects/dynodroid/com.kvance.Nectroid_11_src/bin/res/drawable-ldpi/ic_menu_refresh.png
   [crunch]   (processed image to cache entry /vagrant/subjects/tool_subjects/dynodroid/com.kvance.Nectroid_11_src/bin/res/drawable-ldpi/ic_menu_refresh.png: 0% size of source)
   [crunch] Processing image to cache: /vagrant/subjects/tool_subjects/dynodroid/com.kvance.Nectroid_11_src/res/drawable-ldpi/orange_waffle.png => /vagrant/subjects/tool_subjects/dynodroid/com.kvance.Nectroid_11_src/bin/res/drawable-ldpi/orange_waffle.png
   [crunch]   (processed image to cache entry /vagrant/subjects/tool_subjects/dynodroid/com.kvance.Nectroid_11_src/bin/res/drawable-ldpi/orange_waffle.png: 0% size of source)
   [crunch] Processing image to cache: /vagrant/subjects/tool_subjects/dynodroid/com.kvance.Nectroid_11_src/res/drawable-ldpi/play.png => /vagrant/subjects/tool_subjects/dynodroid/com.kvance.Nectroid_11_src/bin/res/drawable-ldpi/play.png
   [crunch]   (processed image to cache entry /vagrant/subjects/tool_subjects/dynodroid/com.kvance.Nectroid_11_src/bin/res/drawable-ldpi/play.png: 0% size of source)
   [crunch] Processing image to cache: /vagrant/subjects/tool_subjects/dynodroid/com.kvance.Nectroid_11_src/res/drawable-ldpi/play_status.png => /vagrant/subjects/tool_subjects/dynodroid/com.kvance.Nectroid_11_src/bin/res/drawable-ldpi/play_status.png
   [crunch]   (processed image to cache entry /vagrant/subjects/tool_subjects/dynodroid/com.kvance.Nectroid_11_src/bin/res/drawable-ldpi/play_status.png: 0% size of source)
   [crunch] Processing image to cache: /vagrant/subjects/tool_subjects/dynodroid/com.kvance.Nectroid_11_src/res/drawable-ldpi/stop.png => /vagrant/subjects/tool_subjects/dynodroid/com.kvance.Nectroid_11_src/bin/res/drawable-ldpi/stop.png
   [crunch]   (processed image to cache entry /vagrant/subjects/tool_subjects/dynodroid/com.kvance.Nectroid_11_src/bin/res/drawable-ldpi/stop.png: 0% size of source)
   [crunch] Processing image to cache: /vagrant/subjects/tool_subjects/dynodroid/com.kvance.Nectroid_11_src/res/drawable-mdpi/ic_launcher_nectroid.png => /vagrant/subjects/tool_subjects/dynodroid/com.kvance.Nectroid_11_src/bin/res/drawable-mdpi/ic_launcher_nectroid.png
   [crunch]   (processed image to cache entry /vagrant/subjects/tool_subjects/dynodroid/com.kvance.Nectroid_11_src/bin/res/drawable-mdpi/ic_launcher_nectroid.png: 53% size of source)
   [crunch] Processing image to cache: /vagrant/subjects/tool_subjects/dynodroid/com.kvance.Nectroid_11_src/res/drawable-mdpi/ic_menu_refresh.png => /vagrant/subjects/tool_subjects/dynodroid/com.kvance.Nectroid_11_src/bin/res/drawable-mdpi/ic_menu_refresh.png
   [crunch]   (processed image to cache entry /vagrant/subjects/tool_subjects/dynodroid/com.kvance.Nectroid_11_src/bin/res/drawable-mdpi/ic_menu_refresh.png: 0% size of source)
   [crunch] Processing image to cache: /vagrant/subjects/tool_subjects/dynodroid/com.kvance.Nectroid_11_src/res/drawable-mdpi/orange_waffle.png => /vagrant/subjects/tool_subjects/dynodroid/com.kvance.Nectroid_11_src/bin/res/drawable-mdpi/orange_waffle.png
   [crunch]   (processed image to cache entry /vagrant/subjects/tool_subjects/dynodroid/com.kvance.Nectroid_11_src/bin/res/drawable-mdpi/orange_waffle.png: 0% size of source)
   [crunch] Processing image to cache: /vagrant/subjects/tool_subjects/dynodroid/com.kvance.Nectroid_11_src/res/drawable-mdpi/play.png => /vagrant/subjects/tool_subjects/dynodroid/com.kvance.Nectroid_11_src/bin/res/drawable-mdpi/play.png
   [crunch]   (processed image to cache entry /vagrant/subjects/tool_subjects/dynodroid/com.kvance.Nectroid_11_src/bin/res/drawable-mdpi/play.png: 0% size of source)
   [crunch] Processing image to cache: /vagrant/subjects/tool_subjects/dynodroid/com.kvance.Nectroid_11_src/res/drawable-mdpi/play_status.png => /vagrant/subjects/tool_subjects/dynodroid/com.kvance.Nectroid_11_src/bin/res/drawable-mdpi/play_status.png
   [crunch]   (processed image to cache entry /vagrant/subjects/tool_subjects/dynodroid/com.kvance.Nectroid_11_src/bin/res/drawable-mdpi/play_status.png: 0% size of source)
   [crunch] Processing image to cache: /vagrant/subjects/tool_subjects/dynodroid/com.kvance.Nectroid_11_src/res/drawable-mdpi/stop.png => /vagrant/subjects/tool_subjects/dynodroid/com.kvance.Nectroid_11_src/bin/res/drawable-mdpi/stop.png
   [crunch]   (processed image to cache entry /vagrant/subjects/tool_subjects/dynodroid/com.kvance.Nectroid_11_src/bin/res/drawable-mdpi/stop.png: 0% size of source)
   [crunch] Crunched 18 PNG files to update cache

-package-resources:
     [aapt] Creating full resource package...

-package:
[apkbuilder] Current build type is different than previous build: forced apkbuilder run.
[apkbuilder] Creating Nectroid-debug-unaligned.apk and signing it with a debug key...

-post-package:

-do-debug:
 [zipalign] Running zip align on final apk...
     [echo] Debug Package: /vagrant/subjects/tool_subjects/dynodroid/com.kvance.Nectroid_11_src/bin/Nectroid-debug.apk
[propertyfile] Creating new property file: /vagrant/subjects/tool_subjects/dynodroid/com.kvance.Nectroid_11_src/bin/build.prop
[propertyfile] Updating property file: /vagrant/subjects/tool_subjects/dynodroid/com.kvance.Nectroid_11_src/bin/build.prop
[propertyfile] Updating property file: /vagrant/subjects/tool_subjects/dynodroid/com.kvance.Nectroid_11_src/bin/build.prop
[propertyfile] Updating property file: /vagrant/subjects/tool_subjects/dynodroid/com.kvance.Nectroid_11_src/bin/build.prop

-post-build:

debug:

BUILD SUCCESSFUL
Total time: 38 seconds
