Buildfile: /vagrant/subjects/tool_subjects/dynodroid/SyncMyPix/build.xml

emma:

-set-mode-check:

-set-debug-files:

-check-env:
 [checkenv] Android SDK Tools Revision 23.0.2
 [checkenv] Installed at /home/vagrant/android-sdk-linux

-setup:
     [echo] Project Name: SyncMyPix
  [gettype] Project Type: Self-Tested Application

-set-debug-mode:

-debug-obfuscation-check:

-pre-build:

-build-setup:
[getbuildtools] Using latest Build Tools: 20.0.0
     [echo] Resolving Build Target for SyncMyPix...
[gettarget] Project Target:   Android 2.3.3
[gettarget] API level:        10
     [echo] ----------
     [echo] Creating output directories if needed...
    [mkdir] Created dir: /vagrant/subjects/tool_subjects/dynodroid/SyncMyPix/bin
    [mkdir] Created dir: /vagrant/subjects/tool_subjects/dynodroid/SyncMyPix/bin/res
    [mkdir] Created dir: /vagrant/subjects/tool_subjects/dynodroid/SyncMyPix/bin/rsObj
    [mkdir] Created dir: /vagrant/subjects/tool_subjects/dynodroid/SyncMyPix/bin/rsLibs
    [mkdir] Created dir: /vagrant/subjects/tool_subjects/dynodroid/SyncMyPix/gen
    [mkdir] Created dir: /vagrant/subjects/tool_subjects/dynodroid/SyncMyPix/bin/classes
    [mkdir] Created dir: /vagrant/subjects/tool_subjects/dynodroid/SyncMyPix/bin/dexedLibs
     [echo] ----------
     [echo] Resolving Dependencies for SyncMyPix...
[dependency] Library dependencies:
[dependency] No Libraries
[dependency] 
[dependency] ------------------
[dependency] API<=15: Adding annotations.jar to the classpath.
     [echo] ----------
     [echo] Building Libraries with 'instrument'...
   [subant] No sub-builds to iterate on

-code-gen:
[mergemanifest] Merging AndroidManifest files into one.
[mergemanifest] Manifest merger disabled. Using project manifest only.
     [echo] Handling aidl files...
     [aidl] No AIDL files to compile.
     [echo] ----------
     [echo] Handling RenderScript files...
     [echo] ----------
     [echo] Handling Resources...
     [aapt] Generating resource IDs...
     [echo] ----------
     [echo] Handling BuildConfig class...
[buildconfig] Generating BuildConfig class.

-pre-compile:

-compile:
    [javac] Compiling 44 source files to /vagrant/subjects/tool_subjects/dynodroid/SyncMyPix/bin/classes
    [javac] Note: Some input files use or override a deprecated API.
    [javac] Note: Recompile with -Xlint:deprecation for details.
    [javac] Note: /vagrant/subjects/tool_subjects/dynodroid/SyncMyPix/src/com/nloko/android/syncmypix/MainActivity.java uses unchecked or unsafe operations.
    [javac] Note: Recompile with -Xlint:unchecked for details.
     [echo] Instrumenting classes from /vagrant/subjects/tool_subjects/dynodroid/SyncMyPix/bin/classes...

-post-compile:

-obfuscate:

-dex:
      [dex] input: /vagrant/subjects/tool_subjects/dynodroid/SyncMyPix/bin/classes
      [dex] input: /vagrant/subjects/tool_subjects/dynodroid/SyncMyPix/libs/simply-facebook-0.1.3-BETA.jar
      [dex] input: /home/vagrant/android-sdk-linux/tools/support/annotations.jar
      [dex] input: /home/vagrant/android-sdk-linux/tools/lib/emma_device.jar
      [dex] Pre-Dexing /vagrant/subjects/tool_subjects/dynodroid/SyncMyPix/libs/simply-facebook-0.1.3-BETA.jar -> simply-facebook-0.1.3-BETA-fd47309a4ed0fbb2cb726bd821bb72a7.jar
      [dex] Pre-Dexing /home/vagrant/android-sdk-linux/tools/support/annotations.jar -> annotations-5442badee1f6d6457826eac12c92c46e.jar
      [dex] Pre-Dexing /home/vagrant/android-sdk-linux/tools/lib/emma_device.jar -> emma_device-e790229f52a04d2b195df6976ccc31d7.jar
      [dex] Converting compiled files and external libraries into /vagrant/subjects/tool_subjects/dynodroid/SyncMyPix/bin/classes.dex...
       [dx] Merged dex A (140 defs/238.0KiB) with dex B (29 defs/72.2KiB). Result is 169 defs/371.1KiB. Took 0.8s
       [dx] Merged dex A (169 defs/371.1KiB) with dex B (2 defs/1.1KiB). Result is 171 defs/460.8KiB. Took 0.3s
       [dx] Merged dex A (171 defs/460.8KiB) with dex B (297 defs/326.8KiB). Result is 468 defs/997.9KiB. Took 0.5s

-crunch:
   [crunch] Crunching PNG Files in source dir: /vagrant/subjects/tool_subjects/dynodroid/SyncMyPix/res
   [crunch] To destination dir: /vagrant/subjects/tool_subjects/dynodroid/SyncMyPix/bin/res
   [crunch] Processing image to cache: /vagrant/subjects/tool_subjects/dynodroid/SyncMyPix/res/drawable/about_button.png => /vagrant/subjects/tool_subjects/dynodroid/SyncMyPix/bin/res/drawable/about_button.png
   [crunch]   (processed image to cache entry /vagrant/subjects/tool_subjects/dynodroid/SyncMyPix/bin/res/drawable/about_button.png: 0% size of source)
   [crunch] Processing image to cache: /vagrant/subjects/tool_subjects/dynodroid/SyncMyPix/res/drawable/camera_crop_height.png => /vagrant/subjects/tool_subjects/dynodroid/SyncMyPix/bin/res/drawable/camera_crop_height.png
   [crunch]   (processed image to cache entry /vagrant/subjects/tool_subjects/dynodroid/SyncMyPix/bin/res/drawable/camera_crop_height.png: 0% size of source)
   [crunch] Processing image to cache: /vagrant/subjects/tool_subjects/dynodroid/SyncMyPix/res/drawable/camera_crop_width.png => /vagrant/subjects/tool_subjects/dynodroid/SyncMyPix/bin/res/drawable/camera_crop_width.png
   [crunch]   (processed image to cache entry /vagrant/subjects/tool_subjects/dynodroid/SyncMyPix/bin/res/drawable/camera_crop_width.png: 0% size of source)
   [crunch] Processing image to cache: /vagrant/subjects/tool_subjects/dynodroid/SyncMyPix/res/drawable/cancel_button_default.png => /vagrant/subjects/tool_subjects/dynodroid/SyncMyPix/bin/res/drawable/cancel_button_default.png
   [crunch]   (processed image to cache entry /vagrant/subjects/tool_subjects/dynodroid/SyncMyPix/bin/res/drawable/cancel_button_default.png: 0% size of source)
   [crunch] Processing image to cache: /vagrant/subjects/tool_subjects/dynodroid/SyncMyPix/res/drawable/cancel_button_pressed.png => /vagrant/subjects/tool_subjects/dynodroid/SyncMyPix/bin/res/drawable/cancel_button_pressed.png
   [crunch]   (processed image to cache entry /vagrant/subjects/tool_subjects/dynodroid/SyncMyPix/bin/res/drawable/cancel_button_pressed.png: 0% size of source)
   [crunch] Processing image to cache: /vagrant/subjects/tool_subjects/dynodroid/SyncMyPix/res/drawable/default_face.png => /vagrant/subjects/tool_subjects/dynodroid/SyncMyPix/bin/res/drawable/default_face.png
   [crunch]   (processed image to cache entry /vagrant/subjects/tool_subjects/dynodroid/SyncMyPix/bin/res/drawable/default_face.png: 0% size of source)
   [crunch] Processing image to cache: /vagrant/subjects/tool_subjects/dynodroid/SyncMyPix/res/drawable/help_button_default.png => /vagrant/subjects/tool_subjects/dynodroid/SyncMyPix/bin/res/drawable/help_button_default.png
   [crunch]   (processed image to cache entry /vagrant/subjects/tool_subjects/dynodroid/SyncMyPix/bin/res/drawable/help_button_default.png: 0% size of source)
   [crunch] Processing image to cache: /vagrant/subjects/tool_subjects/dynodroid/SyncMyPix/res/drawable/help_button_pressed.png => /vagrant/subjects/tool_subjects/dynodroid/SyncMyPix/bin/res/drawable/help_button_pressed.png
   [crunch]   (processed image to cache entry /vagrant/subjects/tool_subjects/dynodroid/SyncMyPix/bin/res/drawable/help_button_pressed.png: 0% size of source)
   [crunch] Processing image to cache: /vagrant/subjects/tool_subjects/dynodroid/SyncMyPix/res/drawable/home_button_default.png => /vagrant/subjects/tool_subjects/dynodroid/SyncMyPix/bin/res/drawable/home_button_default.png
   [crunch]   (processed image to cache entry /vagrant/subjects/tool_subjects/dynodroid/SyncMyPix/bin/res/drawable/home_button_default.png: 0% size of source)
   [crunch] Processing image to cache: /vagrant/subjects/tool_subjects/dynodroid/SyncMyPix/res/drawable/home_button_pressed.png => /vagrant/subjects/tool_subjects/dynodroid/SyncMyPix/bin/res/drawable/home_button_pressed.png
   [crunch]   (processed image to cache entry /vagrant/subjects/tool_subjects/dynodroid/SyncMyPix/bin/res/drawable/home_button_pressed.png: 0% size of source)
   [crunch] Processing image to cache: /vagrant/subjects/tool_subjects/dynodroid/SyncMyPix/res/drawable/icon.png => /vagrant/subjects/tool_subjects/dynodroid/SyncMyPix/bin/res/drawable/icon.png
   [crunch]   (processed image to cache entry /vagrant/subjects/tool_subjects/dynodroid/SyncMyPix/bin/res/drawable/icon.png: 0% size of source)
   [crunch] Processing image to cache: /vagrant/subjects/tool_subjects/dynodroid/SyncMyPix/res/drawable/indicator_autocrop.png => /vagrant/subjects/tool_subjects/dynodroid/SyncMyPix/bin/res/drawable/indicator_autocrop.png
   [crunch]   (processed image to cache entry /vagrant/subjects/tool_subjects/dynodroid/SyncMyPix/bin/res/drawable/indicator_autocrop.png: 0% size of source)
   [crunch] Processing image to cache: /vagrant/subjects/tool_subjects/dynodroid/SyncMyPix/res/drawable/logo.png => /vagrant/subjects/tool_subjects/dynodroid/SyncMyPix/bin/res/drawable/logo.png
   [crunch]   (processed image to cache entry /vagrant/subjects/tool_subjects/dynodroid/SyncMyPix/bin/res/drawable/logo.png: 90% size of source)
   [crunch] Processing image to cache: /vagrant/subjects/tool_subjects/dynodroid/SyncMyPix/res/drawable/mini_icon.png => /vagrant/subjects/tool_subjects/dynodroid/SyncMyPix/bin/res/drawable/mini_icon.png
   [crunch]   (processed image to cache entry /vagrant/subjects/tool_subjects/dynodroid/SyncMyPix/bin/res/drawable/mini_icon.png: 0% size of source)
   [crunch] Processing image to cache: /vagrant/subjects/tool_subjects/dynodroid/SyncMyPix/res/drawable/neutral_face.png => /vagrant/subjects/tool_subjects/dynodroid/SyncMyPix/bin/res/drawable/neutral_face.png
   [crunch]   (processed image to cache entry /vagrant/subjects/tool_subjects/dynodroid/SyncMyPix/bin/res/drawable/neutral_face.png: 0% size of source)
   [crunch] Processing image to cache: /vagrant/subjects/tool_subjects/dynodroid/SyncMyPix/res/drawable/results_button.png => /vagrant/subjects/tool_subjects/dynodroid/SyncMyPix/bin/res/drawable/results_button.png
   [crunch]   (processed image to cache entry /vagrant/subjects/tool_subjects/dynodroid/SyncMyPix/bin/res/drawable/results_button.png: 0% size of source)
   [crunch] Processing image to cache: /vagrant/subjects/tool_subjects/dynodroid/SyncMyPix/res/drawable/sad_face.png => /vagrant/subjects/tool_subjects/dynodroid/SyncMyPix/bin/res/drawable/sad_face.png
   [crunch]   (processed image to cache entry /vagrant/subjects/tool_subjects/dynodroid/SyncMyPix/bin/res/drawable/sad_face.png: 0% size of source)
   [crunch] Processing image to cache: /vagrant/subjects/tool_subjects/dynodroid/SyncMyPix/res/drawable/settings_button.png => /vagrant/subjects/tool_subjects/dynodroid/SyncMyPix/bin/res/drawable/settings_button.png
   [crunch]   (processed image to cache entry /vagrant/subjects/tool_subjects/dynodroid/SyncMyPix/bin/res/drawable/settings_button.png: 0% size of source)
   [crunch] Processing image to cache: /vagrant/subjects/tool_subjects/dynodroid/SyncMyPix/res/drawable/smiley_face.png => /vagrant/subjects/tool_subjects/dynodroid/SyncMyPix/bin/res/drawable/smiley_face.png
   [crunch]   (processed image to cache entry /vagrant/subjects/tool_subjects/dynodroid/SyncMyPix/bin/res/drawable/smiley_face.png: 0% size of source)
   [crunch] Processing image to cache: /vagrant/subjects/tool_subjects/dynodroid/SyncMyPix/res/drawable/sync_button.png => /vagrant/subjects/tool_subjects/dynodroid/SyncMyPix/bin/res/drawable/sync_button.png
   [crunch]   (processed image to cache entry /vagrant/subjects/tool_subjects/dynodroid/SyncMyPix/bin/res/drawable/sync_button.png: 0% size of source)
   [crunch] Processing image to cache: /vagrant/subjects/tool_subjects/dynodroid/SyncMyPix/res/drawable/title.png => /vagrant/subjects/tool_subjects/dynodroid/SyncMyPix/bin/res/drawable/title.png
   [crunch]   (processed image to cache entry /vagrant/subjects/tool_subjects/dynodroid/SyncMyPix/bin/res/drawable/title.png: 93% size of source)
   [crunch] Processing image to cache: /vagrant/subjects/tool_subjects/dynodroid/SyncMyPix/res/drawable/trash_button_default.png => /vagrant/subjects/tool_subjects/dynodroid/SyncMyPix/bin/res/drawable/trash_button_default.png
   [crunch]   (processed image to cache entry /vagrant/subjects/tool_subjects/dynodroid/SyncMyPix/bin/res/drawable/trash_button_default.png: 0% size of source)
   [crunch] Processing image to cache: /vagrant/subjects/tool_subjects/dynodroid/SyncMyPix/res/drawable/trash_button_pressed.png => /vagrant/subjects/tool_subjects/dynodroid/SyncMyPix/bin/res/drawable/trash_button_pressed.png
   [crunch]   (processed image to cache entry /vagrant/subjects/tool_subjects/dynodroid/SyncMyPix/bin/res/drawable/trash_button_pressed.png: 0% size of source)
   [crunch] Crunched 23 PNG files to update cache

-package-resources:
     [aapt] Creating full resource package...
     [aapt] Warning: AndroidManifest.xml already defines debuggable (in http://schemas.android.com/apk/res/android); using existing value in manifest.

-package:
[apkbuilder] Current build type is different than previous build: forced apkbuilder run.
[apkbuilder] Creating SyncMyPix-debug-unaligned.apk and signing it with a debug key...

-post-package:

-do-debug:
 [zipalign] Running zip align on final apk...
     [echo] Debug Package: /vagrant/subjects/tool_subjects/dynodroid/SyncMyPix/bin/SyncMyPix-debug.apk
[propertyfile] Creating new property file: /vagrant/subjects/tool_subjects/dynodroid/SyncMyPix/bin/build.prop
[propertyfile] Updating property file: /vagrant/subjects/tool_subjects/dynodroid/SyncMyPix/bin/build.prop
[propertyfile] Updating property file: /vagrant/subjects/tool_subjects/dynodroid/SyncMyPix/bin/build.prop
[propertyfile] Updating property file: /vagrant/subjects/tool_subjects/dynodroid/SyncMyPix/bin/build.prop

-post-build:

debug:

BUILD SUCCESSFUL
Total time: 51 seconds
