Buildfile: /vagrant/subjects/tool_subjects/dynodroid/com.addi_44_src/build.xml

emma:

-set-mode-check:

-set-debug-files:

-check-env:
 [checkenv] Android SDK Tools Revision 23.0.2
 [checkenv] Installed at /home/vagrant/android-sdk-linux

-setup:
     [echo] Project Name: Addi
  [gettype] Project Type: Self-Tested Application

-set-debug-mode:

-debug-obfuscation-check:

-pre-build:

-build-setup:
[getbuildtools] Using latest Build Tools: 20.0.0
     [echo] Resolving Build Target for Addi...
[gettarget] Project Target:   Android 2.3.3
[gettarget] API level:        10
     [echo] ----------
     [echo] Creating output directories if needed...
    [mkdir] Created dir: /vagrant/subjects/tool_subjects/dynodroid/com.addi_44_src/bin
    [mkdir] Created dir: /vagrant/subjects/tool_subjects/dynodroid/com.addi_44_src/bin/res
    [mkdir] Created dir: /vagrant/subjects/tool_subjects/dynodroid/com.addi_44_src/bin/rsObj
    [mkdir] Created dir: /vagrant/subjects/tool_subjects/dynodroid/com.addi_44_src/bin/rsLibs
    [mkdir] Created dir: /vagrant/subjects/tool_subjects/dynodroid/com.addi_44_src/gen
    [mkdir] Created dir: /vagrant/subjects/tool_subjects/dynodroid/com.addi_44_src/bin/classes
    [mkdir] Created dir: /vagrant/subjects/tool_subjects/dynodroid/com.addi_44_src/bin/dexedLibs
     [echo] ----------
     [echo] Resolving Dependencies for Addi...
[dependency] Library dependencies:
[dependency] No Libraries
[dependency] 
[dependency] ------------------
[dependency] API<=15: Adding annotations.jar to the classpath.
     [echo] ----------
     [echo] Building Libraries with 'instrument'...
   [subant] No sub-builds to iterate on

-code-gen:
[mergemanifest] Merging AndroidManifest files into one.
[mergemanifest] Manifest merger disabled. Using project manifest only.
     [echo] Handling aidl files...
     [aidl] No AIDL files to compile.
     [echo] ----------
     [echo] Handling RenderScript files...
     [echo] ----------
     [echo] Handling Resources...
     [aapt] Generating resource IDs...
     [echo] ----------
     [echo] Handling BuildConfig class...
[buildconfig] Generating BuildConfig class.

-pre-compile:

-compile:
    [javac] Compiling 375 source files to /vagrant/subjects/tool_subjects/dynodroid/com.addi_44_src/bin/classes
    [javac] Note: Some input files use unchecked or unsafe operations.
    [javac] Note: Recompile with -Xlint:unchecked for details.
     [echo] Instrumenting classes from /vagrant/subjects/tool_subjects/dynodroid/com.addi_44_src/bin/classes...

-post-compile:

-obfuscate:

-dex:
      [dex] input: /vagrant/subjects/tool_subjects/dynodroid/com.addi_44_src/bin/classes
      [dex] input: /home/vagrant/android-sdk-linux/tools/support/annotations.jar
      [dex] input: /home/vagrant/android-sdk-linux/tools/lib/emma_device.jar
      [dex] Pre-Dexing /home/vagrant/android-sdk-linux/tools/support/annotations.jar -> annotations-5442badee1f6d6457826eac12c92c46e.jar
      [dex] Pre-Dexing /home/vagrant/android-sdk-linux/tools/lib/emma_device.jar -> emma_device-e790229f52a04d2b195df6976ccc31d7.jar
      [dex] Converting compiled files and external libraries into /vagrant/subjects/tool_subjects/dynodroid/com.addi_44_src/bin/classes.dex...
       [dx] Merged dex A (410 defs/854.9KiB) with dex B (2 defs/1.1KiB). Result is 412 defs/1038.6KiB. Took 3.8s
       [dx] Merged dex A (412 defs/1038.6KiB) with dex B (297 defs/326.8KiB). Result is 709 defs/1694.6KiB. Took 2.2s

-crunch:
   [crunch] Crunching PNG Files in source dir: /vagrant/subjects/tool_subjects/dynodroid/com.addi_44_src/res
   [crunch] To destination dir: /vagrant/subjects/tool_subjects/dynodroid/com.addi_44_src/bin/res
   [crunch] Processing image to cache: /vagrant/subjects/tool_subjects/dynodroid/com.addi_44_src/res/drawable/icon.PNG => /vagrant/subjects/tool_subjects/dynodroid/com.addi_44_src/bin/res/drawable/icon.PNG
   [crunch]   (processed image to cache entry /vagrant/subjects/tool_subjects/dynodroid/com.addi_44_src/bin/res/drawable/icon.PNG: 0% size of source)
   [crunch] Processing image to cache: /vagrant/subjects/tool_subjects/dynodroid/com.addi_44_src/res/drawable/sym_keyboard_delete.png => /vagrant/subjects/tool_subjects/dynodroid/com.addi_44_src/bin/res/drawable/sym_keyboard_delete.png
   [crunch]   (processed image to cache entry /vagrant/subjects/tool_subjects/dynodroid/com.addi_44_src/bin/res/drawable/sym_keyboard_delete.png: 0% size of source)
   [crunch] Processing image to cache: /vagrant/subjects/tool_subjects/dynodroid/com.addi_44_src/res/drawable/sym_keyboard_done.png => /vagrant/subjects/tool_subjects/dynodroid/com.addi_44_src/bin/res/drawable/sym_keyboard_done.png
   [crunch]   (processed image to cache entry /vagrant/subjects/tool_subjects/dynodroid/com.addi_44_src/bin/res/drawable/sym_keyboard_done.png: 0% size of source)
   [crunch] Processing image to cache: /vagrant/subjects/tool_subjects/dynodroid/com.addi_44_src/res/drawable/sym_keyboard_return.png => /vagrant/subjects/tool_subjects/dynodroid/com.addi_44_src/bin/res/drawable/sym_keyboard_return.png
   [crunch]   (processed image to cache entry /vagrant/subjects/tool_subjects/dynodroid/com.addi_44_src/bin/res/drawable/sym_keyboard_return.png: 0% size of source)
   [crunch] Processing image to cache: /vagrant/subjects/tool_subjects/dynodroid/com.addi_44_src/res/drawable/sym_keyboard_search.png => /vagrant/subjects/tool_subjects/dynodroid/com.addi_44_src/bin/res/drawable/sym_keyboard_search.png
   [crunch]   (processed image to cache entry /vagrant/subjects/tool_subjects/dynodroid/com.addi_44_src/bin/res/drawable/sym_keyboard_search.png: 0% size of source)
   [crunch] Processing image to cache: /vagrant/subjects/tool_subjects/dynodroid/com.addi_44_src/res/drawable/sym_keyboard_shift.png => /vagrant/subjects/tool_subjects/dynodroid/com.addi_44_src/bin/res/drawable/sym_keyboard_shift.png
   [crunch]   (processed image to cache entry /vagrant/subjects/tool_subjects/dynodroid/com.addi_44_src/bin/res/drawable/sym_keyboard_shift.png: 0% size of source)
   [crunch] Processing image to cache: /vagrant/subjects/tool_subjects/dynodroid/com.addi_44_src/res/drawable/sym_keyboard_space.png => /vagrant/subjects/tool_subjects/dynodroid/com.addi_44_src/bin/res/drawable/sym_keyboard_space.png
   [crunch]   (processed image to cache entry /vagrant/subjects/tool_subjects/dynodroid/com.addi_44_src/bin/res/drawable/sym_keyboard_space.png: 0% size of source)
   [crunch] Crunched 7 PNG files to update cache

-package-resources:
     [aapt] Creating full resource package...
     [aapt]     (skipping dir '_private' due to ANDROID_AAPT_IGNORE pattern '_*')
     [aapt]     (skipping file '.dirstamp' due to ANDROID_AAPT_IGNORE pattern '.*')
     [aapt]     (skipping file '.dirstamp' due to ANDROID_AAPT_IGNORE pattern '.*')
     [aapt]     (skipping file '.dirstamp' due to ANDROID_AAPT_IGNORE pattern '.*')
     [aapt]     (skipping file '.dirstamp' due to ANDROID_AAPT_IGNORE pattern '.*')
     [aapt]     (skipping file '.dirstamp' due to ANDROID_AAPT_IGNORE pattern '.*')
     [aapt]     (skipping file '.dirstamp' due to ANDROID_AAPT_IGNORE pattern '.*')
     [aapt]     (skipping file '.dirstamp' due to ANDROID_AAPT_IGNORE pattern '.*')
     [aapt]     (skipping file '.dirstamp' due to ANDROID_AAPT_IGNORE pattern '.*')
     [aapt]     (skipping file '.dirstamp' due to ANDROID_AAPT_IGNORE pattern '.*')
     [aapt]     (skipping file '.dirstamp' due to ANDROID_AAPT_IGNORE pattern '.*')
     [aapt]     (skipping file '.dirstamp' due to ANDROID_AAPT_IGNORE pattern '.*')
     [aapt]     (skipping file '.dirstamp' due to ANDROID_AAPT_IGNORE pattern '.*')
     [aapt]     (skipping file '.dirstamp' due to ANDROID_AAPT_IGNORE pattern '.*')
     [aapt]     (skipping file '.dirstamp' due to ANDROID_AAPT_IGNORE pattern '.*')
     [aapt]     (skipping file '.dirstamp' due to ANDROID_AAPT_IGNORE pattern '.*')
     [aapt]     (skipping file '.dirstamp' due to ANDROID_AAPT_IGNORE pattern '.*')
     [aapt]     (skipping file '.dirstamp' due to ANDROID_AAPT_IGNORE pattern '.*')
     [aapt]     (skipping file '.dirstamp' due to ANDROID_AAPT_IGNORE pattern '.*')
     [aapt]     (skipping file '.dirstamp' due to ANDROID_AAPT_IGNORE pattern '.*')
     [aapt]     (skipping file '.dirstamp' due to ANDROID_AAPT_IGNORE pattern '.*')
     [aapt]     (skipping file '.dirstamp' due to ANDROID_AAPT_IGNORE pattern '.*')
     [aapt]     (skipping file '.dirstamp' due to ANDROID_AAPT_IGNORE pattern '.*')
     [aapt]     (skipping file '.dirstamp' due to ANDROID_AAPT_IGNORE pattern '.*')
     [aapt]     (skipping file '.dirstamp' due to ANDROID_AAPT_IGNORE pattern '.*')
     [aapt]     (skipping file '.dirstamp' due to ANDROID_AAPT_IGNORE pattern '.*')
     [aapt]     (skipping file '.dirstamp' due to ANDROID_AAPT_IGNORE pattern '.*')
     [aapt]     (skipping file '.dirstamp' due to ANDROID_AAPT_IGNORE pattern '.*')
     [aapt]     (skipping file '.dirstamp' due to ANDROID_AAPT_IGNORE pattern '.*')
     [aapt]     (skipping file '.dirstamp' due to ANDROID_AAPT_IGNORE pattern '.*')
     [aapt] Warning: AndroidManifest.xml already defines debuggable (in http://schemas.android.com/apk/res/android); using existing value in manifest.

-package:
[apkbuilder] Current build type is different than previous build: forced apkbuilder run.
[apkbuilder] Creating Addi-debug-unaligned.apk and signing it with a debug key...

-post-package:

-do-debug:
 [zipalign] Running zip align on final apk...
     [echo] Debug Package: /vagrant/subjects/tool_subjects/dynodroid/com.addi_44_src/bin/Addi-debug.apk
[propertyfile] Creating new property file: /vagrant/subjects/tool_subjects/dynodroid/com.addi_44_src/bin/build.prop
[propertyfile] Updating property file: /vagrant/subjects/tool_subjects/dynodroid/com.addi_44_src/bin/build.prop
[propertyfile] Updating property file: /vagrant/subjects/tool_subjects/dynodroid/com.addi_44_src/bin/build.prop
[propertyfile] Updating property file: /vagrant/subjects/tool_subjects/dynodroid/com.addi_44_src/bin/build.prop

-post-build:

debug:

BUILD SUCCESSFUL
Total time: 2 minutes 51 seconds
