Buildfile: /vagrant/subjects/tool_subjects/dynodroid/in.shick.lockpatterngenerator_6_src/build.xml

emma:

-set-mode-check:

-set-debug-files:

-check-env:
 [checkenv] Android SDK Tools Revision 23.0.2
 [checkenv] Installed at /home/vagrant/android-sdk-linux

-setup:
     [echo] Project Name: GeneratorActivity
  [gettype] Project Type: Self-Tested Application

-set-debug-mode:

-debug-obfuscation-check:

-pre-build:

-build-setup:
[getbuildtools] Using latest Build Tools: 20.0.0
     [echo] Resolving Build Target for GeneratorActivity...
[gettarget] Project Target:   Android 2.3.3
[gettarget] API level:        10
     [echo] ----------
     [echo] Creating output directories if needed...
    [mkdir] Created dir: /vagrant/subjects/tool_subjects/dynodroid/in.shick.lockpatterngenerator_6_src/bin
    [mkdir] Created dir: /vagrant/subjects/tool_subjects/dynodroid/in.shick.lockpatterngenerator_6_src/bin/res
    [mkdir] Created dir: /vagrant/subjects/tool_subjects/dynodroid/in.shick.lockpatterngenerator_6_src/bin/rsObj
    [mkdir] Created dir: /vagrant/subjects/tool_subjects/dynodroid/in.shick.lockpatterngenerator_6_src/bin/rsLibs
    [mkdir] Created dir: /vagrant/subjects/tool_subjects/dynodroid/in.shick.lockpatterngenerator_6_src/gen
    [mkdir] Created dir: /vagrant/subjects/tool_subjects/dynodroid/in.shick.lockpatterngenerator_6_src/bin/classes
    [mkdir] Created dir: /vagrant/subjects/tool_subjects/dynodroid/in.shick.lockpatterngenerator_6_src/bin/dexedLibs
     [echo] ----------
     [echo] Resolving Dependencies for GeneratorActivity...
[dependency] Library dependencies:
[dependency] No Libraries
[dependency] 
[dependency] ------------------
[dependency] API<=15: Adding annotations.jar to the classpath.
     [echo] ----------
     [echo] Building Libraries with 'instrument'...
   [subant] No sub-builds to iterate on

-code-gen:
[mergemanifest] Merging AndroidManifest files into one.
[mergemanifest] Manifest merger disabled. Using project manifest only.
     [echo] Handling aidl files...
     [aidl] No AIDL files to compile.
     [echo] ----------
     [echo] Handling RenderScript files...
     [echo] ----------
     [echo] Handling Resources...
     [aapt] Generating resource IDs...
     [echo] ----------
     [echo] Handling BuildConfig class...
[buildconfig] Generating BuildConfig class.

-pre-compile:

-compile:
    [javac] Compiling 16 source files to /vagrant/subjects/tool_subjects/dynodroid/in.shick.lockpatterngenerator_6_src/bin/classes
    [javac] Note: /vagrant/subjects/tool_subjects/dynodroid/in.shick.lockpatterngenerator_6_src/src/in/shick/lockpatterngenerator/GeneratorActivity.java uses unchecked or unsafe operations.
    [javac] Note: Recompile with -Xlint:unchecked for details.
     [echo] Instrumenting classes from /vagrant/subjects/tool_subjects/dynodroid/in.shick.lockpatterngenerator_6_src/bin/classes...

-post-compile:

-obfuscate:

-dex:
      [dex] input: /vagrant/subjects/tool_subjects/dynodroid/in.shick.lockpatterngenerator_6_src/bin/classes
      [dex] input: /home/vagrant/android-sdk-linux/tools/support/annotations.jar
      [dex] input: /home/vagrant/android-sdk-linux/tools/lib/emma_device.jar
      [dex] Pre-Dexing /home/vagrant/android-sdk-linux/tools/support/annotations.jar -> annotations-5442badee1f6d6457826eac12c92c46e.jar
      [dex] Pre-Dexing /home/vagrant/android-sdk-linux/tools/lib/emma_device.jar -> emma_device-e790229f52a04d2b195df6976ccc31d7.jar
      [dex] Converting compiled files and external libraries into /vagrant/subjects/tool_subjects/dynodroid/in.shick.lockpatterngenerator_6_src/bin/classes.dex...
       [dx] Merged dex A (43 defs/53.1KiB) with dex B (2 defs/1.1KiB). Result is 45 defs/62.7KiB. Took 0.3s
       [dx] Merged dex A (45 defs/62.7KiB) with dex B (297 defs/326.8KiB). Result is 342 defs/469.8KiB. Took 0.6s

-crunch:
   [crunch] Crunching PNG Files in source dir: /vagrant/subjects/tool_subjects/dynodroid/in.shick.lockpatterngenerator_6_src/res
   [crunch] To destination dir: /vagrant/subjects/tool_subjects/dynodroid/in.shick.lockpatterngenerator_6_src/bin/res
   [crunch] Processing image to cache: /vagrant/subjects/tool_subjects/dynodroid/in.shick.lockpatterngenerator_6_src/res/drawable-hdpi/icon.png => /vagrant/subjects/tool_subjects/dynodroid/in.shick.lockpatterngenerator_6_src/bin/res/drawable-hdpi/icon.png
   [crunch]   (processed image to cache entry /vagrant/subjects/tool_subjects/dynodroid/in.shick.lockpatterngenerator_6_src/bin/res/drawable-hdpi/icon.png: 67% size of source)
   [crunch] Processing image to cache: /vagrant/subjects/tool_subjects/dynodroid/in.shick.lockpatterngenerator_6_src/res/drawable-hdpi/license_icon.png => /vagrant/subjects/tool_subjects/dynodroid/in.shick.lockpatterngenerator_6_src/bin/res/drawable-hdpi/license_icon.png
   [crunch]   (processed image to cache entry /vagrant/subjects/tool_subjects/dynodroid/in.shick.lockpatterngenerator_6_src/bin/res/drawable-hdpi/license_icon.png: 41% size of source)
   [crunch] Processing image to cache: /vagrant/subjects/tool_subjects/dynodroid/in.shick.lockpatterngenerator_6_src/res/drawable-hdpi/menu_about.png => /vagrant/subjects/tool_subjects/dynodroid/in.shick.lockpatterngenerator_6_src/bin/res/drawable-hdpi/menu_about.png
   [crunch]   (processed image to cache entry /vagrant/subjects/tool_subjects/dynodroid/in.shick.lockpatterngenerator_6_src/bin/res/drawable-hdpi/menu_about.png: 0% size of source)
   [crunch] Processing image to cache: /vagrant/subjects/tool_subjects/dynodroid/in.shick.lockpatterngenerator_6_src/res/drawable-hdpi/menu_help.png => /vagrant/subjects/tool_subjects/dynodroid/in.shick.lockpatterngenerator_6_src/bin/res/drawable-hdpi/menu_help.png
   [crunch]   (processed image to cache entry /vagrant/subjects/tool_subjects/dynodroid/in.shick.lockpatterngenerator_6_src/bin/res/drawable-hdpi/menu_help.png: 0% size of source)
   [crunch] Processing image to cache: /vagrant/subjects/tool_subjects/dynodroid/in.shick.lockpatterngenerator_6_src/res/drawable-hdpi/menu_settings.png => /vagrant/subjects/tool_subjects/dynodroid/in.shick.lockpatterngenerator_6_src/bin/res/drawable-hdpi/menu_settings.png
   [crunch]   (processed image to cache entry /vagrant/subjects/tool_subjects/dynodroid/in.shick.lockpatterngenerator_6_src/bin/res/drawable-hdpi/menu_settings.png: 0% size of source)
   [crunch] Processing image to cache: /vagrant/subjects/tool_subjects/dynodroid/in.shick.lockpatterngenerator_6_src/res/drawable-hdpi/pref_grid_length.png => /vagrant/subjects/tool_subjects/dynodroid/in.shick.lockpatterngenerator_6_src/bin/res/drawable-hdpi/pref_grid_length.png
   [crunch]   (processed image to cache entry /vagrant/subjects/tool_subjects/dynodroid/in.shick.lockpatterngenerator_6_src/bin/res/drawable-hdpi/pref_grid_length.png: 0% size of source)
   [crunch] Processing image to cache: /vagrant/subjects/tool_subjects/dynodroid/in.shick.lockpatterngenerator_6_src/res/drawable-hdpi/pref_highlight.png => /vagrant/subjects/tool_subjects/dynodroid/in.shick.lockpatterngenerator_6_src/bin/res/drawable-hdpi/pref_highlight.png
   [crunch]   (processed image to cache entry /vagrant/subjects/tool_subjects/dynodroid/in.shick.lockpatterngenerator_6_src/bin/res/drawable-hdpi/pref_highlight.png: 0% size of source)
   [crunch] Processing image to cache: /vagrant/subjects/tool_subjects/dynodroid/in.shick.lockpatterngenerator_6_src/res/drawable-hdpi/pref_pattern_max.png => /vagrant/subjects/tool_subjects/dynodroid/in.shick.lockpatterngenerator_6_src/bin/res/drawable-hdpi/pref_pattern_max.png
   [crunch]   (processed image to cache entry /vagrant/subjects/tool_subjects/dynodroid/in.shick.lockpatterngenerator_6_src/bin/res/drawable-hdpi/pref_pattern_max.png: 0% size of source)
   [crunch] Processing image to cache: /vagrant/subjects/tool_subjects/dynodroid/in.shick.lockpatterngenerator_6_src/res/drawable-hdpi/pref_pattern_min.png => /vagrant/subjects/tool_subjects/dynodroid/in.shick.lockpatterngenerator_6_src/bin/res/drawable-hdpi/pref_pattern_min.png
   [crunch]   (processed image to cache entry /vagrant/subjects/tool_subjects/dynodroid/in.shick.lockpatterngenerator_6_src/bin/res/drawable-hdpi/pref_pattern_min.png: 0% size of source)
   [crunch] Processing image to cache: /vagrant/subjects/tool_subjects/dynodroid/in.shick.lockpatterngenerator_6_src/res/drawable-ldpi/icon.png => /vagrant/subjects/tool_subjects/dynodroid/in.shick.lockpatterngenerator_6_src/bin/res/drawable-ldpi/icon.png
   [crunch]   (processed image to cache entry /vagrant/subjects/tool_subjects/dynodroid/in.shick.lockpatterngenerator_6_src/bin/res/drawable-ldpi/icon.png: 0% size of source)
   [crunch] Processing image to cache: /vagrant/subjects/tool_subjects/dynodroid/in.shick.lockpatterngenerator_6_src/res/drawable-ldpi/license_icon.png => /vagrant/subjects/tool_subjects/dynodroid/in.shick.lockpatterngenerator_6_src/bin/res/drawable-ldpi/license_icon.png
   [crunch]   (processed image to cache entry /vagrant/subjects/tool_subjects/dynodroid/in.shick.lockpatterngenerator_6_src/bin/res/drawable-ldpi/license_icon.png: 0% size of source)
   [crunch] Processing image to cache: /vagrant/subjects/tool_subjects/dynodroid/in.shick.lockpatterngenerator_6_src/res/drawable-ldpi/menu_about.png => /vagrant/subjects/tool_subjects/dynodroid/in.shick.lockpatterngenerator_6_src/bin/res/drawable-ldpi/menu_about.png
   [crunch]   (processed image to cache entry /vagrant/subjects/tool_subjects/dynodroid/in.shick.lockpatterngenerator_6_src/bin/res/drawable-ldpi/menu_about.png: 0% size of source)
   [crunch] Processing image to cache: /vagrant/subjects/tool_subjects/dynodroid/in.shick.lockpatterngenerator_6_src/res/drawable-ldpi/menu_help.png => /vagrant/subjects/tool_subjects/dynodroid/in.shick.lockpatterngenerator_6_src/bin/res/drawable-ldpi/menu_help.png
   [crunch]   (processed image to cache entry /vagrant/subjects/tool_subjects/dynodroid/in.shick.lockpatterngenerator_6_src/bin/res/drawable-ldpi/menu_help.png: 0% size of source)
   [crunch] Processing image to cache: /vagrant/subjects/tool_subjects/dynodroid/in.shick.lockpatterngenerator_6_src/res/drawable-ldpi/menu_settings.png => /vagrant/subjects/tool_subjects/dynodroid/in.shick.lockpatterngenerator_6_src/bin/res/drawable-ldpi/menu_settings.png
   [crunch]   (processed image to cache entry /vagrant/subjects/tool_subjects/dynodroid/in.shick.lockpatterngenerator_6_src/bin/res/drawable-ldpi/menu_settings.png: 0% size of source)
   [crunch] Processing image to cache: /vagrant/subjects/tool_subjects/dynodroid/in.shick.lockpatterngenerator_6_src/res/drawable-ldpi/pref_grid_length.png => /vagrant/subjects/tool_subjects/dynodroid/in.shick.lockpatterngenerator_6_src/bin/res/drawable-ldpi/pref_grid_length.png
   [crunch]   (processed image to cache entry /vagrant/subjects/tool_subjects/dynodroid/in.shick.lockpatterngenerator_6_src/bin/res/drawable-ldpi/pref_grid_length.png: 0% size of source)
   [crunch] Processing image to cache: /vagrant/subjects/tool_subjects/dynodroid/in.shick.lockpatterngenerator_6_src/res/drawable-ldpi/pref_highlight.png => /vagrant/subjects/tool_subjects/dynodroid/in.shick.lockpatterngenerator_6_src/bin/res/drawable-ldpi/pref_highlight.png
   [crunch]   (processed image to cache entry /vagrant/subjects/tool_subjects/dynodroid/in.shick.lockpatterngenerator_6_src/bin/res/drawable-ldpi/pref_highlight.png: 0% size of source)
   [crunch] Processing image to cache: /vagrant/subjects/tool_subjects/dynodroid/in.shick.lockpatterngenerator_6_src/res/drawable-ldpi/pref_pattern_max.png => /vagrant/subjects/tool_subjects/dynodroid/in.shick.lockpatterngenerator_6_src/bin/res/drawable-ldpi/pref_pattern_max.png
   [crunch]   (processed image to cache entry /vagrant/subjects/tool_subjects/dynodroid/in.shick.lockpatterngenerator_6_src/bin/res/drawable-ldpi/pref_pattern_max.png: 0% size of source)
   [crunch] Processing image to cache: /vagrant/subjects/tool_subjects/dynodroid/in.shick.lockpatterngenerator_6_src/res/drawable-ldpi/pref_pattern_min.png => /vagrant/subjects/tool_subjects/dynodroid/in.shick.lockpatterngenerator_6_src/bin/res/drawable-ldpi/pref_pattern_min.png
   [crunch]   (processed image to cache entry /vagrant/subjects/tool_subjects/dynodroid/in.shick.lockpatterngenerator_6_src/bin/res/drawable-ldpi/pref_pattern_min.png: 0% size of source)
   [crunch] Processing image to cache: /vagrant/subjects/tool_subjects/dynodroid/in.shick.lockpatterngenerator_6_src/res/drawable-mdpi/icon.png => /vagrant/subjects/tool_subjects/dynodroid/in.shick.lockpatterngenerator_6_src/bin/res/drawable-mdpi/icon.png
   [crunch]   (processed image to cache entry /vagrant/subjects/tool_subjects/dynodroid/in.shick.lockpatterngenerator_6_src/bin/res/drawable-mdpi/icon.png: 0% size of source)
   [crunch] Processing image to cache: /vagrant/subjects/tool_subjects/dynodroid/in.shick.lockpatterngenerator_6_src/res/drawable-mdpi/license_icon.png => /vagrant/subjects/tool_subjects/dynodroid/in.shick.lockpatterngenerator_6_src/bin/res/drawable-mdpi/license_icon.png
   [crunch]   (processed image to cache entry /vagrant/subjects/tool_subjects/dynodroid/in.shick.lockpatterngenerator_6_src/bin/res/drawable-mdpi/license_icon.png: 32% size of source)
   [crunch] Processing image to cache: /vagrant/subjects/tool_subjects/dynodroid/in.shick.lockpatterngenerator_6_src/res/drawable-mdpi/menu_about.png => /vagrant/subjects/tool_subjects/dynodroid/in.shick.lockpatterngenerator_6_src/bin/res/drawable-mdpi/menu_about.png
   [crunch]   (processed image to cache entry /vagrant/subjects/tool_subjects/dynodroid/in.shick.lockpatterngenerator_6_src/bin/res/drawable-mdpi/menu_about.png: 0% size of source)
   [crunch] Processing image to cache: /vagrant/subjects/tool_subjects/dynodroid/in.shick.lockpatterngenerator_6_src/res/drawable-mdpi/menu_help.png => /vagrant/subjects/tool_subjects/dynodroid/in.shick.lockpatterngenerator_6_src/bin/res/drawable-mdpi/menu_help.png
   [crunch]   (processed image to cache entry /vagrant/subjects/tool_subjects/dynodroid/in.shick.lockpatterngenerator_6_src/bin/res/drawable-mdpi/menu_help.png: 0% size of source)
   [crunch] Processing image to cache: /vagrant/subjects/tool_subjects/dynodroid/in.shick.lockpatterngenerator_6_src/res/drawable-mdpi/menu_settings.png => /vagrant/subjects/tool_subjects/dynodroid/in.shick.lockpatterngenerator_6_src/bin/res/drawable-mdpi/menu_settings.png
   [crunch]   (processed image to cache entry /vagrant/subjects/tool_subjects/dynodroid/in.shick.lockpatterngenerator_6_src/bin/res/drawable-mdpi/menu_settings.png: 0% size of source)
   [crunch] Processing image to cache: /vagrant/subjects/tool_subjects/dynodroid/in.shick.lockpatterngenerator_6_src/res/drawable-mdpi/pref_grid_length.png => /vagrant/subjects/tool_subjects/dynodroid/in.shick.lockpatterngenerator_6_src/bin/res/drawable-mdpi/pref_grid_length.png
   [crunch]   (processed image to cache entry /vagrant/subjects/tool_subjects/dynodroid/in.shick.lockpatterngenerator_6_src/bin/res/drawable-mdpi/pref_grid_length.png: 0% size of source)
   [crunch] Processing image to cache: /vagrant/subjects/tool_subjects/dynodroid/in.shick.lockpatterngenerator_6_src/res/drawable-mdpi/pref_highlight.png => /vagrant/subjects/tool_subjects/dynodroid/in.shick.lockpatterngenerator_6_src/bin/res/drawable-mdpi/pref_highlight.png
   [crunch]   (processed image to cache entry /vagrant/subjects/tool_subjects/dynodroid/in.shick.lockpatterngenerator_6_src/bin/res/drawable-mdpi/pref_highlight.png: 0% size of source)
   [crunch] Processing image to cache: /vagrant/subjects/tool_subjects/dynodroid/in.shick.lockpatterngenerator_6_src/res/drawable-mdpi/pref_pattern_max.png => /vagrant/subjects/tool_subjects/dynodroid/in.shick.lockpatterngenerator_6_src/bin/res/drawable-mdpi/pref_pattern_max.png
   [crunch]   (processed image to cache entry /vagrant/subjects/tool_subjects/dynodroid/in.shick.lockpatterngenerator_6_src/bin/res/drawable-mdpi/pref_pattern_max.png: 0% size of source)
   [crunch] Processing image to cache: /vagrant/subjects/tool_subjects/dynodroid/in.shick.lockpatterngenerator_6_src/res/drawable-mdpi/pref_pattern_min.png => /vagrant/subjects/tool_subjects/dynodroid/in.shick.lockpatterngenerator_6_src/bin/res/drawable-mdpi/pref_pattern_min.png
   [crunch]   (processed image to cache entry /vagrant/subjects/tool_subjects/dynodroid/in.shick.lockpatterngenerator_6_src/bin/res/drawable-mdpi/pref_pattern_min.png: 0% size of source)
   [crunch] Processing image to cache: /vagrant/subjects/tool_subjects/dynodroid/in.shick.lockpatterngenerator_6_src/res/drawable-xhdpi/icon.png => /vagrant/subjects/tool_subjects/dynodroid/in.shick.lockpatterngenerator_6_src/bin/res/drawable-xhdpi/icon.png
   [crunch]   (processed image to cache entry /vagrant/subjects/tool_subjects/dynodroid/in.shick.lockpatterngenerator_6_src/bin/res/drawable-xhdpi/icon.png: 92% size of source)
   [crunch] Processing image to cache: /vagrant/subjects/tool_subjects/dynodroid/in.shick.lockpatterngenerator_6_src/res/drawable-xhdpi/license_icon.png => /vagrant/subjects/tool_subjects/dynodroid/in.shick.lockpatterngenerator_6_src/bin/res/drawable-xhdpi/license_icon.png
   [crunch]   (processed image to cache entry /vagrant/subjects/tool_subjects/dynodroid/in.shick.lockpatterngenerator_6_src/bin/res/drawable-xhdpi/license_icon.png: 29% size of source)
   [crunch] Processing image to cache: /vagrant/subjects/tool_subjects/dynodroid/in.shick.lockpatterngenerator_6_src/res/drawable-xhdpi/menu_about.png => /vagrant/subjects/tool_subjects/dynodroid/in.shick.lockpatterngenerator_6_src/bin/res/drawable-xhdpi/menu_about.png
   [crunch]   (processed image to cache entry /vagrant/subjects/tool_subjects/dynodroid/in.shick.lockpatterngenerator_6_src/bin/res/drawable-xhdpi/menu_about.png: 0% size of source)
   [crunch] Processing image to cache: /vagrant/subjects/tool_subjects/dynodroid/in.shick.lockpatterngenerator_6_src/res/drawable-xhdpi/menu_help.png => /vagrant/subjects/tool_subjects/dynodroid/in.shick.lockpatterngenerator_6_src/bin/res/drawable-xhdpi/menu_help.png
   [crunch]   (processed image to cache entry /vagrant/subjects/tool_subjects/dynodroid/in.shick.lockpatterngenerator_6_src/bin/res/drawable-xhdpi/menu_help.png: 0% size of source)
   [crunch] Processing image to cache: /vagrant/subjects/tool_subjects/dynodroid/in.shick.lockpatterngenerator_6_src/res/drawable-xhdpi/menu_settings.png => /vagrant/subjects/tool_subjects/dynodroid/in.shick.lockpatterngenerator_6_src/bin/res/drawable-xhdpi/menu_settings.png
   [crunch]   (processed image to cache entry /vagrant/subjects/tool_subjects/dynodroid/in.shick.lockpatterngenerator_6_src/bin/res/drawable-xhdpi/menu_settings.png: 0% size of source)
   [crunch] Processing image to cache: /vagrant/subjects/tool_subjects/dynodroid/in.shick.lockpatterngenerator_6_src/res/drawable-xhdpi/pref_grid_length.png => /vagrant/subjects/tool_subjects/dynodroid/in.shick.lockpatterngenerator_6_src/bin/res/drawable-xhdpi/pref_grid_length.png
   [crunch]   (processed image to cache entry /vagrant/subjects/tool_subjects/dynodroid/in.shick.lockpatterngenerator_6_src/bin/res/drawable-xhdpi/pref_grid_length.png: 0% size of source)
   [crunch] Processing image to cache: /vagrant/subjects/tool_subjects/dynodroid/in.shick.lockpatterngenerator_6_src/res/drawable-xhdpi/pref_highlight.png => /vagrant/subjects/tool_subjects/dynodroid/in.shick.lockpatterngenerator_6_src/bin/res/drawable-xhdpi/pref_highlight.png
   [crunch]   (processed image to cache entry /vagrant/subjects/tool_subjects/dynodroid/in.shick.lockpatterngenerator_6_src/bin/res/drawable-xhdpi/pref_highlight.png: 0% size of source)
   [crunch] Processing image to cache: /vagrant/subjects/tool_subjects/dynodroid/in.shick.lockpatterngenerator_6_src/res/drawable-xhdpi/pref_pattern_max.png => /vagrant/subjects/tool_subjects/dynodroid/in.shick.lockpatterngenerator_6_src/bin/res/drawable-xhdpi/pref_pattern_max.png
   [crunch]   (processed image to cache entry /vagrant/subjects/tool_subjects/dynodroid/in.shick.lockpatterngenerator_6_src/bin/res/drawable-xhdpi/pref_pattern_max.png: 0% size of source)
   [crunch] Processing image to cache: /vagrant/subjects/tool_subjects/dynodroid/in.shick.lockpatterngenerator_6_src/res/drawable-xhdpi/pref_pattern_min.png => /vagrant/subjects/tool_subjects/dynodroid/in.shick.lockpatterngenerator_6_src/bin/res/drawable-xhdpi/pref_pattern_min.png
   [crunch]   (processed image to cache entry /vagrant/subjects/tool_subjects/dynodroid/in.shick.lockpatterngenerator_6_src/bin/res/drawable-xhdpi/pref_pattern_min.png: 0% size of source)
   [crunch] Crunched 36 PNG files to update cache

-package-resources:
     [aapt] Creating full resource package...

-package:
[apkbuilder] Current build type is different than previous build: forced apkbuilder run.
[apkbuilder] Creating GeneratorActivity-debug-unaligned.apk and signing it with a debug key...

-post-package:

-do-debug:
 [zipalign] Running zip align on final apk...
     [echo] Debug Package: /vagrant/subjects/tool_subjects/dynodroid/in.shick.lockpatterngenerator_6_src/bin/GeneratorActivity-debug.apk
[propertyfile] Creating new property file: /vagrant/subjects/tool_subjects/dynodroid/in.shick.lockpatterngenerator_6_src/bin/build.prop
[propertyfile] Updating property file: /vagrant/subjects/tool_subjects/dynodroid/in.shick.lockpatterngenerator_6_src/bin/build.prop
[propertyfile] Updating property file: /vagrant/subjects/tool_subjects/dynodroid/in.shick.lockpatterngenerator_6_src/bin/build.prop
[propertyfile] Updating property file: /vagrant/subjects/tool_subjects/dynodroid/in.shick.lockpatterngenerator_6_src/bin/build.prop

-post-build:

debug:

BUILD SUCCESSFUL
Total time: 28 seconds
