Buildfile: /vagrant/subjects/tool_subjects/dynodroid/be.ppareit.swiftp_free_21_src/build.xml

emma:

-set-mode-check:

-set-debug-files:

-check-env:
 [checkenv] Android SDK Tools Revision 23.0.2
 [checkenv] Installed at /home/vagrant/android-sdk-linux

-setup:
     [echo] Project Name: ServerPreferenceActivity
  [gettype] Project Type: Self-Tested Application

-set-debug-mode:

-debug-obfuscation-check:

-pre-build:

-build-setup:
[getbuildtools] Using latest Build Tools: 20.0.0
     [echo] Resolving Build Target for ServerPreferenceActivity...
[gettarget] Project Target:   Android 2.3.3
[gettarget] API level:        10
     [echo] ----------
     [echo] Creating output directories if needed...
    [mkdir] Created dir: /vagrant/subjects/tool_subjects/dynodroid/be.ppareit.swiftp_free_21_src/bin
    [mkdir] Created dir: /vagrant/subjects/tool_subjects/dynodroid/be.ppareit.swiftp_free_21_src/bin/res
    [mkdir] Created dir: /vagrant/subjects/tool_subjects/dynodroid/be.ppareit.swiftp_free_21_src/bin/rsObj
    [mkdir] Created dir: /vagrant/subjects/tool_subjects/dynodroid/be.ppareit.swiftp_free_21_src/bin/rsLibs
    [mkdir] Created dir: /vagrant/subjects/tool_subjects/dynodroid/be.ppareit.swiftp_free_21_src/gen
    [mkdir] Created dir: /vagrant/subjects/tool_subjects/dynodroid/be.ppareit.swiftp_free_21_src/bin/classes
    [mkdir] Created dir: /vagrant/subjects/tool_subjects/dynodroid/be.ppareit.swiftp_free_21_src/bin/dexedLibs
     [echo] ----------
     [echo] Resolving Dependencies for ServerPreferenceActivity...
[dependency] Library dependencies:
[dependency] No Libraries
[dependency] 
[dependency] ------------------
[dependency] API<=15: Adding annotations.jar to the classpath.
     [echo] ----------
     [echo] Building Libraries with 'instrument'...
   [subant] No sub-builds to iterate on

-code-gen:
[mergemanifest] Merging AndroidManifest files into one.
[mergemanifest] Manifest merger disabled. Using project manifest only.
     [echo] Handling aidl files...
     [aidl] No AIDL files to compile.
     [echo] ----------
     [echo] Handling RenderScript files...
     [echo] ----------
     [echo] Handling Resources...
     [aapt] Generating resource IDs...
     [echo] ----------
     [echo] Handling BuildConfig class...
[buildconfig] Generating BuildConfig class.

-pre-compile:

-compile:
    [javac] Compiling 53 source files to /vagrant/subjects/tool_subjects/dynodroid/be.ppareit.swiftp_free_21_src/bin/classes
     [echo] Instrumenting classes from /vagrant/subjects/tool_subjects/dynodroid/be.ppareit.swiftp_free_21_src/bin/classes...

-post-compile:

-obfuscate:

-dex:
      [dex] input: /vagrant/subjects/tool_subjects/dynodroid/be.ppareit.swiftp_free_21_src/bin/classes
      [dex] input: /home/vagrant/android-sdk-linux/tools/support/annotations.jar
      [dex] input: /home/vagrant/android-sdk-linux/tools/lib/emma_device.jar
      [dex] Pre-Dexing /home/vagrant/android-sdk-linux/tools/support/annotations.jar -> annotations-5442badee1f6d6457826eac12c92c46e.jar
      [dex] Pre-Dexing /home/vagrant/android-sdk-linux/tools/lib/emma_device.jar -> emma_device-e790229f52a04d2b195df6976ccc31d7.jar
      [dex] Converting compiled files and external libraries into /vagrant/subjects/tool_subjects/dynodroid/be.ppareit.swiftp_free_21_src/bin/classes.dex...
       [dx] Merged dex A (74 defs/122.1KiB) with dex B (2 defs/1.1KiB). Result is 76 defs/145.0KiB. Took 0.5s
       [dx] Merged dex A (76 defs/145.0KiB) with dex B (297 defs/326.8KiB). Result is 373 defs/571.1KiB. Took 0.6s

-crunch:
   [crunch] Crunching PNG Files in source dir: /vagrant/subjects/tool_subjects/dynodroid/be.ppareit.swiftp_free_21_src/res
   [crunch] To destination dir: /vagrant/subjects/tool_subjects/dynodroid/be.ppareit.swiftp_free_21_src/bin/res
   [crunch] Processing image to cache: /vagrant/subjects/tool_subjects/dynodroid/be.ppareit.swiftp_free_21_src/res/drawable/icon.png => /vagrant/subjects/tool_subjects/dynodroid/be.ppareit.swiftp_free_21_src/bin/res/drawable/icon.png
   [crunch]   (processed image to cache entry /vagrant/subjects/tool_subjects/dynodroid/be.ppareit.swiftp_free_21_src/bin/res/drawable/icon.png: 72% size of source)
   [crunch] Processing image to cache: /vagrant/subjects/tool_subjects/dynodroid/be.ppareit.swiftp_free_21_src/res/drawable/logo.png => /vagrant/subjects/tool_subjects/dynodroid/be.ppareit.swiftp_free_21_src/bin/res/drawable/logo.png
   [crunch]   (processed image to cache entry /vagrant/subjects/tool_subjects/dynodroid/be.ppareit.swiftp_free_21_src/bin/res/drawable/logo.png: 0% size of source)
   [crunch] Processing image to cache: /vagrant/subjects/tool_subjects/dynodroid/be.ppareit.swiftp_free_21_src/res/drawable/notification.png => /vagrant/subjects/tool_subjects/dynodroid/be.ppareit.swiftp_free_21_src/bin/res/drawable/notification.png
   [crunch]   (processed image to cache entry /vagrant/subjects/tool_subjects/dynodroid/be.ppareit.swiftp_free_21_src/bin/res/drawable/notification.png: 0% size of source)
   [crunch] Processing image to cache: /vagrant/subjects/tool_subjects/dynodroid/be.ppareit.swiftp_free_21_src/res/drawable/widget_off.png => /vagrant/subjects/tool_subjects/dynodroid/be.ppareit.swiftp_free_21_src/bin/res/drawable/widget_off.png
   [crunch]   (processed image to cache entry /vagrant/subjects/tool_subjects/dynodroid/be.ppareit.swiftp_free_21_src/bin/res/drawable/widget_off.png: 58% size of source)
   [crunch] Processing image to cache: /vagrant/subjects/tool_subjects/dynodroid/be.ppareit.swiftp_free_21_src/res/drawable/widget_on.png => /vagrant/subjects/tool_subjects/dynodroid/be.ppareit.swiftp_free_21_src/bin/res/drawable/widget_on.png
   [crunch]   (processed image to cache entry /vagrant/subjects/tool_subjects/dynodroid/be.ppareit.swiftp_free_21_src/bin/res/drawable/widget_on.png: 58% size of source)
   [crunch] Crunched 5 PNG files to update cache

-package-resources:
     [aapt] Creating full resource package...

-package:
[apkbuilder] Current build type is different than previous build: forced apkbuilder run.
[apkbuilder] Creating ServerPreferenceActivity-debug-unaligned.apk and signing it with a debug key...

-post-package:

-do-debug:
 [zipalign] Running zip align on final apk...
     [echo] Debug Package: /vagrant/subjects/tool_subjects/dynodroid/be.ppareit.swiftp_free_21_src/bin/ServerPreferenceActivity-debug.apk
[propertyfile] Creating new property file: /vagrant/subjects/tool_subjects/dynodroid/be.ppareit.swiftp_free_21_src/bin/build.prop
[propertyfile] Updating property file: /vagrant/subjects/tool_subjects/dynodroid/be.ppareit.swiftp_free_21_src/bin/build.prop
[propertyfile] Updating property file: /vagrant/subjects/tool_subjects/dynodroid/be.ppareit.swiftp_free_21_src/bin/build.prop
[propertyfile] Updating property file: /vagrant/subjects/tool_subjects/dynodroid/be.ppareit.swiftp_free_21_src/bin/build.prop

-post-build:

debug:

BUILD SUCCESSFUL
Total time: 34 seconds
