Buildfile: /vagrant/subjects/tool_subjects/dynodroid/aLogCat/build.xml

emma:

-set-mode-check:

-set-debug-files:

-check-env:
 [checkenv] Android SDK Tools Revision 23.0.2
 [checkenv] Installed at /home/vagrant/android-sdk-linux

-setup:
     [echo] Project Name: alogcat
  [gettype] Project Type: Self-Tested Application

-set-debug-mode:

-debug-obfuscation-check:

-pre-build:

-build-setup:
[getbuildtools] Using latest Build Tools: 20.0.0
     [echo] Resolving Build Target for alogcat...
[gettarget] Project Target:   Android 2.3.3
[gettarget] API level:        10
     [echo] ----------
     [echo] Creating output directories if needed...
    [mkdir] Created dir: /vagrant/subjects/tool_subjects/dynodroid/aLogCat/bin
    [mkdir] Created dir: /vagrant/subjects/tool_subjects/dynodroid/aLogCat/bin/res
    [mkdir] Created dir: /vagrant/subjects/tool_subjects/dynodroid/aLogCat/bin/rsObj
    [mkdir] Created dir: /vagrant/subjects/tool_subjects/dynodroid/aLogCat/bin/rsLibs
    [mkdir] Created dir: /vagrant/subjects/tool_subjects/dynodroid/aLogCat/gen
    [mkdir] Created dir: /vagrant/subjects/tool_subjects/dynodroid/aLogCat/bin/classes
    [mkdir] Created dir: /vagrant/subjects/tool_subjects/dynodroid/aLogCat/bin/dexedLibs
     [echo] ----------
     [echo] Resolving Dependencies for alogcat...
[dependency] Library dependencies:
[dependency] No Libraries
[dependency] 
[dependency] ------------------
[dependency] API<=15: Adding annotations.jar to the classpath.
     [echo] ----------
     [echo] Building Libraries with 'instrument'...
   [subant] No sub-builds to iterate on

-code-gen:
[mergemanifest] Merging AndroidManifest files into one.
[mergemanifest] Manifest merger disabled. Using project manifest only.
     [echo] Handling aidl files...
     [aidl] No AIDL files to compile.
     [echo] ----------
     [echo] Handling RenderScript files...
     [echo] ----------
     [echo] Handling Resources...
     [aapt] Generating resource IDs...
     [echo] ----------
     [echo] Handling BuildConfig class...
[buildconfig] Generating BuildConfig class.

-pre-compile:

-compile:
    [javac] Compiling 27 source files to /vagrant/subjects/tool_subjects/dynodroid/aLogCat/bin/classes
    [javac] Note: /vagrant/subjects/tool_subjects/dynodroid/aLogCat/src/org/jtb/alogcat/LogActivity.java uses unchecked or unsafe operations.
    [javac] Note: Recompile with -Xlint:unchecked for details.
     [echo] Instrumenting classes from /vagrant/subjects/tool_subjects/dynodroid/aLogCat/bin/classes...

-post-compile:

-obfuscate:

-dex:
      [dex] input: /vagrant/subjects/tool_subjects/dynodroid/aLogCat/bin/classes
      [dex] input: /home/vagrant/android-sdk-linux/tools/support/annotations.jar
      [dex] input: /vagrant/subjects/tool_subjects/dynodroid/aLogCat/libs/android-support-v4.jar
      [dex] input: /home/vagrant/android-sdk-linux/tools/lib/emma_device.jar
      [dex] Pre-Dexing /home/vagrant/android-sdk-linux/tools/support/annotations.jar -> annotations-5442badee1f6d6457826eac12c92c46e.jar
      [dex] Pre-Dexing /vagrant/subjects/tool_subjects/dynodroid/aLogCat/libs/android-support-v4.jar -> android-support-v4-74b86b3b75caa23761ea22d80a2d156f.jar
      [dex] Pre-Dexing /home/vagrant/android-sdk-linux/tools/lib/emma_device.jar -> emma_device-e790229f52a04d2b195df6976ccc31d7.jar
      [dex] Converting compiled files and external libraries into /vagrant/subjects/tool_subjects/dynodroid/aLogCat/bin/classes.dex...
       [dx] Merged dex A (48 defs/67.0KiB) with dex B (2 defs/1.1KiB). Result is 50 defs/79.9KiB. Took 0.4s
       [dx] Merged dex A (50 defs/79.9KiB) with dex B (210 defs/240.1KiB). Result is 260 defs/385.7KiB. Took 0.5s
       [dx] Merged dex A (260 defs/385.7KiB) with dex B (297 defs/326.8KiB). Result is 557 defs/881.0KiB. Took 0.5s

-crunch:
   [crunch] Crunching PNG Files in source dir: /vagrant/subjects/tool_subjects/dynodroid/aLogCat/res
   [crunch] To destination dir: /vagrant/subjects/tool_subjects/dynodroid/aLogCat/bin/res
   [crunch] Processing image to cache: /vagrant/subjects/tool_subjects/dynodroid/aLogCat/res/drawable/icon.png => /vagrant/subjects/tool_subjects/dynodroid/aLogCat/bin/res/drawable/icon.png
   [crunch]   (processed image to cache entry /vagrant/subjects/tool_subjects/dynodroid/aLogCat/bin/res/drawable/icon.png: 78% size of source)
   [crunch] Crunched 1 PNG files to update cache

-package-resources:
     [aapt] Creating full resource package...

-package:
[apkbuilder] Current build type is different than previous build: forced apkbuilder run.
[apkbuilder] Creating alogcat-debug-unaligned.apk and signing it with a debug key...

-post-package:

-do-debug:
 [zipalign] Running zip align on final apk...
     [echo] Debug Package: /vagrant/subjects/tool_subjects/dynodroid/aLogCat/bin/alogcat-debug.apk
[propertyfile] Creating new property file: /vagrant/subjects/tool_subjects/dynodroid/aLogCat/bin/build.prop
[propertyfile] Updating property file: /vagrant/subjects/tool_subjects/dynodroid/aLogCat/bin/build.prop
[propertyfile] Updating property file: /vagrant/subjects/tool_subjects/dynodroid/aLogCat/bin/build.prop
[propertyfile] Updating property file: /vagrant/subjects/tool_subjects/dynodroid/aLogCat/bin/build.prop

-post-build:

debug:

BUILD SUCCESSFUL
Total time: 41 seconds
