:Monkey: seed=0 count=10000
:AllowPackage: org.jtb.alogcat
:IncludeCategory: android.intent.category.LAUNCHER
:IncludeCategory: android.intent.category.MONKEY
// Event percentages:
//   0: 15.0%
//   1: 10.0%
//   2: 15.0%
//   3: 25.0%
//   4: 15.0%
//   5: 2.0%
//   6: 2.0%
//   7: 1.0%
//   8: 15.0%
:Switch: #Intent;action=android.intent.action.MAIN;category=android.intent.category.LAUNCHER;launchFlags=0x10000000;component=org.jtb.alogcat/.LogActivity;end
    // Allowing start of Intent { act=android.intent.action.MAIN cat=[android.intent.category.LAUNCHER] cmp=org.jtb.alogcat/.LogActivity } in package org.jtb.alogcat
:Sending Pointer ACTION_DOWN x=234.0 y=197.0
:Sending Pointer ACTION_UP x=238.0 y=190.0
    // Rejecting start of Intent { act=android.intent.action.CALL_BUTTON cmp=com.android.contacts/.DialtactsActivity } in package com.android.contacts
:Sending Pointer ACTION_DOWN x=56.0 y=280.0
:Sending Pointer ACTION_UP x=69.0 y=271.0
:Sending Pointer ACTION_MOVE x=-1.0 y=1.0
:Sending Pointer ACTION_DOWN x=28.0 y=490.0
:Sending Pointer ACTION_UP x=28.0 y=490.0
:Sending Pointer ACTION_DOWN x=403.0 y=645.0
:Sending Pointer ACTION_UP x=397.0 y=661.0
:Sending Pointer ACTION_MOVE x=-1.0 y=-1.0
:Sending Pointer ACTION_DOWN x=98.0 y=752.0
:Sending Pointer ACTION_UP x=98.0 y=752.0
:Sending Pointer ACTION_MOVE x=0.0 y=-5.0
:Sending Pointer ACTION_DOWN x=264.0 y=458.0
:Sending Pointer ACTION_UP x=264.0 y=458.0
:Sending Pointer ACTION_DOWN x=113.0 y=170.0
:Sending Pointer ACTION_UP x=98.0 y=156.0
    //[calendar_time:2014-08-25 07:41:28.572  system_uptime:85194]
    // Sending event #100
:Sending Pointer ACTION_MOVE x=2.0 y=0.0
:Sending Pointer ACTION_DOWN x=196.0 y=463.0
:Sending Pointer ACTION_UP x=236.0 y=454.0
:Sending Pointer ACTION_DOWN x=107.0 y=579.0
:Sending Pointer ACTION_UP x=107.0 y=579.0
:Sending Pointer ACTION_MOVE x=4.0 y=1.0
:Sending Pointer ACTION_MOVE x=3.0 y=-1.0
    // activityResuming(com.android.launcher)
    // Rejecting resume of package com.android.launcher
:Sending Pointer ACTION_DOWN x=304.0 y=685.0
:Sending Pointer ACTION_UP x=317.0 y=674.0
:Sending Pointer ACTION_MOVE x=-3.0 y=-1.0
:Sending Pointer ACTION_MOVE x=-4.0 y=1.0
:Sending Pointer ACTION_DOWN x=102.0 y=574.0
:Sending Pointer ACTION_UP x=102.0 y=574.0
:Sending Pointer ACTION_DOWN x=106.0 y=130.0
    //[calendar_time:2014-08-25 07:41:32.829  system_uptime:89448]
    // Sending event #200
:Sending Pointer ACTION_UP x=115.0 y=120.0
:Sending Pointer ACTION_MOVE x=2.0 y=2.0
    // Rejecting start of Intent { act=android.intent.action.MAIN cat=[android.intent.category.HOME] cmp=com.android.launcher/com.android.launcher2.Launcher } in package com.android.launcher
:Sending Pointer ACTION_DOWN x=339.0 y=689.0
:Sending Pointer ACTION_UP x=339.0 y=689.0
:Sending Pointer ACTION_DOWN x=311.0 y=44.0
:Sending Pointer ACTION_UP x=311.0 y=44.0
:Sending Pointer ACTION_DOWN x=337.0 y=221.0
:Sending Pointer ACTION_UP x=337.0 y=221.0
:Sending Pointer ACTION_MOVE x=-4.0 y=4.0
    // Rejecting start of Intent { act=android.intent.action.CALL_BUTTON cmp=com.android.contacts/.DialtactsActivity } in package com.android.contacts
:Sending Pointer ACTION_DOWN x=437.0 y=183.0
:Sending Pointer ACTION_UP x=450.0 y=158.0
:Sending Pointer ACTION_DOWN x=5.0 y=58.0
:Sending Pointer ACTION_UP x=-4.0 y=58.0
:Sending Pointer ACTION_MOVE x=2.0 y=-2.0
    // Rejecting start of Intent { act=android.intent.action.MAIN cat=[android.intent.category.HOME] cmp=com.android.launcher/com.android.launcher2.Launcher } in package com.android.launcher
:Switch: #Intent;action=android.intent.action.MAIN;category=android.intent.category.LAUNCHER;launchFlags=0x10000000;component=org.jtb.alogcat/.LogActivity;end
    // Allowing start of Intent { act=android.intent.action.MAIN cat=[android.intent.category.LAUNCHER] cmp=org.jtb.alogcat/.LogActivity } in package org.jtb.alogcat
:Sending Pointer ACTION_DOWN x=80.0 y=200.0
:Sending Pointer ACTION_UP x=80.0 y=200.0
    //[calendar_time:2014-08-25 07:41:37.649  system_uptime:94270]
    // Sending event #300
    //[calendar_time:2014-08-25 07:41:37.652  system_uptime:94276]
    // Sending event #300
:Sending Pointer ACTION_MOVE x=2.0 y=-4.0
:Sending Pointer ACTION_DOWN x=278.0 y=104.0
:Sending Pointer ACTION_UP x=278.0 y=104.0
:Sending Pointer ACTION_MOVE x=-3.0 y=4.0
:Sending Pointer ACTION_DOWN x=380.0 y=319.0
:Sending Pointer ACTION_UP x=380.0 y=319.0
:Sending Pointer ACTION_MOVE x=2.0 y=4.0
:Sending Pointer ACTION_MOVE x=4.0 y=-2.0
:Sending Pointer ACTION_DOWN x=318.0 y=142.0
:Sending Pointer ACTION_UP x=318.0 y=142.0
:Sending Pointer ACTION_MOVE x=-5.0 y=0.0
:Sending Pointer ACTION_DOWN x=417.0 y=796.0
:Sending Pointer ACTION_UP x=412.0 y=-14.0
:Sending Pointer ACTION_DOWN x=182.0 y=84.0
:Sending Pointer ACTION_UP x=182.0 y=84.0
:Sending Pointer ACTION_DOWN x=19.0 y=228.0
:Sending Pointer ACTION_UP x=23.0 y=237.0
    // Rejecting start of Intent { act=android.intent.action.CALL_BUTTON cmp=com.android.contacts/.DialtactsActivity } in package com.android.contacts
:Sending Pointer ACTION_DOWN x=11.0 y=702.0
    //[calendar_time:2014-08-25 07:41:43.748  system_uptime:100370]
    // Sending event #400
:Sending Pointer ACTION_UP x=11.0 y=702.0
:Sending Pointer ACTION_DOWN x=424.0 y=48.0
:Sending Pointer ACTION_UP x=415.0 y=28.0
:Sending Pointer ACTION_MOVE x=-1.0 y=0.0
:Sending Pointer ACTION_DOWN x=306.0 y=601.0
:Sending Pointer ACTION_UP x=306.0 y=601.0
:Sending Pointer ACTION_DOWN x=116.0 y=449.0
:Sending Pointer ACTION_UP x=126.0 y=434.0
:Sending Pointer ACTION_DOWN x=336.0 y=525.0
:Sending Pointer ACTION_UP x=336.0 y=525.0
:Sending Pointer ACTION_DOWN x=27.0 y=609.0
:Sending Pointer ACTION_UP x=27.0 y=609.0
:Sending Pointer ACTION_DOWN x=44.0 y=89.0
:Sending Pointer ACTION_UP x=53.0 y=99.0
:Sending Pointer ACTION_DOWN x=126.0 y=450.0
:Sending Pointer ACTION_UP x=126.0 y=450.0
:Switch: #Intent;action=android.intent.action.MAIN;category=android.intent.category.LAUNCHER;launchFlags=0x10000000;component=org.jtb.alogcat/.LogActivity;end
    // Allowing start of Intent { act=android.intent.action.MAIN cat=[android.intent.category.LAUNCHER] cmp=org.jtb.alogcat/.LogActivity } in package org.jtb.alogcat
:Sending Pointer ACTION_DOWN x=231.0 y=14.0
:Sending Pointer ACTION_UP x=231.0 y=14.0
:Sending Pointer ACTION_MOVE x=4.0 y=3.0
:Sending Pointer ACTION_DOWN x=278.0 y=582.0
:Sending Pointer ACTION_UP x=278.0 y=582.0
:Sending Pointer ACTION_DOWN x=451.0 y=437.0
:Sending Pointer ACTION_UP x=451.0 y=437.0
:Sending Pointer ACTION_DOWN x=98.0 y=44.0
:Sending Pointer ACTION_UP x=98.0 y=44.0
    //[calendar_time:2014-08-25 07:41:46.776  system_uptime:103398]
    // Sending event #500
    //[calendar_time:2014-08-25 07:41:46.781  system_uptime:103404]
    // Sending event #500
:Sending Pointer ACTION_DOWN x=472.0 y=768.0
:Sending Pointer ACTION_UP x=472.0 y=768.0
:Sending Pointer ACTION_DOWN x=103.0 y=92.0
:Sending Pointer ACTION_UP x=103.0 y=92.0
:Switch: #Intent;action=android.intent.action.MAIN;category=android.intent.category.LAUNCHER;launchFlags=0x10000000;component=org.jtb.alogcat/.LogActivity;end
    // Allowing start of Intent { act=android.intent.action.MAIN cat=[android.intent.category.LAUNCHER] cmp=org.jtb.alogcat/.LogActivity } in package org.jtb.alogcat
:Sending Pointer ACTION_DOWN x=216.0 y=252.0
:Sending Pointer ACTION_UP x=216.0 y=252.0
:Sending Pointer ACTION_MOVE x=4.0 y=-2.0
:Sending Pointer ACTION_DOWN x=428.0 y=212.0
:Sending Pointer ACTION_UP x=428.0 y=212.0
:Sending Pointer ACTION_DOWN x=164.0 y=545.0
:Sending Pointer ACTION_UP x=176.0 y=559.0
:Sending Pointer ACTION_DOWN x=367.0 y=799.0
:Sending Pointer ACTION_UP x=367.0 y=799.0
:Sending Pointer ACTION_DOWN x=57.0 y=269.0
:Sending Pointer ACTION_UP x=57.0 y=269.0
:Sending Pointer ACTION_DOWN x=128.0 y=32.0
:Sending Pointer ACTION_UP x=128.0 y=32.0
:Sending Pointer ACTION_MOVE x=-4.0 y=-4.0
:Sending Pointer ACTION_MOVE x=-2.0 y=-4.0
    // activityResuming(com.android.launcher)
    // Rejecting resume of package com.android.launcher
:Switch: #Intent;action=android.intent.action.MAIN;category=android.intent.category.LAUNCHER;launchFlags=0x10000000;component=org.jtb.alogcat/.LogActivity;end
    // Allowing start of Intent { act=android.intent.action.MAIN cat=[android.intent.category.LAUNCHER] cmp=org.jtb.alogcat/.LogActivity } in package org.jtb.alogcat
:Sending Pointer ACTION_DOWN x=429.0 y=152.0
:Sending Pointer ACTION_UP x=429.0 y=152.0
:Sending Pointer ACTION_DOWN x=326.0 y=249.0
:Sending Pointer ACTION_UP x=326.0 y=249.0
:Sending Pointer ACTION_MOVE x=-3.0 y=-3.0
    //[calendar_time:2014-08-25 07:41:52.586  system_uptime:109208]
    // Sending event #600
:Sending Pointer ACTION_DOWN x=67.0 y=402.0
:Sending Pointer ACTION_UP x=67.0 y=402.0
:Sending Pointer ACTION_MOVE x=-2.0 y=0.0
    // Rejecting start of Intent { act=android.intent.action.CALL_BUTTON cmp=com.android.contacts/.DialtactsActivity } in package com.android.contacts
:Sending Pointer ACTION_DOWN x=356.0 y=711.0
:Sending Pointer ACTION_UP x=367.0 y=717.0
:Sending Pointer ACTION_MOVE x=1.0 y=4.0
:Sending Pointer ACTION_DOWN x=54.0 y=198.0
:Sending Pointer ACTION_UP x=54.0 y=198.0
:Sending Pointer ACTION_DOWN x=208.0 y=541.0
:Sending Pointer ACTION_UP x=208.0 y=541.0
:Sending Pointer ACTION_MOVE x=2.0 y=-1.0
:Switch: #Intent;action=android.intent.action.MAIN;category=android.intent.category.LAUNCHER;launchFlags=0x10000000;component=org.jtb.alogcat/.LogActivity;end
    // Allowing start of Intent { act=android.intent.action.MAIN cat=[android.intent.category.LAUNCHER] cmp=org.jtb.alogcat/.LogActivity } in package org.jtb.alogcat
    // activityResuming(com.android.launcher)
    // Rejecting resume of package com.android.launcher
:Sending Pointer ACTION_DOWN x=241.0 y=520.0
:Sending Pointer ACTION_UP x=241.0 y=520.0
:Sending Pointer ACTION_DOWN x=430.0 y=83.0
:Sending Pointer ACTION_UP x=447.0 y=83.0
:Sending Pointer ACTION_DOWN x=265.0 y=613.0
:Sending Pointer ACTION_UP x=265.0 y=613.0
    //[calendar_time:2014-08-25 07:41:58.014  system_uptime:114635]
    // Sending event #700
:Switch: #Intent;action=android.intent.action.MAIN;category=android.intent.category.LAUNCHER;launchFlags=0x10000000;component=org.jtb.alogcat/.LogActivity;end
    // Allowing start of Intent { act=android.intent.action.MAIN cat=[android.intent.category.LAUNCHER] cmp=org.jtb.alogcat/.LogActivity } in package org.jtb.alogcat
:Switch: #Intent;action=android.intent.action.MAIN;category=android.intent.category.LAUNCHER;launchFlags=0x10000000;component=org.jtb.alogcat/.LogActivity;end
    // Allowing start of Intent { act=android.intent.action.MAIN cat=[android.intent.category.LAUNCHER] cmp=org.jtb.alogcat/.LogActivity } in package org.jtb.alogcat
:Sending Pointer ACTION_DOWN x=318.0 y=520.0
:Sending Pointer ACTION_UP x=318.0 y=520.0
:Sending Pointer ACTION_MOVE x=2.0 y=1.0
:Sending Pointer ACTION_DOWN x=388.0 y=614.0
:Sending Pointer ACTION_UP x=386.0 y=595.0
:Sending Pointer ACTION_DOWN x=305.0 y=352.0
:Sending Pointer ACTION_UP x=305.0 y=352.0
:Sending Pointer ACTION_DOWN x=295.0 y=797.0
:Sending Pointer ACTION_UP x=295.0 y=797.0
:Sending Pointer ACTION_DOWN x=447.0 y=8.0
:Sending Pointer ACTION_UP x=447.0 y=8.0
:Sending Pointer ACTION_DOWN x=326.0 y=623.0
:Sending Pointer ACTION_UP x=326.0 y=623.0
:Sending Pointer ACTION_DOWN x=14.0 y=548.0
:Sending Pointer ACTION_UP x=13.0 y=548.0
:Sending Pointer ACTION_DOWN x=168.0 y=506.0
:Sending Pointer ACTION_UP x=168.0 y=506.0
:Sending Pointer ACTION_DOWN x=359.0 y=662.0
:Sending Pointer ACTION_UP x=359.0 y=662.0
:Sending Pointer ACTION_DOWN x=479.0 y=758.0
:Sending Pointer ACTION_UP x=479.0 y=758.0
:Sending Pointer ACTION_MOVE x=-3.0 y=1.0
:Sending Pointer ACTION_MOVE x=4.0 y=1.0
    //[calendar_time:2014-08-25 07:42:05.998  system_uptime:122619]
    // Sending event #800
:Sending Pointer ACTION_DOWN x=18.0 y=246.0
:Sending Pointer ACTION_UP x=18.0 y=246.0
:Sending Pointer ACTION_DOWN x=262.0 y=708.0
:Sending Pointer ACTION_UP x=262.0 y=708.0
:Sending Pointer ACTION_DOWN x=459.0 y=394.0
:Sending Pointer ACTION_UP x=459.0 y=394.0
:Sending Pointer ACTION_MOVE x=0.0 y=3.0
:Sending Pointer ACTION_MOVE x=-2.0 y=-5.0
:Sending Pointer ACTION_MOVE x=-3.0 y=-3.0
:Sending Pointer ACTION_MOVE x=4.0 y=-3.0
:Sending Pointer ACTION_MOVE x=-4.0 y=-1.0
:Switch: #Intent;action=android.intent.action.MAIN;category=android.intent.category.LAUNCHER;launchFlags=0x10000000;component=org.jtb.alogcat/.LogActivity;end
    // Allowing start of Intent { act=android.intent.action.MAIN cat=[android.intent.category.LAUNCHER] cmp=org.jtb.alogcat/.LogActivity } in package org.jtb.alogcat
:Sending Pointer ACTION_DOWN x=37.0 y=393.0
:Sending Pointer ACTION_UP x=37.0 y=393.0
:Sending Pointer ACTION_MOVE x=-2.0 y=-1.0
:Sending Pointer ACTION_MOVE x=-5.0 y=-1.0
    //[calendar_time:2014-08-25 07:42:13.623  system_uptime:130243]
    // Sending event #900
:Sending Pointer ACTION_UP x=0.0 y=0.0
:Sending Pointer ACTION_DOWN x=83.0 y=482.0
:Sending Pointer ACTION_UP x=83.0 y=482.0
:Sending Pointer ACTION_DOWN x=429.0 y=577.0
:Sending Pointer ACTION_UP x=429.0 y=577.0
:Sending Pointer ACTION_DOWN x=345.0 y=399.0
    // Rejecting start of Intent { act=android.intent.action.CALL_BUTTON cmp=com.android.contacts/.DialtactsActivity } in package com.android.contacts
:Sending Pointer ACTION_UP x=349.0 y=400.0
:Sending Pointer ACTION_MOVE x=-3.0 y=4.0
:Sending Pointer ACTION_MOVE x=1.0 y=-5.0
:Sending Pointer ACTION_UP x=0.0 y=0.0
:Sending Pointer ACTION_MOVE x=-4.0 y=-5.0
:Sending Pointer ACTION_DOWN x=198.0 y=512.0
:Sending Pointer ACTION_UP x=181.0 y=494.0
:Sending Pointer ACTION_DOWN x=25.0 y=239.0
    //[calendar_time:2014-08-25 07:42:20.354  system_uptime:136976]
    // Sending event #1000
:Sending Pointer ACTION_UP x=5.0 y=245.0
:Sending Pointer ACTION_MOVE x=-1.0 y=2.0
:Sending Pointer ACTION_DOWN x=239.0 y=152.0
:Sending Pointer ACTION_UP x=239.0 y=152.0
:Sending Pointer ACTION_MOVE x=-3.0 y=-4.0
:Sending Pointer ACTION_DOWN x=187.0 y=222.0
:Sending Pointer ACTION_UP x=187.0 y=222.0
:Sending Pointer ACTION_MOVE x=1.0 y=-4.0
:Sending Pointer ACTION_MOVE x=3.0 y=-3.0
:Switch: #Intent;action=android.intent.action.MAIN;category=android.intent.category.LAUNCHER;launchFlags=0x10000000;component=org.jtb.alogcat/.LogActivity;end
    // Allowing start of Intent { act=android.intent.action.MAIN cat=[android.intent.category.LAUNCHER] cmp=org.jtb.alogcat/.LogActivity } in package org.jtb.alogcat
:Sending Pointer ACTION_MOVE x=-4.0 y=-5.0
:Sending Pointer ACTION_MOVE x=-2.0 y=4.0
:Sending Pointer ACTION_DOWN x=134.0 y=582.0
:Sending Pointer ACTION_UP x=134.0 y=582.0
    // activityResuming(com.android.launcher)
    // Rejecting resume of package com.android.launcher
:Sending Pointer ACTION_MOVE x=3.0 y=2.0
    //[calendar_time:2014-08-25 07:42:27.649  system_uptime:144271]
    // Sending event #1100
:Sending Pointer ACTION_DOWN x=45.0 y=556.0
:Sending Pointer ACTION_UP x=45.0 y=556.0
:Sending Pointer ACTION_DOWN x=156.0 y=788.0
:Sending Pointer ACTION_UP x=156.0 y=788.0
:Sending Pointer ACTION_DOWN x=468.0 y=4.0
:Sending Pointer ACTION_UP x=465.0 y=7.0
:Sending Pointer ACTION_DOWN x=310.0 y=761.0
:Sending Pointer ACTION_UP x=310.0 y=761.0
:Sending Pointer ACTION_MOVE x=-3.0 y=-1.0
:Sending Pointer ACTION_DOWN x=426.0 y=203.0
:Sending Pointer ACTION_UP x=426.0 y=203.0
:Sending Pointer ACTION_DOWN x=264.0 y=42.0
:Sending Pointer ACTION_UP x=264.0 y=42.0
:Sending Pointer ACTION_DOWN x=448.0 y=691.0
:Sending Pointer ACTION_UP x=434.0 y=688.0
:Sending Pointer ACTION_MOVE x=2.0 y=-4.0
:Sending Pointer ACTION_UP x=0.0 y=0.0
:Sending Pointer ACTION_MOVE x=-2.0 y=0.0
:Sending Pointer ACTION_DOWN x=255.0 y=359.0
:Sending Pointer ACTION_UP x=255.0 y=359.0
:Sending Pointer ACTION_DOWN x=147.0 y=149.0
:Sending Pointer ACTION_UP x=192.0 y=158.0
:Sending Pointer ACTION_DOWN x=257.0 y=636.0
:Sending Pointer ACTION_UP x=257.0 y=636.0
:Sending Pointer ACTION_DOWN x=125.0 y=106.0
    //[calendar_time:2014-08-25 07:42:34.881  system_uptime:151500]
    // Sending event #1200
:Sending Pointer ACTION_UP x=125.0 y=106.0
:Sending Pointer ACTION_MOVE x=-1.0 y=-3.0
:Sending Pointer ACTION_MOVE x=0.0 y=4.0
:Sending Pointer ACTION_DOWN x=371.0 y=237.0
:Sending Pointer ACTION_UP x=371.0 y=237.0
:Sending Pointer ACTION_DOWN x=50.0 y=10.0
:Sending Pointer ACTION_UP x=50.0 y=10.0
:Sending Pointer ACTION_DOWN x=344.0 y=161.0
:Sending Pointer ACTION_UP x=344.0 y=161.0
:Sending Pointer ACTION_DOWN x=203.0 y=119.0
:Sending Pointer ACTION_UP x=203.0 y=119.0
    // activityResuming(com.android.launcher)
    // Rejecting resume of package com.android.launcher
:Sending Pointer ACTION_DOWN x=316.0 y=187.0
:Sending Pointer ACTION_UP x=316.0 y=187.0
:Sending Pointer ACTION_MOVE x=-4.0 y=-3.0
:Sending Pointer ACTION_UP x=0.0 y=0.0
:Sending Pointer ACTION_MOVE x=-2.0 y=3.0
:Sending Pointer ACTION_DOWN x=226.0 y=45.0
:Sending Pointer ACTION_UP x=236.0 y=60.0
:Sending Pointer ACTION_DOWN x=340.0 y=473.0
:Sending Pointer ACTION_UP x=340.0 y=473.0
:Sending Pointer ACTION_DOWN x=433.0 y=337.0
:Sending Pointer ACTION_UP x=433.0 y=337.0
:Sending Pointer ACTION_DOWN x=207.0 y=718.0
:Sending Pointer ACTION_UP x=207.0 y=718.0
:Sending Pointer ACTION_DOWN x=207.0 y=82.0
    //[calendar_time:2014-08-25 07:42:42.042  system_uptime:158664]
    // Sending event #1300
:Sending Pointer ACTION_UP x=234.0 y=77.0
    // activityResuming(com.android.launcher)
    // Rejecting resume of package com.android.launcher
:Sending Pointer ACTION_DOWN x=408.0 y=569.0
:Sending Pointer ACTION_UP x=404.0 y=550.0
:Sending Pointer ACTION_DOWN x=367.0 y=157.0
:Sending Pointer ACTION_UP x=369.0 y=165.0
:Sending Pointer ACTION_DOWN x=354.0 y=571.0
:Sending Pointer ACTION_UP x=354.0 y=571.0
:Sending Pointer ACTION_DOWN x=51.0 y=783.0
:Sending Pointer ACTION_UP x=51.0 y=783.0
:Sending Pointer ACTION_DOWN x=118.0 y=258.0
:Sending Pointer ACTION_UP x=118.0 y=260.0
:Sending Pointer ACTION_DOWN x=409.0 y=282.0
:Sending Pointer ACTION_UP x=409.0 y=282.0
:Sending Pointer ACTION_MOVE x=2.0 y=1.0
:Sending Pointer ACTION_MOVE x=-3.0 y=3.0
:Sending Pointer ACTION_DOWN x=431.0 y=536.0
:Sending Pointer ACTION_UP x=447.0 y=515.0
:Sending Pointer ACTION_MOVE x=-4.0 y=1.0
    //[calendar_time:2014-08-25 07:42:47.811  system_uptime:164433]
    // Sending event #1400
:Sending Pointer ACTION_DOWN x=330.0 y=573.0
:Sending Pointer ACTION_UP x=330.0 y=573.0
:Sending Pointer ACTION_MOVE x=-1.0 y=0.0
:Sending Pointer ACTION_DOWN x=108.0 y=127.0
:Sending Pointer ACTION_UP x=102.0 y=126.0
:Sending Pointer ACTION_MOVE x=3.0 y=-3.0
:Sending Pointer ACTION_DOWN x=232.0 y=304.0
:Sending Pointer ACTION_UP x=232.0 y=304.0
:Sending Pointer ACTION_MOVE x=-1.0 y=1.0
:Sending Pointer ACTION_DOWN x=249.0 y=795.0
:Sending Pointer ACTION_UP x=252.0 y=794.0
    // Rejecting start of Intent { act=android.intent.action.MAIN cat=[android.intent.category.HOME] cmp=com.android.launcher/com.android.launcher2.Launcher } in package com.android.launcher
:Sending Pointer ACTION_MOVE x=-1.0 y=0.0
:Sending Pointer ACTION_MOVE x=-1.0 y=-4.0
:Sending Pointer ACTION_MOVE x=-5.0 y=-2.0
    //[calendar_time:2014-08-25 07:42:56.982  system_uptime:173603]
    // Sending event #1500
:Sending Pointer ACTION_DOWN x=293.0 y=71.0
:Sending Pointer ACTION_UP x=293.0 y=71.0
:Sending Pointer ACTION_MOVE x=-5.0 y=-1.0
:Sending Pointer ACTION_MOVE x=-3.0 y=1.0
:Sending Pointer ACTION_DOWN x=387.0 y=436.0
:Sending Pointer ACTION_UP x=387.0 y=436.0
:Sending Pointer ACTION_DOWN x=126.0 y=474.0
:Sending Pointer ACTION_UP x=126.0 y=474.0
:Sending Pointer ACTION_MOVE x=-1.0 y=3.0
:Sending Pointer ACTION_DOWN x=53.0 y=455.0
:Sending Pointer ACTION_UP x=53.0 y=455.0
:Sending Pointer ACTION_DOWN x=241.0 y=365.0
:Sending Pointer ACTION_UP x=241.0 y=365.0
:Sending Pointer ACTION_DOWN x=431.0 y=417.0
:Sending Pointer ACTION_UP x=431.0 y=417.0
:Sending Pointer ACTION_MOVE x=2.0 y=-3.0
:Sending Pointer ACTION_DOWN x=172.0 y=26.0
:Sending Pointer ACTION_UP x=174.0 y=24.0
:Sending Pointer ACTION_DOWN x=63.0 y=298.0
    //[calendar_time:2014-08-25 07:43:03.440  system_uptime:180061]
    // Sending event #1600
:Sending Pointer ACTION_UP x=63.0 y=298.0
:Sending Pointer ACTION_DOWN x=182.0 y=144.0
:Sending Pointer ACTION_UP x=182.0 y=144.0
:Sending Pointer ACTION_MOVE x=-2.0 y=-3.0
:Sending Pointer ACTION_UP x=0.0 y=0.0
:Sending Pointer ACTION_MOVE x=2.0 y=4.0
:Sending Pointer ACTION_DOWN x=261.0 y=640.0
:Sending Pointer ACTION_UP x=261.0 y=640.0
:Sending Pointer ACTION_MOVE x=3.0 y=0.0
:Sending Pointer ACTION_UP x=0.0 y=0.0
    // Rejecting start of Intent { act=android.intent.action.CHOOSER cmp=android/com.android.internal.app.ChooserActivity } in package android
:Sending Pointer ACTION_DOWN x=178.0 y=730.0
:Sending Pointer ACTION_UP x=179.0 y=735.0
:Sending Pointer ACTION_MOVE x=3.0 y=0.0
:Sending Pointer ACTION_DOWN x=187.0 y=134.0
:Sending Pointer ACTION_UP x=180.0 y=131.0
    //[calendar_time:2014-08-25 07:43:09.964  system_uptime:186585]
    // Sending event #1700
    //[calendar_time:2014-08-25 07:43:09.974  system_uptime:186598]
    // Sending event #1700
:Sending Pointer ACTION_DOWN x=378.0 y=152.0
:Sending Pointer ACTION_UP x=371.0 y=157.0
:Sending Pointer ACTION_DOWN x=165.0 y=461.0
:Sending Pointer ACTION_UP x=165.0 y=461.0
:Sending Pointer ACTION_DOWN x=124.0 y=32.0
:Sending Pointer ACTION_UP x=134.0 y=26.0
:Sending Pointer ACTION_DOWN x=156.0 y=189.0
:Sending Pointer ACTION_UP x=156.0 y=189.0
:Sending Pointer ACTION_DOWN x=343.0 y=559.0
:Sending Pointer ACTION_UP x=343.0 y=559.0
:Sending Pointer ACTION_DOWN x=264.0 y=753.0
:Sending Pointer ACTION_UP x=255.0 y=753.0
:Sending Pointer ACTION_DOWN x=3.0 y=234.0
:Sending Pointer ACTION_UP x=3.0 y=234.0
:Sending Pointer ACTION_DOWN x=437.0 y=424.0
:Sending Pointer ACTION_UP x=437.0 y=424.0
:Sending Pointer ACTION_DOWN x=38.0 y=374.0
:Sending Pointer ACTION_UP x=38.0 y=374.0
    // Rejecting start of Intent { act=android.intent.action.MAIN cat=[android.intent.category.HOME] cmp=com.android.launcher/com.android.launcher2.Launcher } in package com.android.launcher
:Sending Pointer ACTION_MOVE x=1.0 y=0.0
:Sending Pointer ACTION_DOWN x=235.0 y=777.0
:Sending Pointer ACTION_UP x=235.0 y=777.0
:Sending Pointer ACTION_MOVE x=2.0 y=2.0
    //[calendar_time:2014-08-25 07:43:14.919  system_uptime:191540]
    // Sending event #1800
:Sending Pointer ACTION_DOWN x=126.0 y=438.0
:Sending Pointer ACTION_UP x=117.0 y=446.0
:Switch: #Intent;action=android.intent.action.MAIN;category=android.intent.category.LAUNCHER;launchFlags=0x10000000;component=org.jtb.alogcat/.LogActivity;end
    // Allowing start of Intent { act=android.intent.action.MAIN cat=[android.intent.category.LAUNCHER] cmp=org.jtb.alogcat/.LogActivity } in package org.jtb.alogcat
:Sending Pointer ACTION_MOVE x=0.0 y=3.0
:Sending Pointer ACTION_DOWN x=68.0 y=262.0
:Sending Pointer ACTION_UP x=83.0 y=254.0
:Sending Flip keyboardOpen=false
:Sending Pointer ACTION_DOWN x=349.0 y=16.0
:Sending Pointer ACTION_UP x=349.0 y=16.0
:Sending Pointer ACTION_DOWN x=200.0 y=785.0
:Sending Pointer ACTION_UP x=178.0 y=780.0
:Sending Pointer ACTION_MOVE x=-2.0 y=0.0
:Sending Pointer ACTION_DOWN x=361.0 y=618.0
:Sending Pointer ACTION_UP x=361.0 y=618.0
:Sending Pointer ACTION_MOVE x=4.0 y=-5.0
:Switch: #Intent;action=android.intent.action.MAIN;category=android.intent.category.LAUNCHER;launchFlags=0x10000000;component=org.jtb.alogcat/.LogActivity;end
    // Allowing start of Intent { act=android.intent.action.MAIN cat=[android.intent.category.LAUNCHER] cmp=org.jtb.alogcat/.LogActivity } in package org.jtb.alogcat
:Sending Pointer ACTION_MOVE x=-5.0 y=1.0
    //[calendar_time:2014-08-25 07:43:21.835  system_uptime:198456]
    // Sending event #1900
:Switch: #Intent;action=android.intent.action.MAIN;category=android.intent.category.LAUNCHER;launchFlags=0x10000000;component=org.jtb.alogcat/.LogActivity;end
    // Allowing start of Intent { act=android.intent.action.MAIN cat=[android.intent.category.LAUNCHER] cmp=org.jtb.alogcat/.LogActivity } in package org.jtb.alogcat
:Sending Pointer ACTION_MOVE x=0.0 y=1.0
:Sending Pointer ACTION_MOVE x=-3.0 y=2.0
:Sending Pointer ACTION_DOWN x=18.0 y=289.0
:Sending Pointer ACTION_UP x=18.0 y=289.0
:Sending Pointer ACTION_DOWN x=66.0 y=167.0
:Sending Pointer ACTION_UP x=56.0 y=191.0
:Sending Pointer ACTION_MOVE x=3.0 y=4.0
:Sending Pointer ACTION_DOWN x=398.0 y=437.0
:Sending Pointer ACTION_UP x=393.0 y=454.0
:Sending Pointer ACTION_MOVE x=-3.0 y=-1.0
    // Rejecting start of Intent { act=android.intent.action.MAIN cat=[android.intent.category.HOME] cmp=com.android.launcher/com.android.launcher2.Launcher } in package com.android.launcher
:Sending Pointer ACTION_MOVE x=-1.0 y=-4.0
    //[calendar_time:2014-08-25 07:43:27.611  system_uptime:204231]
    // Sending event #2000
:Sending Pointer ACTION_DOWN x=27.0 y=4.0
:Sending Pointer ACTION_UP x=27.0 y=4.0
:Sending Pointer ACTION_DOWN x=469.0 y=449.0
:Sending Pointer ACTION_UP x=469.0 y=449.0
:Sending Flip keyboardOpen=true
:Sending Pointer ACTION_DOWN x=182.0 y=94.0
:Sending Pointer ACTION_UP x=186.0 y=83.0
:Sending Pointer ACTION_DOWN x=348.0 y=603.0
:Sending Pointer ACTION_UP x=348.0 y=603.0
:Sending Pointer ACTION_DOWN x=149.0 y=88.0
:Sending Pointer ACTION_UP x=149.0 y=88.0
:Sending Pointer ACTION_DOWN x=214.0 y=554.0
:Sending Pointer ACTION_UP x=223.0 y=557.0
    // Rejecting start of Intent { act=android.intent.action.MAIN cat=[android.intent.category.HOME] cmp=com.android.launcher/com.android.launcher2.Launcher } in package com.android.launcher
:Sending Pointer ACTION_DOWN x=146.0 y=122.0
:Sending Pointer ACTION_UP x=151.0 y=125.0
:Sending Pointer ACTION_MOVE x=-1.0 y=-1.0
:Sending Pointer ACTION_DOWN x=353.0 y=597.0
:Sending Pointer ACTION_UP x=353.0 y=597.0
:Sending Pointer ACTION_DOWN x=155.0 y=475.0
:Sending Pointer ACTION_UP x=155.0 y=475.0
:Sending Pointer ACTION_DOWN x=212.0 y=332.0
:Sending Pointer ACTION_UP x=224.0 y=341.0
:Sending Pointer ACTION_DOWN x=478.0 y=376.0
:Sending Pointer ACTION_UP x=-1.0 y=343.0
:Sending Pointer ACTION_MOVE x=4.0 y=-4.0
:Sending Pointer ACTION_DOWN x=233.0 y=417.0
    //[calendar_time:2014-08-25 07:43:32.737  system_uptime:209358]
    // Sending event #2100
:Sending Pointer ACTION_UP x=233.0 y=417.0
:Sending Pointer ACTION_MOVE x=-3.0 y=1.0
:Sending Pointer ACTION_DOWN x=443.0 y=105.0
:Sending Pointer ACTION_UP x=443.0 y=105.0
:Sending Pointer ACTION_MOVE x=1.0 y=2.0
:Sending Pointer ACTION_DOWN x=160.0 y=409.0
:Sending Pointer ACTION_UP x=160.0 y=409.0
:Sending Pointer ACTION_DOWN x=67.0 y=114.0
:Sending Pointer ACTION_UP x=67.0 y=114.0
:Sending Pointer ACTION_DOWN x=227.0 y=409.0
:Sending Pointer ACTION_UP x=216.0 y=400.0
:Sending Pointer ACTION_DOWN x=168.0 y=770.0
:Sending Pointer ACTION_UP x=168.0 y=770.0
:Switch: #Intent;action=android.intent.action.MAIN;category=android.intent.category.LAUNCHER;launchFlags=0x10000000;component=org.jtb.alogcat/.LogActivity;end
    // Allowing start of Intent { act=android.intent.action.MAIN cat=[android.intent.category.LAUNCHER] cmp=org.jtb.alogcat/.LogActivity } in package org.jtb.alogcat
:Sending Pointer ACTION_DOWN x=323.0 y=712.0
:Sending Pointer ACTION_UP x=323.0 y=712.0
:Sending Pointer ACTION_MOVE x=-3.0 y=3.0
:Sending Pointer ACTION_MOVE x=3.0 y=-3.0
    //[calendar_time:2014-08-25 07:43:39.256  system_uptime:215877]
    // Sending event #2200
:Sending Pointer ACTION_DOWN x=398.0 y=692.0
:Sending Pointer ACTION_UP x=389.0 y=682.0
:Sending Pointer ACTION_DOWN x=28.0 y=781.0
    // Rejecting start of Intent { act=android.intent.action.CHOOSER cmp=android/com.android.internal.app.ChooserActivity } in package android
:Sending Pointer ACTION_UP x=26.0 y=773.0
:Sending Pointer ACTION_MOVE x=0.0 y=4.0
:Sending Pointer ACTION_DOWN x=338.0 y=614.0
:Sending Pointer ACTION_UP x=343.0 y=593.0
:Sending Pointer ACTION_DOWN x=331.0 y=521.0
:Sending Pointer ACTION_UP x=340.0 y=527.0
:Sending Pointer ACTION_DOWN x=191.0 y=318.0
:Sending Pointer ACTION_UP x=191.0 y=318.0
:Sending Pointer ACTION_DOWN x=315.0 y=292.0
:Sending Pointer ACTION_UP x=307.0 y=280.0
:Sending Pointer ACTION_DOWN x=161.0 y=500.0
:Sending Pointer ACTION_UP x=160.0 y=508.0
    // Rejecting start of Intent { act=android.intent.action.CALL_BUTTON cmp=com.android.contacts/.DialtactsActivity } in package com.android.contacts
:Sending Pointer ACTION_MOVE x=1.0 y=-2.0
:Sending Pointer ACTION_DOWN x=317.0 y=412.0
:Sending Pointer ACTION_UP x=289.0 y=439.0
:Sending Pointer ACTION_DOWN x=73.0 y=107.0
:Sending Pointer ACTION_UP x=73.0 y=107.0
:Sending Pointer ACTION_DOWN x=197.0 y=373.0
:Sending Pointer ACTION_UP x=197.0 y=373.0
:Sending Pointer ACTION_MOVE x=-2.0 y=3.0
    //[calendar_time:2014-08-25 07:43:44.131  system_uptime:220752]
    // Sending event #2300
:Sending Pointer ACTION_DOWN x=289.0 y=401.0
:Sending Pointer ACTION_UP x=284.0 y=405.0
:Sending Pointer ACTION_MOVE x=-1.0 y=-5.0
:Sending Pointer ACTION_DOWN x=269.0 y=248.0
:Sending Pointer ACTION_UP x=269.0 y=248.0
:Sending Pointer ACTION_DOWN x=308.0 y=128.0
:Sending Pointer ACTION_UP x=308.0 y=128.0
:Sending Pointer ACTION_DOWN x=333.0 y=105.0
:Sending Pointer ACTION_UP x=330.0 y=110.0
:Sending Pointer ACTION_DOWN x=209.0 y=777.0
:Sending Pointer ACTION_UP x=209.0 y=778.0
:Sending Pointer ACTION_DOWN x=328.0 y=124.0
:Sending Pointer ACTION_UP x=328.0 y=124.0
:Sending Pointer ACTION_DOWN x=209.0 y=778.0
:Sending Pointer ACTION_UP x=209.0 y=778.0
:Sending Pointer ACTION_DOWN x=381.0 y=716.0
:Sending Pointer ACTION_UP x=375.0 y=725.0
:Sending Pointer ACTION_DOWN x=101.0 y=526.0
:Sending Pointer ACTION_UP x=118.0 y=533.0
:Sending Pointer ACTION_MOVE x=4.0 y=0.0
:Switch: #Intent;action=android.intent.action.MAIN;category=android.intent.category.LAUNCHER;launchFlags=0x10000000;component=org.jtb.alogcat/.LogActivity;end
    // Allowing start of Intent { act=android.intent.action.MAIN cat=[android.intent.category.LAUNCHER] cmp=org.jtb.alogcat/.LogActivity } in package org.jtb.alogcat
:Sending Pointer ACTION_MOVE x=4.0 y=3.0
:Sending Pointer ACTION_DOWN x=138.0 y=630.0
    //[calendar_time:2014-08-25 07:43:49.975  system_uptime:226596]
    // Sending event #2400
:Sending Pointer ACTION_UP x=148.0 y=659.0
:Sending Pointer ACTION_DOWN x=476.0 y=769.0
:Sending Pointer ACTION_UP x=476.0 y=769.0
:Sending Pointer ACTION_DOWN x=19.0 y=671.0
:Sending Pointer ACTION_UP x=31.0 y=689.0
:Sending Pointer ACTION_DOWN x=151.0 y=464.0
:Sending Pointer ACTION_UP x=158.0 y=456.0
:Sending Flip keyboardOpen=false
:Sending Pointer ACTION_DOWN x=159.0 y=733.0
:Sending Pointer ACTION_UP x=159.0 y=733.0
:Sending Pointer ACTION_DOWN x=411.0 y=83.0
:Sending Pointer ACTION_UP x=422.0 y=83.0
:Sending Pointer ACTION_DOWN x=225.0 y=749.0
    // Rejecting start of Intent { act=android.intent.action.CALL_BUTTON cmp=com.android.contacts/.DialtactsActivity } in package com.android.contacts
:Sending Pointer ACTION_UP x=226.0 y=743.0
:Sending Pointer ACTION_MOVE x=0.0 y=0.0
:Sending Pointer ACTION_UP x=0.0 y=0.0
:Sending Pointer ACTION_MOVE x=-3.0 y=0.0
:Sending Pointer ACTION_DOWN x=114.0 y=380.0
:Sending Pointer ACTION_UP x=114.0 y=380.0
:Sending Pointer ACTION_DOWN x=363.0 y=59.0
:Sending Pointer ACTION_UP x=356.0 y=81.0
:Sending Pointer ACTION_DOWN x=343.0 y=34.0
    //[calendar_time:2014-08-25 07:43:55.729  system_uptime:232350]
    // Sending event #2500
:Sending Pointer ACTION_UP x=352.0 y=26.0
:Sending Pointer ACTION_DOWN x=246.0 y=546.0
:Sending Pointer ACTION_UP x=246.0 y=546.0
:Sending Pointer ACTION_DOWN x=365.0 y=199.0
:Sending Pointer ACTION_UP x=365.0 y=199.0
:Sending Pointer ACTION_DOWN x=143.0 y=490.0
:Sending Pointer ACTION_UP x=143.0 y=490.0
:Sending Pointer ACTION_DOWN x=39.0 y=413.0
:Sending Pointer ACTION_UP x=59.0 y=420.0
:Sending Pointer ACTION_MOVE x=4.0 y=-2.0
:Sending Pointer ACTION_DOWN x=250.0 y=303.0
:Sending Pointer ACTION_UP x=250.0 y=303.0
:Sending Pointer ACTION_DOWN x=143.0 y=484.0
:Sending Pointer ACTION_UP x=147.0 y=493.0
:Sending Pointer ACTION_MOVE x=1.0 y=3.0
:Switch: #Intent;action=android.intent.action.MAIN;category=android.intent.category.LAUNCHER;launchFlags=0x10000000;component=org.jtb.alogcat/.LogActivity;end
    // Allowing start of Intent { act=android.intent.action.MAIN cat=[android.intent.category.LAUNCHER] cmp=org.jtb.alogcat/.LogActivity } in package org.jtb.alogcat
:Switch: #Intent;action=android.intent.action.MAIN;category=android.intent.category.LAUNCHER;launchFlags=0x10000000;component=org.jtb.alogcat/.LogActivity;end
    // Allowing start of Intent { act=android.intent.action.MAIN cat=[android.intent.category.LAUNCHER] cmp=org.jtb.alogcat/.LogActivity } in package org.jtb.alogcat
:Sending Pointer ACTION_MOVE x=4.0 y=-1.0
:Sending Pointer ACTION_DOWN x=39.0 y=678.0
:Sending Pointer ACTION_UP x=39.0 y=678.0
:Sending Pointer ACTION_MOVE x=3.0 y=-4.0
:Sending Pointer ACTION_MOVE x=-3.0 y=1.0
    //[calendar_time:2014-08-25 07:44:01.387  system_uptime:238014]
    // Sending event #2600
    // Rejecting start of Intent { act=android.intent.action.MAIN cat=[android.intent.category.HOME] cmp=com.android.launcher/com.android.launcher2.Launcher } in package com.android.launcher
:Sending Pointer ACTION_DOWN x=415.0 y=448.0
:Sending Pointer ACTION_UP x=415.0 y=448.0
:Sending Pointer ACTION_DOWN x=141.0 y=234.0
:Sending Pointer ACTION_UP x=141.0 y=234.0
:Sending Pointer ACTION_DOWN x=11.0 y=689.0
:Sending Pointer ACTION_UP x=11.0 y=689.0
:Sending Pointer ACTION_DOWN x=188.0 y=77.0
:Sending Pointer ACTION_UP x=182.0 y=90.0
:Sending Pointer ACTION_DOWN x=357.0 y=42.0
:Sending Pointer ACTION_UP x=351.0 y=52.0
:Sending Pointer ACTION_MOVE x=3.0 y=0.0
:Sending Pointer ACTION_MOVE x=1.0 y=-4.0
:Sending Pointer ACTION_DOWN x=327.0 y=792.0
:Sending Pointer ACTION_UP x=327.0 y=792.0
:Sending Pointer ACTION_DOWN x=82.0 y=306.0
:Sending Pointer ACTION_UP x=92.0 y=301.0
:Sending Pointer ACTION_DOWN x=295.0 y=112.0
    //[calendar_time:2014-08-25 07:44:06.717  system_uptime:243338]
    // Sending event #2700
:Sending Pointer ACTION_UP x=266.0 y=113.0
:Sending Pointer ACTION_DOWN x=155.0 y=493.0
:Sending Pointer ACTION_UP x=155.0 y=493.0
:Switch: #Intent;action=android.intent.action.MAIN;category=android.intent.category.LAUNCHER;launchFlags=0x10000000;component=org.jtb.alogcat/.LogActivity;end
    // Allowing start of Intent { act=android.intent.action.MAIN cat=[android.intent.category.LAUNCHER] cmp=org.jtb.alogcat/.LogActivity } in package org.jtb.alogcat
:Sending Pointer ACTION_MOVE x=1.0 y=3.0
:Sending Pointer ACTION_MOVE x=-4.0 y=-2.0
:Sending Pointer ACTION_MOVE x=-5.0 y=-1.0
:Sending Pointer ACTION_DOWN x=189.0 y=226.0
:Sending Pointer ACTION_UP x=189.0 y=226.0
:Sending Pointer ACTION_DOWN x=224.0 y=277.0
:Sending Pointer ACTION_UP x=224.0 y=277.0
:Sending Pointer ACTION_MOVE x=-4.0 y=-4.0
:Sending Pointer ACTION_DOWN x=166.0 y=475.0
:Sending Pointer ACTION_UP x=166.0 y=475.0
:Sending Pointer ACTION_DOWN x=53.0 y=253.0
:Sending Pointer ACTION_UP x=53.0 y=253.0
:Sending Pointer ACTION_DOWN x=465.0 y=530.0
    // activityResuming(com.android.launcher)
    // Rejecting resume of package com.android.launcher
:Sending Pointer ACTION_UP x=465.0 y=530.0
    // Rejecting start of Intent { act=android.intent.action.CALL_BUTTON cmp=com.android.contacts/.DialtactsActivity } in package com.android.contacts
:Sending Pointer ACTION_MOVE x=1.0 y=-2.0
    //[calendar_time:2014-08-25 07:44:11.786  system_uptime:248408]
    // Sending event #2800
:Sending Pointer ACTION_DOWN x=372.0 y=497.0
:Sending Pointer ACTION_UP x=372.0 y=497.0
    // Rejecting start of Intent { act=android.intent.action.MAIN cat=[android.intent.category.HOME] cmp=com.android.launcher/com.android.launcher2.Launcher } in package com.android.launcher
:Sending Pointer ACTION_DOWN x=389.0 y=699.0
:Sending Pointer ACTION_UP x=389.0 y=699.0
:Sending Pointer ACTION_DOWN x=466.0 y=504.0
:Sending Pointer ACTION_UP x=466.0 y=504.0
:Sending Pointer ACTION_DOWN x=1.0 y=457.0
:Sending Pointer ACTION_UP x=1.0 y=457.0
:Sending Pointer ACTION_MOVE x=2.0 y=-5.0
:Sending Pointer ACTION_DOWN x=288.0 y=165.0
:Sending Pointer ACTION_UP x=311.0 y=160.0
:Sending Pointer ACTION_DOWN x=28.0 y=190.0
:Sending Pointer ACTION_UP x=28.0 y=190.0
:Sending Pointer ACTION_DOWN x=376.0 y=625.0
:Sending Pointer ACTION_UP x=368.0 y=624.0
:Sending Pointer ACTION_DOWN x=71.0 y=114.0
:Sending Pointer ACTION_UP x=71.0 y=114.0
// CRASH: org.jtb.alogcat (pid 1294)
// Short Msg: java.lang.IllegalMonitorStateException
// Long Msg: java.lang.IllegalMonitorStateException: unlock of unowned monitor
// Build Label: Android/full_x86/generic_x86:2.3.7/GINGERBREAD/eng.juntian.20111231.141301:eng/test-keys
// Build Changelist: eng.juntian.20111231.141301
// Build Time: 1325312041000
// java.lang.IllegalMonitorStateException: unlock of unowned monitor
// 	at java.lang.ProcessManager.exec(ProcessManager.java:243)
// 	at java.lang.Runtime.exec(Runtime.java:189)
// 	at java.lang.Runtime.exec(Runtime.java:136)
// 	at org.jtb.alogcat.Logcat.start(Logcat.java:94)
// 	at org.jtb.alogcat.LogActivity$5.run(LogActivity.java:256)
// 	at java.util.concurrent.ThreadPoolExecutor.runWorker(ThreadPoolExecutor.java:1088)
// 	at java.util.concurrent.ThreadPoolExecutor$Worker.run(ThreadPoolExecutor.java:581)
// 	at java.lang.Thread.run(Thread.java:1019)
// 
** Monkey aborted due to error.
Events injected: 2864
:Dropped: keys=15 pointers=89 trackballs=0 flips=0
## Network stats: elapsed time=171390ms (171390ms mobile, 0ms wifi, 0ms not connected)
** System appears to have crashed at event 2864 of 10000 using seed 0
