Buildfile: /vagrant/subjects/tool_subjects/dynodroid/Photostream/build.xml

emma:

-set-mode-check:

-set-debug-files:

-check-env:
 [checkenv] Android SDK Tools Revision 23.0.2
 [checkenv] Installed at /home/vagrant/android-sdk-linux

-setup:
     [echo] Project Name: Photostream
  [gettype] Project Type: Self-Tested Application

-set-debug-mode:

-debug-obfuscation-check:

-pre-build:

-build-setup:
[getbuildtools] Using latest Build Tools: 20.0.0
     [echo] Resolving Build Target for Photostream...
[gettarget] Project Target:   Android 2.3.3
[gettarget] API level:        10
[gettarget] WARNING: No minSdkVersion value set. Application will install on all Android versions.
     [echo] ----------
     [echo] Creating output directories if needed...
    [mkdir] Created dir: /vagrant/subjects/tool_subjects/dynodroid/Photostream/bin
    [mkdir] Created dir: /vagrant/subjects/tool_subjects/dynodroid/Photostream/bin/res
    [mkdir] Created dir: /vagrant/subjects/tool_subjects/dynodroid/Photostream/bin/rsObj
    [mkdir] Created dir: /vagrant/subjects/tool_subjects/dynodroid/Photostream/bin/rsLibs
    [mkdir] Created dir: /vagrant/subjects/tool_subjects/dynodroid/Photostream/gen
    [mkdir] Created dir: /vagrant/subjects/tool_subjects/dynodroid/Photostream/bin/classes
    [mkdir] Created dir: /vagrant/subjects/tool_subjects/dynodroid/Photostream/bin/dexedLibs
     [echo] ----------
     [echo] Resolving Dependencies for Photostream...
[dependency] Library dependencies:
[dependency] No Libraries
[dependency] 
[dependency] ------------------
[dependency] API<=15: Adding annotations.jar to the classpath.
     [echo] ----------
     [echo] Building Libraries with 'instrument'...
   [subant] No sub-builds to iterate on

-code-gen:
[mergemanifest] Merging AndroidManifest files into one.
[mergemanifest] Manifest merger disabled. Using project manifest only.
     [echo] Handling aidl files...
     [aidl] No AIDL files to compile.
     [echo] ----------
     [echo] Handling RenderScript files...
     [echo] ----------
     [echo] Handling Resources...
     [aapt] Generating resource IDs...
     [echo] ----------
     [echo] Handling BuildConfig class...
[buildconfig] Generating BuildConfig class.

-pre-compile:

-compile:
    [javac] Compiling 20 source files to /vagrant/subjects/tool_subjects/dynodroid/Photostream/bin/classes
    [javac] Note: /vagrant/subjects/tool_subjects/dynodroid/Photostream/src/com/google/android/photostream/UserTask.java uses unchecked or unsafe operations.
    [javac] Note: Recompile with -Xlint:unchecked for details.
     [echo] Instrumenting classes from /vagrant/subjects/tool_subjects/dynodroid/Photostream/bin/classes...

-post-compile:

-obfuscate:

-dex:
      [dex] input: /vagrant/subjects/tool_subjects/dynodroid/Photostream/bin/classes
      [dex] input: /home/vagrant/android-sdk-linux/tools/support/annotations.jar
      [dex] input: /home/vagrant/android-sdk-linux/tools/lib/emma_device.jar
      [dex] Pre-Dexing /home/vagrant/android-sdk-linux/tools/support/annotations.jar -> annotations-5442badee1f6d6457826eac12c92c46e.jar
      [dex] Pre-Dexing /home/vagrant/android-sdk-linux/tools/lib/emma_device.jar -> emma_device-e790229f52a04d2b195df6976ccc31d7.jar
      [dex] Converting compiled files and external libraries into /vagrant/subjects/tool_subjects/dynodroid/Photostream/bin/classes.dex...
       [dx] Merged dex A (84 defs/125.0KiB) with dex B (2 defs/1.1KiB). Result is 86 defs/147.5KiB. Took 0.5s
       [dx] Merged dex A (86 defs/147.5KiB) with dex B (297 defs/326.8KiB). Result is 383 defs/574.0KiB. Took 0.6s

-crunch:
   [crunch] Crunching PNG Files in source dir: /vagrant/subjects/tool_subjects/dynodroid/Photostream/res
   [crunch] To destination dir: /vagrant/subjects/tool_subjects/dynodroid/Photostream/bin/res
   [crunch] Processing image to cache: /vagrant/subjects/tool_subjects/dynodroid/Photostream/res/drawable-land/not_found.png => /vagrant/subjects/tool_subjects/dynodroid/Photostream/bin/res/drawable-land/not_found.png
   [crunch]   (processed image to cache entry /vagrant/subjects/tool_subjects/dynodroid/Photostream/bin/res/drawable-land/not_found.png: 36% size of source)
   [crunch] Processing image to cache: /vagrant/subjects/tool_subjects/dynodroid/Photostream/res/drawable-port/not_found.png => /vagrant/subjects/tool_subjects/dynodroid/Photostream/bin/res/drawable-port/not_found.png
   [crunch]   (processed image to cache entry /vagrant/subjects/tool_subjects/dynodroid/Photostream/bin/res/drawable-port/not_found.png: 50% size of source)
   [crunch] Processing image to cache: /vagrant/subjects/tool_subjects/dynodroid/Photostream/res/drawable/application_icon.png => /vagrant/subjects/tool_subjects/dynodroid/Photostream/bin/res/drawable/application_icon.png
   [crunch]   (processed image to cache entry /vagrant/subjects/tool_subjects/dynodroid/Photostream/bin/res/drawable/application_icon.png: 0% size of source)
   [crunch] Processing image to cache: /vagrant/subjects/tool_subjects/dynodroid/Photostream/res/drawable/glow_white.png => /vagrant/subjects/tool_subjects/dynodroid/Photostream/bin/res/drawable/glow_white.png
   [crunch]   (processed image to cache entry /vagrant/subjects/tool_subjects/dynodroid/Photostream/bin/res/drawable/glow_white.png: 0% size of source)
   [crunch] Processing image to cache: /vagrant/subjects/tool_subjects/dynodroid/Photostream/res/drawable/glow_yellow.png => /vagrant/subjects/tool_subjects/dynodroid/Photostream/bin/res/drawable/glow_yellow.png
   [crunch]   (processed image to cache entry /vagrant/subjects/tool_subjects/dynodroid/Photostream/bin/res/drawable/glow_yellow.png: 0% size of source)
   [crunch] Processing image to cache: /vagrant/subjects/tool_subjects/dynodroid/Photostream/res/drawable/ic_menu_radar.png => /vagrant/subjects/tool_subjects/dynodroid/Photostream/bin/res/drawable/ic_menu_radar.png
   [crunch]   (processed image to cache entry /vagrant/subjects/tool_subjects/dynodroid/Photostream/bin/res/drawable/ic_menu_radar.png: 0% size of source)
   [crunch] Processing image to cache: /vagrant/subjects/tool_subjects/dynodroid/Photostream/res/drawable/not_found_small_1.png => /vagrant/subjects/tool_subjects/dynodroid/Photostream/bin/res/drawable/not_found_small_1.png
   [crunch]   (processed image to cache entry /vagrant/subjects/tool_subjects/dynodroid/Photostream/bin/res/drawable/not_found_small_1.png: 81% size of source)
   [crunch] Processing image to cache: /vagrant/subjects/tool_subjects/dynodroid/Photostream/res/drawable/not_found_small_2.png => /vagrant/subjects/tool_subjects/dynodroid/Photostream/bin/res/drawable/not_found_small_2.png
   [crunch]   (processed image to cache entry /vagrant/subjects/tool_subjects/dynodroid/Photostream/bin/res/drawable/not_found_small_2.png: 0% size of source)
   [crunch] Processing image to cache: /vagrant/subjects/tool_subjects/dynodroid/Photostream/res/drawable/stat_notify.png => /vagrant/subjects/tool_subjects/dynodroid/Photostream/bin/res/drawable/stat_notify.png
   [crunch]   (processed image to cache entry /vagrant/subjects/tool_subjects/dynodroid/Photostream/bin/res/drawable/stat_notify.png: 0% size of source)
   [crunch] Crunched 9 PNG files to update cache

-package-resources:
     [aapt] Creating full resource package...

-package:
[apkbuilder] Current build type is different than previous build: forced apkbuilder run.
[apkbuilder] Creating Photostream-debug-unaligned.apk and signing it with a debug key...

-post-package:

-do-debug:
 [zipalign] Running zip align on final apk...
     [echo] Debug Package: /vagrant/subjects/tool_subjects/dynodroid/Photostream/bin/Photostream-debug.apk
[propertyfile] Creating new property file: /vagrant/subjects/tool_subjects/dynodroid/Photostream/bin/build.prop
[propertyfile] Updating property file: /vagrant/subjects/tool_subjects/dynodroid/Photostream/bin/build.prop
[propertyfile] Updating property file: /vagrant/subjects/tool_subjects/dynodroid/Photostream/bin/build.prop
[propertyfile] Updating property file: /vagrant/subjects/tool_subjects/dynodroid/Photostream/bin/build.prop

-post-build:

debug:

BUILD SUCCESSFUL
Total time: 34 seconds
